[2022-03-14 13:09:58,735] {taskinstance.py:1037} INFO - Dependencies all met for <TaskInstance: glue_poc.upload_employee_raise_file_to_s3 scheduled__2022-03-13T00:00:00+00:00 [queued]>
[2022-03-14 13:09:58,771] {taskinstance.py:1037} INFO - Dependencies all met for <TaskInstance: glue_poc.upload_employee_raise_file_to_s3 scheduled__2022-03-13T00:00:00+00:00 [queued]>
[2022-03-14 13:09:58,772] {taskinstance.py:1243} INFO - 
--------------------------------------------------------------------------------
[2022-03-14 13:09:58,774] {taskinstance.py:1244} INFO - Starting attempt 2 of 2
[2022-03-14 13:09:58,777] {taskinstance.py:1245} INFO - 
--------------------------------------------------------------------------------
[2022-03-14 13:09:58,817] {taskinstance.py:1264} INFO - Executing <Task(PythonOperator): upload_employee_raise_file_to_s3> on 2022-03-13 00:00:00+00:00
[2022-03-14 13:09:58,836] {standard_task_runner.py:52} INFO - Started process 25144 to run task
[2022-03-14 13:09:58,851] {standard_task_runner.py:76} INFO - Running: ['***', 'tasks', 'run', 'glue_poc', 'upload_employee_raise_file_to_s3', 'scheduled__2022-03-13T00:00:00+00:00', '--job-id', '128', '--raw', '--subdir', 'DAGS_FOLDER/glue_poc.py', '--cfg-path', '/tmp/tmpbe_c5be_', '--error-file', '/tmp/tmp4u8321gx']
[2022-03-14 13:09:58,854] {standard_task_runner.py:77} INFO - Job 128: Subtask upload_employee_raise_file_to_s3
[2022-03-14 13:09:59,015] {logging_mixin.py:109} INFO - Running <TaskInstance: glue_poc.upload_employee_raise_file_to_s3 scheduled__2022-03-13T00:00:00+00:00 [running]> on host cdd2ec182991
[2022-03-14 13:09:59,187] {taskinstance.py:1431} INFO - Exporting the following env vars:
AIRFLOW_CTX_DAG_OWNER=***
AIRFLOW_CTX_DAG_ID=glue_poc
AIRFLOW_CTX_TASK_ID=upload_employee_raise_file_to_s3
AIRFLOW_CTX_EXECUTION_DATE=2022-03-13T00:00:00+00:00
AIRFLOW_CTX_DAG_RUN_ID=scheduled__2022-03-13T00:00:00+00:00
[2022-03-14 13:09:59,221] {base_aws.py:194} INFO - Credentials retrieved from extra_config
[2022-03-14 13:10:06,146] {python.py:175} INFO - Done. Returned value was: None
[2022-03-14 13:10:06,311] {taskinstance.py:1282} INFO - Marking task as SUCCESS. dag_id=glue_poc, task_id=upload_employee_raise_file_to_s3, execution_date=20220313T000000, start_date=20220314T130958, end_date=20220314T131006
[2022-03-14 13:10:06,804] {local_task_job.py:154} INFO - Task exited with return code 0
[2022-03-14 13:10:07,014] {local_task_job.py:264} INFO - 1 downstream tasks scheduled from follow-on schedule check
