[2022-03-14 20:40:55,135] {taskinstance.py:1037} INFO - Dependencies all met for <TaskInstance: glue_poc.upload_employee_raise_file_to_s3 scheduled__2022-03-13T00:00:00+00:00 [queued]>
[2022-03-14 20:40:55,164] {taskinstance.py:1037} INFO - Dependencies all met for <TaskInstance: glue_poc.upload_employee_raise_file_to_s3 scheduled__2022-03-13T00:00:00+00:00 [queued]>
[2022-03-14 20:40:55,165] {taskinstance.py:1243} INFO - 
--------------------------------------------------------------------------------
[2022-03-14 20:40:55,166] {taskinstance.py:1244} INFO - Starting attempt 3 of 3
[2022-03-14 20:40:55,167] {taskinstance.py:1245} INFO - 
--------------------------------------------------------------------------------
[2022-03-14 20:40:55,232] {taskinstance.py:1264} INFO - Executing <Task(PythonOperator): upload_employee_raise_file_to_s3> on 2022-03-13 00:00:00+00:00
[2022-03-14 20:40:55,243] {standard_task_runner.py:52} INFO - Started process 318 to run task
[2022-03-14 20:40:55,286] {standard_task_runner.py:76} INFO - Running: ['***', 'tasks', 'run', 'glue_poc', 'upload_employee_raise_file_to_s3', 'scheduled__2022-03-13T00:00:00+00:00', '--job-id', '139', '--raw', '--subdir', 'DAGS_FOLDER/glue_poc.py', '--cfg-path', '/tmp/tmp6b6l94bm', '--error-file', '/tmp/tmpo60aamjd']
[2022-03-14 20:40:55,288] {standard_task_runner.py:77} INFO - Job 139: Subtask upload_employee_raise_file_to_s3
[2022-03-14 20:40:55,535] {logging_mixin.py:109} INFO - Running <TaskInstance: glue_poc.upload_employee_raise_file_to_s3 scheduled__2022-03-13T00:00:00+00:00 [running]> on host cdd2ec182991
[2022-03-14 20:40:55,798] {taskinstance.py:1431} INFO - Exporting the following env vars:
AIRFLOW_CTX_DAG_OWNER=***
AIRFLOW_CTX_DAG_ID=glue_poc
AIRFLOW_CTX_TASK_ID=upload_employee_raise_file_to_s3
AIRFLOW_CTX_EXECUTION_DATE=2022-03-13T00:00:00+00:00
AIRFLOW_CTX_DAG_RUN_ID=scheduled__2022-03-13T00:00:00+00:00
[2022-03-14 20:40:55,819] {base_aws.py:194} INFO - Credentials retrieved from extra_config
[2022-03-14 20:41:02,852] {python.py:175} INFO - Done. Returned value was: None
[2022-03-14 20:41:02,883] {taskinstance.py:1282} INFO - Marking task as SUCCESS. dag_id=glue_poc, task_id=upload_employee_raise_file_to_s3, execution_date=20220313T000000, start_date=20220314T204055, end_date=20220314T204102
[2022-03-14 20:41:02,929] {local_task_job.py:154} INFO - Task exited with return code 0
[2022-03-14 20:41:02,980] {local_task_job.py:264} INFO - 0 downstream tasks scheduled from follow-on schedule check
