[2022-03-15 07:56:04,742] {taskinstance.py:1037} INFO - Dependencies all met for <TaskInstance: glue_poc.upload_employee_raise_file_to_s3 scheduled__2022-03-13T00:00:00+00:00 [queued]>
[2022-03-15 07:56:04,851] {taskinstance.py:1037} INFO - Dependencies all met for <TaskInstance: glue_poc.upload_employee_raise_file_to_s3 scheduled__2022-03-13T00:00:00+00:00 [queued]>
[2022-03-15 07:56:04,854] {taskinstance.py:1243} INFO - 
--------------------------------------------------------------------------------
[2022-03-15 07:56:04,856] {taskinstance.py:1244} INFO - Starting attempt 6 of 6
[2022-03-15 07:56:04,858] {taskinstance.py:1245} INFO - 
--------------------------------------------------------------------------------
[2022-03-15 07:56:04,932] {taskinstance.py:1264} INFO - Executing <Task(PythonOperator): upload_employee_raise_file_to_s3> on 2022-03-13 00:00:00+00:00
[2022-03-15 07:56:04,963] {standard_task_runner.py:52} INFO - Started process 12291 to run task
[2022-03-15 07:56:05,011] {standard_task_runner.py:76} INFO - Running: ['***', 'tasks', 'run', 'glue_poc', 'upload_employee_raise_file_to_s3', 'scheduled__2022-03-13T00:00:00+00:00', '--job-id', '156', '--raw', '--subdir', 'DAGS_FOLDER/glue_poc.py', '--cfg-path', '/tmp/tmpkl39afbb', '--error-file', '/tmp/tmpikjw6w3a']
[2022-03-15 07:56:05,023] {standard_task_runner.py:77} INFO - Job 156: Subtask upload_employee_raise_file_to_s3
[2022-03-15 07:56:05,496] {logging_mixin.py:109} INFO - Running <TaskInstance: glue_poc.upload_employee_raise_file_to_s3 scheduled__2022-03-13T00:00:00+00:00 [running]> on host cdd2ec182991
[2022-03-15 07:56:06,242] {taskinstance.py:1431} INFO - Exporting the following env vars:
AIRFLOW_CTX_DAG_OWNER=***
AIRFLOW_CTX_DAG_ID=glue_poc
AIRFLOW_CTX_TASK_ID=upload_employee_raise_file_to_s3
AIRFLOW_CTX_EXECUTION_DATE=2022-03-13T00:00:00+00:00
AIRFLOW_CTX_DAG_RUN_ID=scheduled__2022-03-13T00:00:00+00:00
[2022-03-15 07:56:06,331] {base_aws.py:194} INFO - Credentials retrieved from extra_config
[2022-03-15 07:56:14,600] {python.py:175} INFO - Done. Returned value was: None
[2022-03-15 07:56:15,040] {taskinstance.py:1282} INFO - Marking task as SUCCESS. dag_id=glue_poc, task_id=upload_employee_raise_file_to_s3, execution_date=20220313T000000, start_date=20220315T075604, end_date=20220315T075615
[2022-03-15 07:56:15,512] {local_task_job.py:154} INFO - Task exited with return code 0
[2022-03-15 07:56:15,712] {local_task_job.py:264} INFO - 0 downstream tasks scheduled from follow-on schedule check
