[2022-03-15 08:15:35,884] {taskinstance.py:1037} INFO - Dependencies all met for <TaskInstance: glue_poc.upload_employee_raise_file_to_s3 scheduled__2022-03-13T00:00:00+00:00 [queued]>
[2022-03-15 08:15:35,911] {taskinstance.py:1037} INFO - Dependencies all met for <TaskInstance: glue_poc.upload_employee_raise_file_to_s3 scheduled__2022-03-13T00:00:00+00:00 [queued]>
[2022-03-15 08:15:35,913] {taskinstance.py:1243} INFO - 
--------------------------------------------------------------------------------
[2022-03-15 08:15:35,914] {taskinstance.py:1244} INFO - Starting attempt 7 of 7
[2022-03-15 08:15:35,915] {taskinstance.py:1245} INFO - 
--------------------------------------------------------------------------------
[2022-03-15 08:15:35,942] {taskinstance.py:1264} INFO - Executing <Task(PythonOperator): upload_employee_raise_file_to_s3> on 2022-03-13 00:00:00+00:00
[2022-03-15 08:15:35,956] {standard_task_runner.py:52} INFO - Started process 379 to run task
[2022-03-15 08:15:35,970] {standard_task_runner.py:76} INFO - Running: ['***', 'tasks', 'run', 'glue_poc', 'upload_employee_raise_file_to_s3', 'scheduled__2022-03-13T00:00:00+00:00', '--job-id', '228', '--raw', '--subdir', 'DAGS_FOLDER/glue_poc.py', '--cfg-path', '/tmp/tmpem6m7awj', '--error-file', '/tmp/tmpaknugd2b']
[2022-03-15 08:15:35,975] {standard_task_runner.py:77} INFO - Job 228: Subtask upload_employee_raise_file_to_s3
[2022-03-15 08:15:36,215] {logging_mixin.py:109} INFO - Running <TaskInstance: glue_poc.upload_employee_raise_file_to_s3 scheduled__2022-03-13T00:00:00+00:00 [running]> on host d3c9803ba696
[2022-03-15 08:15:36,451] {taskinstance.py:1431} INFO - Exporting the following env vars:
AIRFLOW_CTX_DAG_OWNER=***
AIRFLOW_CTX_DAG_ID=glue_poc
AIRFLOW_CTX_TASK_ID=upload_employee_raise_file_to_s3
AIRFLOW_CTX_EXECUTION_DATE=2022-03-13T00:00:00+00:00
AIRFLOW_CTX_DAG_RUN_ID=scheduled__2022-03-13T00:00:00+00:00
[2022-03-15 08:15:36,486] {base_aws.py:194} INFO - Credentials retrieved from extra_config
[2022-03-15 08:15:43,532] {python.py:175} INFO - Done. Returned value was: None
[2022-03-15 08:15:43,583] {taskinstance.py:1282} INFO - Marking task as SUCCESS. dag_id=glue_poc, task_id=upload_employee_raise_file_to_s3, execution_date=20220313T000000, start_date=20220315T081535, end_date=20220315T081543
[2022-03-15 08:15:43,653] {local_task_job.py:154} INFO - Task exited with return code 0
[2022-03-15 08:15:43,721] {local_task_job.py:264} INFO - 0 downstream tasks scheduled from follow-on schedule check
