[2022-03-14 20:40:55,035] {taskinstance.py:1037} INFO - Dependencies all met for <TaskInstance: glue_poc.upload_employee_salary_file_to_s3 scheduled__2022-03-13T00:00:00+00:00 [queued]>
[2022-03-14 20:40:55,068] {taskinstance.py:1037} INFO - Dependencies all met for <TaskInstance: glue_poc.upload_employee_salary_file_to_s3 scheduled__2022-03-13T00:00:00+00:00 [queued]>
[2022-03-14 20:40:55,070] {taskinstance.py:1243} INFO - 
--------------------------------------------------------------------------------
[2022-03-14 20:40:55,071] {taskinstance.py:1244} INFO - Starting attempt 3 of 3
[2022-03-14 20:40:55,072] {taskinstance.py:1245} INFO - 
--------------------------------------------------------------------------------
[2022-03-14 20:40:55,125] {taskinstance.py:1264} INFO - Executing <Task(PythonOperator): upload_employee_salary_file_to_s3> on 2022-03-13 00:00:00+00:00
[2022-03-14 20:40:55,137] {standard_task_runner.py:52} INFO - Started process 311 to run task
[2022-03-14 20:40:55,173] {standard_task_runner.py:76} INFO - Running: ['***', 'tasks', 'run', 'glue_poc', 'upload_employee_salary_file_to_s3', 'scheduled__2022-03-13T00:00:00+00:00', '--job-id', '140', '--raw', '--subdir', 'DAGS_FOLDER/glue_poc.py', '--cfg-path', '/tmp/tmp4pjjaz32', '--error-file', '/tmp/tmppu6wwonf']
[2022-03-14 20:40:55,175] {standard_task_runner.py:77} INFO - Job 140: Subtask upload_employee_salary_file_to_s3
[2022-03-14 20:40:55,431] {logging_mixin.py:109} INFO - Running <TaskInstance: glue_poc.upload_employee_salary_file_to_s3 scheduled__2022-03-13T00:00:00+00:00 [running]> on host cdd2ec182991
[2022-03-14 20:40:55,662] {taskinstance.py:1431} INFO - Exporting the following env vars:
AIRFLOW_CTX_DAG_OWNER=***
AIRFLOW_CTX_DAG_ID=glue_poc
AIRFLOW_CTX_TASK_ID=upload_employee_salary_file_to_s3
AIRFLOW_CTX_EXECUTION_DATE=2022-03-13T00:00:00+00:00
AIRFLOW_CTX_DAG_RUN_ID=scheduled__2022-03-13T00:00:00+00:00
[2022-03-14 20:40:55,675] {base_aws.py:194} INFO - Credentials retrieved from extra_config
[2022-03-14 20:41:02,847] {python.py:175} INFO - Done. Returned value was: None
[2022-03-14 20:41:02,867] {taskinstance.py:1282} INFO - Marking task as SUCCESS. dag_id=glue_poc, task_id=upload_employee_salary_file_to_s3, execution_date=20220313T000000, start_date=20220314T204055, end_date=20220314T204102
[2022-03-14 20:41:02,929] {local_task_job.py:154} INFO - Task exited with return code 0
[2022-03-14 20:41:02,967] {local_task_job.py:264} INFO - 1 downstream tasks scheduled from follow-on schedule check
