[2022-03-15 08:15:35,960] {taskinstance.py:1037} INFO - Dependencies all met for <TaskInstance: glue_poc.upload_employee_salary_file_to_s3 scheduled__2022-03-13T00:00:00+00:00 [queued]>
[2022-03-15 08:15:35,999] {taskinstance.py:1037} INFO - Dependencies all met for <TaskInstance: glue_poc.upload_employee_salary_file_to_s3 scheduled__2022-03-13T00:00:00+00:00 [queued]>
[2022-03-15 08:15:36,005] {taskinstance.py:1243} INFO - 
--------------------------------------------------------------------------------
[2022-03-15 08:15:36,009] {taskinstance.py:1244} INFO - Starting attempt 7 of 7
[2022-03-15 08:15:36,015] {taskinstance.py:1245} INFO - 
--------------------------------------------------------------------------------
[2022-03-15 08:15:36,053] {taskinstance.py:1264} INFO - Executing <Task(PythonOperator): upload_employee_salary_file_to_s3> on 2022-03-13 00:00:00+00:00
[2022-03-15 08:15:36,065] {standard_task_runner.py:52} INFO - Started process 380 to run task
[2022-03-15 08:15:36,081] {standard_task_runner.py:76} INFO - Running: ['***', 'tasks', 'run', 'glue_poc', 'upload_employee_salary_file_to_s3', 'scheduled__2022-03-13T00:00:00+00:00', '--job-id', '229', '--raw', '--subdir', 'DAGS_FOLDER/glue_poc.py', '--cfg-path', '/tmp/tmpekun57c7', '--error-file', '/tmp/tmp0wt1l_zj']
[2022-03-15 08:15:36,084] {standard_task_runner.py:77} INFO - Job 229: Subtask upload_employee_salary_file_to_s3
[2022-03-15 08:15:36,364] {logging_mixin.py:109} INFO - Running <TaskInstance: glue_poc.upload_employee_salary_file_to_s3 scheduled__2022-03-13T00:00:00+00:00 [running]> on host d3c9803ba696
[2022-03-15 08:15:36,544] {taskinstance.py:1431} INFO - Exporting the following env vars:
AIRFLOW_CTX_DAG_OWNER=***
AIRFLOW_CTX_DAG_ID=glue_poc
AIRFLOW_CTX_TASK_ID=upload_employee_salary_file_to_s3
AIRFLOW_CTX_EXECUTION_DATE=2022-03-13T00:00:00+00:00
AIRFLOW_CTX_DAG_RUN_ID=scheduled__2022-03-13T00:00:00+00:00
[2022-03-15 08:15:36,594] {base_aws.py:194} INFO - Credentials retrieved from extra_config
[2022-03-15 08:15:43,524] {python.py:175} INFO - Done. Returned value was: None
[2022-03-15 08:15:43,554] {taskinstance.py:1282} INFO - Marking task as SUCCESS. dag_id=glue_poc, task_id=upload_employee_salary_file_to_s3, execution_date=20220313T000000, start_date=20220315T081535, end_date=20220315T081543
[2022-03-15 08:15:43,613] {local_task_job.py:154} INFO - Task exited with return code 0
[2022-03-15 08:15:43,678] {local_task_job.py:264} INFO - 1 downstream tasks scheduled from follow-on schedule check
