[2022-03-15 10:32:29,611] {taskinstance.py:1037} INFO - Dependencies all met for <TaskInstance: glue_poc.upload_employee_salary_file_to_s3 scheduled__2022-03-13T00:00:00+00:00 [queued]>
[2022-03-15 10:32:29,631] {taskinstance.py:1037} INFO - Dependencies all met for <TaskInstance: glue_poc.upload_employee_salary_file_to_s3 scheduled__2022-03-13T00:00:00+00:00 [queued]>
[2022-03-15 10:32:29,632] {taskinstance.py:1243} INFO - 
--------------------------------------------------------------------------------
[2022-03-15 10:32:29,633] {taskinstance.py:1244} INFO - Starting attempt 8 of 8
[2022-03-15 10:32:29,634] {taskinstance.py:1245} INFO - 
--------------------------------------------------------------------------------
[2022-03-15 10:32:29,646] {taskinstance.py:1264} INFO - Executing <Task(PythonOperator): upload_employee_salary_file_to_s3> on 2022-03-13 00:00:00+00:00
[2022-03-15 10:32:29,652] {standard_task_runner.py:52} INFO - Started process 9489 to run task
[2022-03-15 10:32:29,657] {standard_task_runner.py:76} INFO - Running: ['***', 'tasks', 'run', 'glue_poc', 'upload_employee_salary_file_to_s3', 'scheduled__2022-03-13T00:00:00+00:00', '--job-id', '269', '--raw', '--subdir', 'DAGS_FOLDER/glue_poc.py', '--cfg-path', '/tmp/tmp4si77a7g', '--error-file', '/tmp/tmp8dcs1kys']
[2022-03-15 10:32:29,658] {standard_task_runner.py:77} INFO - Job 269: Subtask upload_employee_salary_file_to_s3
[2022-03-15 10:32:29,728] {logging_mixin.py:109} INFO - Running <TaskInstance: glue_poc.upload_employee_salary_file_to_s3 scheduled__2022-03-13T00:00:00+00:00 [running]> on host 26f80f9099ae
[2022-03-15 10:32:29,799] {taskinstance.py:1431} INFO - Exporting the following env vars:
AIRFLOW_CTX_DAG_OWNER=***
AIRFLOW_CTX_DAG_ID=glue_poc
AIRFLOW_CTX_TASK_ID=upload_employee_salary_file_to_s3
AIRFLOW_CTX_EXECUTION_DATE=2022-03-13T00:00:00+00:00
AIRFLOW_CTX_DAG_RUN_ID=scheduled__2022-03-13T00:00:00+00:00
[2022-03-15 10:32:29,813] {base_aws.py:194} INFO - Credentials retrieved from extra_config
[2022-03-15 10:32:36,417] {python.py:175} INFO - Done. Returned value was: None
[2022-03-15 10:32:36,436] {taskinstance.py:1282} INFO - Marking task as SUCCESS. dag_id=glue_poc, task_id=upload_employee_salary_file_to_s3, execution_date=20220313T000000, start_date=20220315T103229, end_date=20220315T103236
[2022-03-15 10:32:36,503] {local_task_job.py:154} INFO - Task exited with return code 0
[2022-03-15 10:32:36,544] {local_task_job.py:264} INFO - 1 downstream tasks scheduled from follow-on schedule check
