[2022-03-15 14:00:03,320] {taskinstance.py:1037} INFO - Dependencies all met for <TaskInstance: glue_poc.glue_job scheduled__2022-03-13T00:00:00+00:00 [queued]>
[2022-03-15 14:00:03,332] {taskinstance.py:1037} INFO - Dependencies all met for <TaskInstance: glue_poc.glue_job scheduled__2022-03-13T00:00:00+00:00 [queued]>
[2022-03-15 14:00:03,333] {taskinstance.py:1243} INFO - 
--------------------------------------------------------------------------------
[2022-03-15 14:00:03,334] {taskinstance.py:1244} INFO - Starting attempt 29 of 29
[2022-03-15 14:00:03,334] {taskinstance.py:1245} INFO - 
--------------------------------------------------------------------------------
[2022-03-15 14:00:03,351] {taskinstance.py:1264} INFO - Executing <Task(GlueJobOperator): glue_job> on 2022-03-13 00:00:00+00:00
[2022-03-15 14:00:03,361] {standard_task_runner.py:52} INFO - Started process 26319 to run task
[2022-03-15 14:00:03,365] {standard_task_runner.py:76} INFO - Running: ['***', 'tasks', 'run', 'glue_poc', 'glue_job', 'scheduled__2022-03-13T00:00:00+00:00', '--job-id', '282', '--raw', '--subdir', 'DAGS_FOLDER/glue_poc.py', '--cfg-path', '/tmp/tmpkdtgb_re', '--error-file', '/tmp/tmpi40f_pmb']
[2022-03-15 14:00:03,367] {standard_task_runner.py:77} INFO - Job 282: Subtask glue_job
[2022-03-15 14:00:03,428] {logging_mixin.py:109} INFO - Running <TaskInstance: glue_poc.glue_job scheduled__2022-03-13T00:00:00+00:00 [running]> on host 26f80f9099ae
[2022-03-15 14:00:03,505] {taskinstance.py:1431} INFO - Exporting the following env vars:
AIRFLOW_CTX_DAG_OWNER=***
AIRFLOW_CTX_DAG_ID=glue_poc
AIRFLOW_CTX_TASK_ID=glue_job
AIRFLOW_CTX_EXECUTION_DATE=2022-03-13T00:00:00+00:00
AIRFLOW_CTX_DAG_RUN_ID=scheduled__2022-03-13T00:00:00+00:00
[2022-03-15 14:00:03,507] {glue.py:128} INFO - Initializing AWS Glue Job: glue_***_poc. Wait for completion: True
[2022-03-15 14:00:03,523] {base_aws.py:194} INFO - Credentials retrieved from extra_config
[2022-03-15 14:00:03,963] {glue.py:179} INFO - Job doesn't exist. Now creating and running AWS Glue Job
[2022-03-15 14:00:03,973] {base_aws.py:194} INFO - Credentials retrieved from extra_config
[2022-03-15 14:00:04,975] {glue.py:99} INFO - Iam Role Name: AWSGlueServiceRolePOC
[2022-03-15 14:00:05,334] {glue.py:163} INFO - Polling for AWS Glue Job glue_***_poc current run state with status RUNNING
[2022-03-15 14:00:11,426] {glue.py:163} INFO - Polling for AWS Glue Job glue_***_poc current run state with status RUNNING
[2022-03-15 14:00:17,506] {glue.py:163} INFO - Polling for AWS Glue Job glue_***_poc current run state with status RUNNING
[2022-03-15 14:00:23,585] {glue.py:163} INFO - Polling for AWS Glue Job glue_***_poc current run state with status RUNNING
[2022-03-15 14:00:29,651] {glue.py:163} INFO - Polling for AWS Glue Job glue_***_poc current run state with status RUNNING
[2022-03-15 14:00:35,765] {glue.py:163} INFO - Polling for AWS Glue Job glue_***_poc current run state with status RUNNING
[2022-03-15 14:00:41,840] {glue.py:163} INFO - Polling for AWS Glue Job glue_***_poc current run state with status RUNNING
[2022-03-15 14:00:48,112] {glue.py:163} INFO - Polling for AWS Glue Job glue_***_poc current run state with status RUNNING
[2022-03-15 14:00:54,230] {glue.py:163} INFO - Polling for AWS Glue Job glue_***_poc current run state with status RUNNING
[2022-03-15 14:01:00,302] {glue.py:163} INFO - Polling for AWS Glue Job glue_***_poc current run state with status RUNNING
[2022-03-15 14:01:06,382] {glue.py:163} INFO - Polling for AWS Glue Job glue_***_poc current run state with status RUNNING
[2022-03-15 14:01:12,468] {glue.py:163} INFO - Polling for AWS Glue Job glue_***_poc current run state with status RUNNING
[2022-03-15 14:01:18,564] {glue.py:163} INFO - Polling for AWS Glue Job glue_***_poc current run state with status RUNNING
[2022-03-15 14:01:24,632] {glue.py:163} INFO - Polling for AWS Glue Job glue_***_poc current run state with status RUNNING
[2022-03-15 14:01:30,749] {glue.py:163} INFO - Polling for AWS Glue Job glue_***_poc current run state with status RUNNING
[2022-03-15 14:01:37,097] {glue.py:163} INFO - Polling for AWS Glue Job glue_***_poc current run state with status RUNNING
[2022-03-15 14:01:43,200] {glue.py:163} INFO - Polling for AWS Glue Job glue_***_poc current run state with status RUNNING
[2022-03-15 14:01:49,320] {glue.py:163} INFO - Polling for AWS Glue Job glue_***_poc current run state with status RUNNING
[2022-03-15 14:01:55,377] {glue.py:163} INFO - Polling for AWS Glue Job glue_***_poc current run state with status RUNNING
[2022-03-15 14:02:01,477] {glue.py:155} INFO - Exiting Job jr_6143148ddea56c20c731467f333204ee9d85fb5fc519e44b66de69b5229d12ad Run State: SUCCEEDED
[2022-03-15 14:02:01,484] {glue.py:137} INFO - AWS Glue Job: glue_***_poc status: SUCCEEDED. Run Id: jr_6143148ddea56c20c731467f333204ee9d85fb5fc519e44b66de69b5229d12ad
[2022-03-15 14:02:01,513] {taskinstance.py:1282} INFO - Marking task as SUCCESS. dag_id=glue_poc, task_id=glue_job, execution_date=20220313T000000, start_date=20220315T140003, end_date=20220315T140201
[2022-03-15 14:02:01,572] {local_task_job.py:154} INFO - Task exited with return code 0
[2022-03-15 14:02:01,605] {local_task_job.py:264} INFO - 0 downstream tasks scheduled from follow-on schedule check
