[2022-03-15 14:05:24,634] {taskinstance.py:1037} INFO - Dependencies all met for <TaskInstance: glue_poc.glue_job scheduled__2022-03-13T00:00:00+00:00 [queued]>
[2022-03-15 14:05:24,645] {taskinstance.py:1037} INFO - Dependencies all met for <TaskInstance: glue_poc.glue_job scheduled__2022-03-13T00:00:00+00:00 [queued]>
[2022-03-15 14:05:24,653] {taskinstance.py:1243} INFO - 
--------------------------------------------------------------------------------
[2022-03-15 14:05:24,657] {taskinstance.py:1244} INFO - Starting attempt 30 of 30
[2022-03-15 14:05:24,658] {taskinstance.py:1245} INFO - 
--------------------------------------------------------------------------------
[2022-03-15 14:05:24,672] {taskinstance.py:1264} INFO - Executing <Task(GlueJobOperator): glue_job> on 2022-03-13 00:00:00+00:00
[2022-03-15 14:05:24,678] {standard_task_runner.py:52} INFO - Started process 26756 to run task
[2022-03-15 14:05:24,683] {standard_task_runner.py:76} INFO - Running: ['***', 'tasks', 'run', 'glue_poc', 'glue_job', 'scheduled__2022-03-13T00:00:00+00:00', '--job-id', '283', '--raw', '--subdir', 'DAGS_FOLDER/glue_poc.py', '--cfg-path', '/tmp/tmpncm1t9it', '--error-file', '/tmp/tmpo774t4d1']
[2022-03-15 14:05:24,685] {standard_task_runner.py:77} INFO - Job 283: Subtask glue_job
[2022-03-15 14:05:24,745] {logging_mixin.py:109} INFO - Running <TaskInstance: glue_poc.glue_job scheduled__2022-03-13T00:00:00+00:00 [running]> on host 26f80f9099ae
[2022-03-15 14:05:24,805] {taskinstance.py:1431} INFO - Exporting the following env vars:
AIRFLOW_CTX_DAG_OWNER=***
AIRFLOW_CTX_DAG_ID=glue_poc
AIRFLOW_CTX_TASK_ID=glue_job
AIRFLOW_CTX_EXECUTION_DATE=2022-03-13T00:00:00+00:00
AIRFLOW_CTX_DAG_RUN_ID=scheduled__2022-03-13T00:00:00+00:00
[2022-03-15 14:05:24,806] {glue.py:128} INFO - Initializing AWS Glue Job: glue_***_poc. Wait for completion: True
[2022-03-15 14:05:24,817] {base_aws.py:194} INFO - Credentials retrieved from extra_config
[2022-03-15 14:05:25,249] {glue.py:179} INFO - Job doesn't exist. Now creating and running AWS Glue Job
[2022-03-15 14:05:25,260] {base_aws.py:194} INFO - Credentials retrieved from extra_config
[2022-03-15 14:05:26,825] {glue.py:99} INFO - Iam Role Name: AWSGlueServiceRolePOC
[2022-03-15 14:05:27,151] {glue.py:163} INFO - Polling for AWS Glue Job glue_***_poc current run state with status RUNNING
[2022-03-15 14:05:33,256] {glue.py:163} INFO - Polling for AWS Glue Job glue_***_poc current run state with status RUNNING
[2022-03-15 14:05:39,362] {glue.py:163} INFO - Polling for AWS Glue Job glue_***_poc current run state with status RUNNING
[2022-03-15 14:05:45,481] {glue.py:163} INFO - Polling for AWS Glue Job glue_***_poc current run state with status RUNNING
[2022-03-15 14:05:51,592] {glue.py:163} INFO - Polling for AWS Glue Job glue_***_poc current run state with status RUNNING
[2022-03-15 14:05:57,692] {glue.py:163} INFO - Polling for AWS Glue Job glue_***_poc current run state with status RUNNING
[2022-03-15 14:06:03,815] {glue.py:163} INFO - Polling for AWS Glue Job glue_***_poc current run state with status RUNNING
[2022-03-15 14:06:09,917] {glue.py:163} INFO - Polling for AWS Glue Job glue_***_poc current run state with status RUNNING
[2022-03-15 14:06:16,014] {glue.py:163} INFO - Polling for AWS Glue Job glue_***_poc current run state with status RUNNING
[2022-03-15 14:06:22,116] {glue.py:163} INFO - Polling for AWS Glue Job glue_***_poc current run state with status RUNNING
[2022-03-15 14:06:28,273] {glue.py:163} INFO - Polling for AWS Glue Job glue_***_poc current run state with status RUNNING
[2022-03-15 14:06:34,382] {glue.py:163} INFO - Polling for AWS Glue Job glue_***_poc current run state with status RUNNING
[2022-03-15 14:06:40,524] {glue.py:163} INFO - Polling for AWS Glue Job glue_***_poc current run state with status RUNNING
[2022-03-15 14:06:46,623] {glue.py:163} INFO - Polling for AWS Glue Job glue_***_poc current run state with status RUNNING
[2022-03-15 14:06:52,721] {glue.py:163} INFO - Polling for AWS Glue Job glue_***_poc current run state with status RUNNING
[2022-03-15 14:06:58,814] {glue.py:163} INFO - Polling for AWS Glue Job glue_***_poc current run state with status RUNNING
[2022-03-15 14:07:04,917] {glue.py:163} INFO - Polling for AWS Glue Job glue_***_poc current run state with status RUNNING
[2022-03-15 14:07:11,014] {glue.py:163} INFO - Polling for AWS Glue Job glue_***_poc current run state with status RUNNING
[2022-03-15 14:07:17,128] {glue.py:163} INFO - Polling for AWS Glue Job glue_***_poc current run state with status RUNNING
[2022-03-15 14:07:23,226] {glue.py:163} INFO - Polling for AWS Glue Job glue_***_poc current run state with status RUNNING
[2022-03-15 14:07:29,309] {glue.py:163} INFO - Polling for AWS Glue Job glue_***_poc current run state with status RUNNING
[2022-03-15 14:07:35,433] {glue.py:163} INFO - Polling for AWS Glue Job glue_***_poc current run state with status RUNNING
[2022-03-15 14:07:41,519] {glue.py:163} INFO - Polling for AWS Glue Job glue_***_poc current run state with status RUNNING
[2022-03-15 14:07:47,627] {glue.py:163} INFO - Polling for AWS Glue Job glue_***_poc current run state with status RUNNING
[2022-03-15 14:07:53,731] {glue.py:163} INFO - Polling for AWS Glue Job glue_***_poc current run state with status RUNNING
[2022-03-15 14:07:59,973] {glue.py:163} INFO - Polling for AWS Glue Job glue_***_poc current run state with status RUNNING
[2022-03-15 14:08:06,079] {glue.py:163} INFO - Polling for AWS Glue Job glue_***_poc current run state with status RUNNING
[2022-03-15 14:08:12,195] {glue.py:163} INFO - Polling for AWS Glue Job glue_***_poc current run state with status RUNNING
[2022-03-15 14:08:18,313] {glue.py:163} INFO - Polling for AWS Glue Job glue_***_poc current run state with status RUNNING
[2022-03-15 14:08:24,422] {glue.py:163} INFO - Polling for AWS Glue Job glue_***_poc current run state with status RUNNING
[2022-03-15 14:08:30,487] {glue.py:163} INFO - Polling for AWS Glue Job glue_***_poc current run state with status RUNNING
[2022-03-15 14:08:36,563] {glue.py:163} INFO - Polling for AWS Glue Job glue_***_poc current run state with status RUNNING
[2022-03-15 14:08:42,679] {glue.py:163} INFO - Polling for AWS Glue Job glue_***_poc current run state with status RUNNING
[2022-03-15 14:08:48,764] {glue.py:163} INFO - Polling for AWS Glue Job glue_***_poc current run state with status RUNNING
[2022-03-15 14:08:54,845] {glue.py:163} INFO - Polling for AWS Glue Job glue_***_poc current run state with status RUNNING
[2022-03-15 14:09:00,930] {glue.py:163} INFO - Polling for AWS Glue Job glue_***_poc current run state with status RUNNING
[2022-03-15 14:09:07,026] {glue.py:163} INFO - Polling for AWS Glue Job glue_***_poc current run state with status RUNNING
[2022-03-15 14:09:13,131] {glue.py:163} INFO - Polling for AWS Glue Job glue_***_poc current run state with status RUNNING
[2022-03-15 14:09:19,235] {glue.py:163} INFO - Polling for AWS Glue Job glue_***_poc current run state with status RUNNING
[2022-03-15 14:09:25,306] {glue.py:163} INFO - Polling for AWS Glue Job glue_***_poc current run state with status RUNNING
[2022-03-15 14:09:31,409] {glue.py:163} INFO - Polling for AWS Glue Job glue_***_poc current run state with status RUNNING
[2022-03-15 14:09:37,507] {glue.py:163} INFO - Polling for AWS Glue Job glue_***_poc current run state with status RUNNING
[2022-03-15 14:09:43,606] {glue.py:163} INFO - Polling for AWS Glue Job glue_***_poc current run state with status RUNNING
[2022-03-15 14:09:49,694] {glue.py:163} INFO - Polling for AWS Glue Job glue_***_poc current run state with status RUNNING
[2022-03-15 14:09:55,817] {glue.py:163} INFO - Polling for AWS Glue Job glue_***_poc current run state with status RUNNING
[2022-03-15 14:10:01,935] {glue.py:163} INFO - Polling for AWS Glue Job glue_***_poc current run state with status RUNNING
[2022-03-15 14:10:08,038] {glue.py:163} INFO - Polling for AWS Glue Job glue_***_poc current run state with status RUNNING
[2022-03-15 14:10:14,161] {glue.py:163} INFO - Polling for AWS Glue Job glue_***_poc current run state with status RUNNING
[2022-03-15 14:10:20,276] {glue.py:163} INFO - Polling for AWS Glue Job glue_***_poc current run state with status RUNNING
[2022-03-15 14:10:26,368] {glue.py:163} INFO - Polling for AWS Glue Job glue_***_poc current run state with status RUNNING
[2022-03-15 14:10:32,488] {glue.py:163} INFO - Polling for AWS Glue Job glue_***_poc current run state with status RUNNING
[2022-03-15 14:10:38,585] {glue.py:163} INFO - Polling for AWS Glue Job glue_***_poc current run state with status RUNNING
[2022-03-15 14:10:44,700] {glue.py:163} INFO - Polling for AWS Glue Job glue_***_poc current run state with status RUNNING
[2022-03-15 14:10:51,034] {glue.py:163} INFO - Polling for AWS Glue Job glue_***_poc current run state with status RUNNING
[2022-03-15 14:10:57,133] {glue.py:163} INFO - Polling for AWS Glue Job glue_***_poc current run state with status RUNNING
[2022-03-15 14:11:03,258] {glue.py:163} INFO - Polling for AWS Glue Job glue_***_poc current run state with status RUNNING
[2022-03-15 14:11:09,345] {glue.py:163} INFO - Polling for AWS Glue Job glue_***_poc current run state with status RUNNING
[2022-03-15 14:11:15,437] {glue.py:163} INFO - Polling for AWS Glue Job glue_***_poc current run state with status RUNNING
[2022-03-15 14:11:21,535] {glue.py:163} INFO - Polling for AWS Glue Job glue_***_poc current run state with status RUNNING
[2022-03-15 14:11:27,632] {glue.py:163} INFO - Polling for AWS Glue Job glue_***_poc current run state with status RUNNING
[2022-03-15 14:11:33,724] {glue.py:163} INFO - Polling for AWS Glue Job glue_***_poc current run state with status RUNNING
[2022-03-15 14:11:39,833] {glue.py:163} INFO - Polling for AWS Glue Job glue_***_poc current run state with status RUNNING
[2022-03-15 14:11:45,929] {glue.py:163} INFO - Polling for AWS Glue Job glue_***_poc current run state with status RUNNING
[2022-03-15 14:11:52,044] {glue.py:163} INFO - Polling for AWS Glue Job glue_***_poc current run state with status RUNNING
[2022-03-15 14:11:58,119] {glue.py:163} INFO - Polling for AWS Glue Job glue_***_poc current run state with status RUNNING
[2022-03-15 14:12:04,245] {glue.py:163} INFO - Polling for AWS Glue Job glue_***_poc current run state with status RUNNING
[2022-03-15 14:12:10,356] {glue.py:163} INFO - Polling for AWS Glue Job glue_***_poc current run state with status RUNNING
[2022-03-15 14:12:16,549] {glue.py:163} INFO - Polling for AWS Glue Job glue_***_poc current run state with status RUNNING
[2022-03-15 14:12:22,655] {glue.py:163} INFO - Polling for AWS Glue Job glue_***_poc current run state with status RUNNING
[2022-03-15 14:12:28,749] {glue.py:163} INFO - Polling for AWS Glue Job glue_***_poc current run state with status RUNNING
[2022-03-15 14:12:34,854] {glue.py:163} INFO - Polling for AWS Glue Job glue_***_poc current run state with status RUNNING
[2022-03-15 14:12:40,950] {glue.py:163} INFO - Polling for AWS Glue Job glue_***_poc current run state with status RUNNING
[2022-03-15 14:12:47,043] {glue.py:163} INFO - Polling for AWS Glue Job glue_***_poc current run state with status RUNNING
[2022-03-15 14:12:53,182] {glue.py:163} INFO - Polling for AWS Glue Job glue_***_poc current run state with status RUNNING
[2022-03-15 14:12:59,266] {glue.py:163} INFO - Polling for AWS Glue Job glue_***_poc current run state with status RUNNING
[2022-03-15 14:13:05,373] {glue.py:163} INFO - Polling for AWS Glue Job glue_***_poc current run state with status RUNNING
[2022-03-15 14:13:11,471] {glue.py:163} INFO - Polling for AWS Glue Job glue_***_poc current run state with status RUNNING
[2022-03-15 14:13:17,568] {glue.py:163} INFO - Polling for AWS Glue Job glue_***_poc current run state with status RUNNING
[2022-03-15 14:13:23,665] {glue.py:163} INFO - Polling for AWS Glue Job glue_***_poc current run state with status RUNNING
[2022-03-15 14:13:29,741] {glue.py:163} INFO - Polling for AWS Glue Job glue_***_poc current run state with status RUNNING
[2022-03-15 14:13:35,834] {glue.py:163} INFO - Polling for AWS Glue Job glue_***_poc current run state with status RUNNING
[2022-03-15 14:13:41,935] {glue.py:163} INFO - Polling for AWS Glue Job glue_***_poc current run state with status RUNNING
[2022-03-15 14:13:48,048] {glue.py:163} INFO - Polling for AWS Glue Job glue_***_poc current run state with status RUNNING
[2022-03-15 14:13:54,140] {glue.py:163} INFO - Polling for AWS Glue Job glue_***_poc current run state with status RUNNING
[2022-03-15 14:14:00,228] {glue.py:163} INFO - Polling for AWS Glue Job glue_***_poc current run state with status RUNNING
[2022-03-15 14:14:06,431] {glue.py:163} INFO - Polling for AWS Glue Job glue_***_poc current run state with status RUNNING
[2022-03-15 14:14:12,540] {glue.py:163} INFO - Polling for AWS Glue Job glue_***_poc current run state with status RUNNING
[2022-03-15 14:14:18,669] {glue.py:163} INFO - Polling for AWS Glue Job glue_***_poc current run state with status RUNNING
[2022-03-15 14:14:24,736] {glue.py:163} INFO - Polling for AWS Glue Job glue_***_poc current run state with status RUNNING
[2022-03-15 14:14:30,839] {glue.py:163} INFO - Polling for AWS Glue Job glue_***_poc current run state with status RUNNING
[2022-03-15 14:14:37,048] {glue.py:163} INFO - Polling for AWS Glue Job glue_***_poc current run state with status RUNNING
[2022-03-15 14:14:43,180] {glue.py:163} INFO - Polling for AWS Glue Job glue_***_poc current run state with status RUNNING
[2022-03-15 14:14:49,286] {glue.py:163} INFO - Polling for AWS Glue Job glue_***_poc current run state with status RUNNING
[2022-03-15 14:14:55,471] {glue.py:163} INFO - Polling for AWS Glue Job glue_***_poc current run state with status RUNNING
[2022-03-15 14:15:01,574] {glue.py:163} INFO - Polling for AWS Glue Job glue_***_poc current run state with status RUNNING
[2022-03-15 14:15:07,662] {glue.py:163} INFO - Polling for AWS Glue Job glue_***_poc current run state with status RUNNING
[2022-03-15 14:15:13,768] {glue.py:163} INFO - Polling for AWS Glue Job glue_***_poc current run state with status RUNNING
[2022-03-15 14:15:19,882] {glue.py:163} INFO - Polling for AWS Glue Job glue_***_poc current run state with status RUNNING
[2022-03-15 14:15:25,953] {glue.py:163} INFO - Polling for AWS Glue Job glue_***_poc current run state with status RUNNING
[2022-03-15 14:15:32,053] {glue.py:163} INFO - Polling for AWS Glue Job glue_***_poc current run state with status RUNNING
[2022-03-15 14:15:38,151] {glue.py:163} INFO - Polling for AWS Glue Job glue_***_poc current run state with status RUNNING
[2022-03-15 14:15:44,256] {glue.py:163} INFO - Polling for AWS Glue Job glue_***_poc current run state with status RUNNING
[2022-03-15 14:15:50,355] {glue.py:163} INFO - Polling for AWS Glue Job glue_***_poc current run state with status RUNNING
[2022-03-15 14:15:56,444] {glue.py:163} INFO - Polling for AWS Glue Job glue_***_poc current run state with status RUNNING
[2022-03-15 14:16:02,546] {glue.py:163} INFO - Polling for AWS Glue Job glue_***_poc current run state with status RUNNING
[2022-03-15 14:16:08,659] {glue.py:163} INFO - Polling for AWS Glue Job glue_***_poc current run state with status RUNNING
[2022-03-15 14:16:14,768] {glue.py:163} INFO - Polling for AWS Glue Job glue_***_poc current run state with status RUNNING
[2022-03-15 14:16:20,864] {glue.py:163} INFO - Polling for AWS Glue Job glue_***_poc current run state with status RUNNING
[2022-03-15 14:16:26,937] {glue.py:163} INFO - Polling for AWS Glue Job glue_***_poc current run state with status RUNNING
[2022-03-15 14:16:33,060] {glue.py:163} INFO - Polling for AWS Glue Job glue_***_poc current run state with status RUNNING
[2022-03-15 14:16:39,995] {glue.py:163} INFO - Polling for AWS Glue Job glue_***_poc current run state with status RUNNING
[2022-03-15 14:16:46,104] {glue.py:163} INFO - Polling for AWS Glue Job glue_***_poc current run state with status RUNNING
[2022-03-15 14:16:52,204] {glue.py:163} INFO - Polling for AWS Glue Job glue_***_poc current run state with status RUNNING
[2022-03-15 14:16:58,286] {glue.py:159} INFO - Exiting Job jr_7ece68d4f91ebc7c1eb7f082e3e493637594d1f475857df752437e5fa9b75770 Run State: FAILED
[2022-03-15 14:16:58,307] {taskinstance.py:1718} ERROR - Task failed with exception
Traceback (most recent call last):
  File "/home/airflow/.local/lib/python3.7/site-packages/airflow/models/taskinstance.py", line 1334, in _run_raw_task
    self._execute_task_with_callbacks(context)
  File "/home/airflow/.local/lib/python3.7/site-packages/airflow/models/taskinstance.py", line 1460, in _execute_task_with_callbacks
    result = self._execute_task(context, self.task)
  File "/home/airflow/.local/lib/python3.7/site-packages/airflow/models/taskinstance.py", line 1516, in _execute_task
    result = execute_callable(context=context)
  File "/home/airflow/.local/lib/python3.7/site-packages/airflow/providers/amazon/aws/operators/glue.py", line 132, in execute
    glue_job_run = glue_job.job_completion(self.job_name, glue_job_run['JobRunId'])
  File "/home/airflow/.local/lib/python3.7/site-packages/airflow/providers/amazon/aws/hooks/glue.py", line 160, in job_completion
    raise AirflowException(job_error_message)
airflow.exceptions.AirflowException: Exiting Job jr_7ece68d4f91ebc7c1eb7f082e3e493637594d1f475857df752437e5fa9b75770 Run State: FAILED
[2022-03-15 14:16:58,319] {taskinstance.py:1282} INFO - Marking task as FAILED. dag_id=glue_poc, task_id=glue_job, execution_date=20220313T000000, start_date=20220315T140524, end_date=20220315T141658
[2022-03-15 14:16:58,332] {standard_task_runner.py:92} ERROR - Failed to execute job 283 for task glue_job
Traceback (most recent call last):
  File "/home/airflow/.local/lib/python3.7/site-packages/airflow/task/task_runner/standard_task_runner.py", line 85, in _start_by_fork
    args.func(args, dag=self.dag)
  File "/home/airflow/.local/lib/python3.7/site-packages/airflow/cli/cli_parser.py", line 48, in command
    return func(*args, **kwargs)
  File "/home/airflow/.local/lib/python3.7/site-packages/airflow/utils/cli.py", line 92, in wrapper
    return f(*args, **kwargs)
  File "/home/airflow/.local/lib/python3.7/site-packages/airflow/cli/commands/task_command.py", line 298, in task_run
    _run_task_by_selected_method(args, dag, ti)
  File "/home/airflow/.local/lib/python3.7/site-packages/airflow/cli/commands/task_command.py", line 107, in _run_task_by_selected_method
    _run_raw_task(args, ti)
  File "/home/airflow/.local/lib/python3.7/site-packages/airflow/cli/commands/task_command.py", line 184, in _run_raw_task
    error_file=args.error_file,
  File "/home/airflow/.local/lib/python3.7/site-packages/airflow/utils/session.py", line 70, in wrapper
    return func(*args, session=session, **kwargs)
  File "/home/airflow/.local/lib/python3.7/site-packages/airflow/models/taskinstance.py", line 1334, in _run_raw_task
    self._execute_task_with_callbacks(context)
  File "/home/airflow/.local/lib/python3.7/site-packages/airflow/models/taskinstance.py", line 1460, in _execute_task_with_callbacks
    result = self._execute_task(context, self.task)
  File "/home/airflow/.local/lib/python3.7/site-packages/airflow/models/taskinstance.py", line 1516, in _execute_task
    result = execute_callable(context=context)
  File "/home/airflow/.local/lib/python3.7/site-packages/airflow/providers/amazon/aws/operators/glue.py", line 132, in execute
    glue_job_run = glue_job.job_completion(self.job_name, glue_job_run['JobRunId'])
  File "/home/airflow/.local/lib/python3.7/site-packages/airflow/providers/amazon/aws/hooks/glue.py", line 160, in job_completion
    raise AirflowException(job_error_message)
airflow.exceptions.AirflowException: Exiting Job jr_7ece68d4f91ebc7c1eb7f082e3e493637594d1f475857df752437e5fa9b75770 Run State: FAILED
[2022-03-15 14:16:58,375] {local_task_job.py:154} INFO - Task exited with return code 1
[2022-03-15 14:16:58,407] {local_task_job.py:264} INFO - 0 downstream tasks scheduled from follow-on schedule check
