[2022-03-15 14:45:18,250] {taskinstance.py:1037} INFO - Dependencies all met for <TaskInstance: glue_poc.glue_job scheduled__2022-03-13T00:00:00+00:00 [queued]>
[2022-03-15 14:45:18,261] {taskinstance.py:1037} INFO - Dependencies all met for <TaskInstance: glue_poc.glue_job scheduled__2022-03-13T00:00:00+00:00 [queued]>
[2022-03-15 14:45:18,262] {taskinstance.py:1243} INFO - 
--------------------------------------------------------------------------------
[2022-03-15 14:45:18,262] {taskinstance.py:1244} INFO - Starting attempt 31 of 31
[2022-03-15 14:45:18,263] {taskinstance.py:1245} INFO - 
--------------------------------------------------------------------------------
[2022-03-15 14:45:18,276] {taskinstance.py:1264} INFO - Executing <Task(GlueJobOperator): glue_job> on 2022-03-13 00:00:00+00:00
[2022-03-15 14:45:18,283] {standard_task_runner.py:52} INFO - Started process 29981 to run task
[2022-03-15 14:45:18,287] {standard_task_runner.py:76} INFO - Running: ['***', 'tasks', 'run', 'glue_poc', 'glue_job', 'scheduled__2022-03-13T00:00:00+00:00', '--job-id', '284', '--raw', '--subdir', 'DAGS_FOLDER/glue_poc.py', '--cfg-path', '/tmp/tmpwg7rzgev', '--error-file', '/tmp/tmpviu8i96o']
[2022-03-15 14:45:18,290] {standard_task_runner.py:77} INFO - Job 284: Subtask glue_job
[2022-03-15 14:45:18,355] {logging_mixin.py:109} INFO - Running <TaskInstance: glue_poc.glue_job scheduled__2022-03-13T00:00:00+00:00 [running]> on host 26f80f9099ae
[2022-03-15 14:45:18,414] {taskinstance.py:1431} INFO - Exporting the following env vars:
AIRFLOW_CTX_DAG_OWNER=***
AIRFLOW_CTX_DAG_ID=glue_poc
AIRFLOW_CTX_TASK_ID=glue_job
AIRFLOW_CTX_EXECUTION_DATE=2022-03-13T00:00:00+00:00
AIRFLOW_CTX_DAG_RUN_ID=scheduled__2022-03-13T00:00:00+00:00
[2022-03-15 14:45:18,416] {glue.py:128} INFO - Initializing AWS Glue Job: glue_***_poc. Wait for completion: True
[2022-03-15 14:45:18,428] {base_aws.py:194} INFO - Credentials retrieved from extra_config
[2022-03-15 14:45:18,909] {glue.py:179} INFO - Job doesn't exist. Now creating and running AWS Glue Job
[2022-03-15 14:45:18,920] {base_aws.py:194} INFO - Credentials retrieved from extra_config
[2022-03-15 14:45:20,278] {glue.py:99} INFO - Iam Role Name: AWSGlueServiceRolePOC
[2022-03-15 14:45:20,701] {glue.py:163} INFO - Polling for AWS Glue Job glue_***_poc current run state with status RUNNING
[2022-03-15 14:45:26,764] {glue.py:163} INFO - Polling for AWS Glue Job glue_***_poc current run state with status RUNNING
[2022-03-15 14:45:32,849] {glue.py:163} INFO - Polling for AWS Glue Job glue_***_poc current run state with status RUNNING
[2022-03-15 14:45:38,941] {glue.py:163} INFO - Polling for AWS Glue Job glue_***_poc current run state with status RUNNING
[2022-03-15 14:45:45,031] {glue.py:163} INFO - Polling for AWS Glue Job glue_***_poc current run state with status RUNNING
[2022-03-15 14:45:51,114] {glue.py:163} INFO - Polling for AWS Glue Job glue_***_poc current run state with status RUNNING
[2022-03-15 14:45:57,186] {glue.py:163} INFO - Polling for AWS Glue Job glue_***_poc current run state with status RUNNING
[2022-03-15 14:46:03,663] {glue.py:163} INFO - Polling for AWS Glue Job glue_***_poc current run state with status RUNNING
[2022-03-15 14:46:09,749] {glue.py:163} INFO - Polling for AWS Glue Job glue_***_poc current run state with status RUNNING
[2022-03-15 14:46:15,858] {glue.py:163} INFO - Polling for AWS Glue Job glue_***_poc current run state with status RUNNING
[2022-03-15 14:46:21,932] {glue.py:163} INFO - Polling for AWS Glue Job glue_***_poc current run state with status RUNNING
[2022-03-15 14:46:28,118] {glue.py:163} INFO - Polling for AWS Glue Job glue_***_poc current run state with status RUNNING
[2022-03-15 14:46:34,214] {glue.py:163} INFO - Polling for AWS Glue Job glue_***_poc current run state with status RUNNING
[2022-03-15 14:46:40,298] {glue.py:163} INFO - Polling for AWS Glue Job glue_***_poc current run state with status RUNNING
[2022-03-15 14:46:46,382] {glue.py:163} INFO - Polling for AWS Glue Job glue_***_poc current run state with status RUNNING
[2022-03-15 14:46:52,484] {glue.py:163} INFO - Polling for AWS Glue Job glue_***_poc current run state with status RUNNING
[2022-03-15 14:46:58,551] {glue.py:163} INFO - Polling for AWS Glue Job glue_***_poc current run state with status RUNNING
[2022-03-15 14:47:04,643] {glue.py:163} INFO - Polling for AWS Glue Job glue_***_poc current run state with status RUNNING
[2022-03-15 14:47:10,732] {glue.py:163} INFO - Polling for AWS Glue Job glue_***_poc current run state with status RUNNING
[2022-03-15 14:47:16,820] {glue.py:163} INFO - Polling for AWS Glue Job glue_***_poc current run state with status RUNNING
[2022-03-15 14:47:22,907] {glue.py:163} INFO - Polling for AWS Glue Job glue_***_poc current run state with status RUNNING
[2022-03-15 14:47:28,987] {glue.py:163} INFO - Polling for AWS Glue Job glue_***_poc current run state with status RUNNING
[2022-03-15 14:47:35,087] {glue.py:163} INFO - Polling for AWS Glue Job glue_***_poc current run state with status RUNNING
[2022-03-15 14:47:41,170] {glue.py:163} INFO - Polling for AWS Glue Job glue_***_poc current run state with status RUNNING
[2022-03-15 14:47:47,245] {glue.py:163} INFO - Polling for AWS Glue Job glue_***_poc current run state with status RUNNING
[2022-03-15 14:47:53,329] {glue.py:163} INFO - Polling for AWS Glue Job glue_***_poc current run state with status RUNNING
[2022-03-15 14:47:59,426] {glue.py:163} INFO - Polling for AWS Glue Job glue_***_poc current run state with status RUNNING
[2022-03-15 14:48:05,499] {glue.py:163} INFO - Polling for AWS Glue Job glue_***_poc current run state with status RUNNING
[2022-03-15 14:48:11,606] {glue.py:163} INFO - Polling for AWS Glue Job glue_***_poc current run state with status RUNNING
[2022-03-15 14:48:17,680] {glue.py:163} INFO - Polling for AWS Glue Job glue_***_poc current run state with status RUNNING
[2022-03-15 14:48:23,749] {glue.py:163} INFO - Polling for AWS Glue Job glue_***_poc current run state with status RUNNING
[2022-03-15 14:48:29,855] {glue.py:163} INFO - Polling for AWS Glue Job glue_***_poc current run state with status RUNNING
[2022-03-15 14:48:35,942] {glue.py:163} INFO - Polling for AWS Glue Job glue_***_poc current run state with status RUNNING
[2022-03-15 14:48:42,033] {glue.py:163} INFO - Polling for AWS Glue Job glue_***_poc current run state with status RUNNING
[2022-03-15 14:48:48,131] {glue.py:163} INFO - Polling for AWS Glue Job glue_***_poc current run state with status RUNNING
[2022-03-15 14:48:54,197] {glue.py:163} INFO - Polling for AWS Glue Job glue_***_poc current run state with status RUNNING
[2022-03-15 14:49:00,295] {glue.py:163} INFO - Polling for AWS Glue Job glue_***_poc current run state with status RUNNING
[2022-03-15 14:49:06,560] {glue.py:163} INFO - Polling for AWS Glue Job glue_***_poc current run state with status RUNNING
[2022-03-15 14:49:12,667] {glue.py:163} INFO - Polling for AWS Glue Job glue_***_poc current run state with status RUNNING
[2022-03-15 14:49:18,770] {glue.py:163} INFO - Polling for AWS Glue Job glue_***_poc current run state with status RUNNING
[2022-03-15 14:49:24,867] {glue.py:163} INFO - Polling for AWS Glue Job glue_***_poc current run state with status RUNNING
[2022-03-15 14:49:30,961] {glue.py:163} INFO - Polling for AWS Glue Job glue_***_poc current run state with status RUNNING
[2022-03-15 14:49:37,063] {glue.py:163} INFO - Polling for AWS Glue Job glue_***_poc current run state with status RUNNING
[2022-03-15 14:49:43,142] {glue.py:163} INFO - Polling for AWS Glue Job glue_***_poc current run state with status RUNNING
[2022-03-15 14:49:49,287] {glue.py:163} INFO - Polling for AWS Glue Job glue_***_poc current run state with status RUNNING
[2022-03-15 14:49:55,366] {glue.py:163} INFO - Polling for AWS Glue Job glue_***_poc current run state with status RUNNING
[2022-03-15 14:50:01,447] {glue.py:163} INFO - Polling for AWS Glue Job glue_***_poc current run state with status RUNNING
[2022-03-15 14:50:07,582] {glue.py:163} INFO - Polling for AWS Glue Job glue_***_poc current run state with status RUNNING
[2022-03-15 14:50:13,677] {glue.py:163} INFO - Polling for AWS Glue Job glue_***_poc current run state with status RUNNING
[2022-03-15 14:50:19,769] {glue.py:163} INFO - Polling for AWS Glue Job glue_***_poc current run state with status RUNNING
[2022-03-15 14:50:25,838] {glue.py:163} INFO - Polling for AWS Glue Job glue_***_poc current run state with status RUNNING
[2022-03-15 14:50:31,931] {glue.py:163} INFO - Polling for AWS Glue Job glue_***_poc current run state with status RUNNING
[2022-03-15 14:50:38,023] {glue.py:163} INFO - Polling for AWS Glue Job glue_***_poc current run state with status RUNNING
[2022-03-15 14:50:44,111] {glue.py:163} INFO - Polling for AWS Glue Job glue_***_poc current run state with status RUNNING
[2022-03-15 14:50:50,192] {glue.py:163} INFO - Polling for AWS Glue Job glue_***_poc current run state with status RUNNING
[2022-03-15 14:50:56,276] {glue.py:163} INFO - Polling for AWS Glue Job glue_***_poc current run state with status RUNNING
[2022-03-15 14:51:02,370] {glue.py:163} INFO - Polling for AWS Glue Job glue_***_poc current run state with status RUNNING
[2022-03-15 14:51:08,474] {glue.py:163} INFO - Polling for AWS Glue Job glue_***_poc current run state with status RUNNING
[2022-03-15 14:51:14,552] {glue.py:163} INFO - Polling for AWS Glue Job glue_***_poc current run state with status RUNNING
[2022-03-15 14:51:20,658] {glue.py:163} INFO - Polling for AWS Glue Job glue_***_poc current run state with status RUNNING
[2022-03-15 14:51:26,739] {glue.py:163} INFO - Polling for AWS Glue Job glue_***_poc current run state with status RUNNING
[2022-03-15 14:51:32,843] {glue.py:163} INFO - Polling for AWS Glue Job glue_***_poc current run state with status RUNNING
[2022-03-15 14:51:38,931] {glue.py:163} INFO - Polling for AWS Glue Job glue_***_poc current run state with status RUNNING
[2022-03-15 14:51:45,012] {glue.py:163} INFO - Polling for AWS Glue Job glue_***_poc current run state with status RUNNING
[2022-03-15 14:51:51,107] {glue.py:163} INFO - Polling for AWS Glue Job glue_***_poc current run state with status RUNNING
[2022-03-15 14:51:57,171] {glue.py:163} INFO - Polling for AWS Glue Job glue_***_poc current run state with status RUNNING
[2022-03-15 14:52:03,251] {glue.py:163} INFO - Polling for AWS Glue Job glue_***_poc current run state with status RUNNING
[2022-03-15 14:52:09,350] {glue.py:163} INFO - Polling for AWS Glue Job glue_***_poc current run state with status RUNNING
[2022-03-15 14:52:15,437] {glue.py:163} INFO - Polling for AWS Glue Job glue_***_poc current run state with status RUNNING
[2022-03-15 14:52:21,553] {glue.py:163} INFO - Polling for AWS Glue Job glue_***_poc current run state with status RUNNING
[2022-03-15 14:52:27,630] {glue.py:163} INFO - Polling for AWS Glue Job glue_***_poc current run state with status RUNNING
[2022-03-15 14:52:33,714] {glue.py:163} INFO - Polling for AWS Glue Job glue_***_poc current run state with status RUNNING
[2022-03-15 14:52:39,821] {glue.py:163} INFO - Polling for AWS Glue Job glue_***_poc current run state with status RUNNING
[2022-03-15 14:52:45,918] {glue.py:163} INFO - Polling for AWS Glue Job glue_***_poc current run state with status RUNNING
[2022-03-15 14:52:52,002] {glue.py:163} INFO - Polling for AWS Glue Job glue_***_poc current run state with status RUNNING
[2022-03-15 14:52:58,047] {glue.py:163} INFO - Polling for AWS Glue Job glue_***_poc current run state with status RUNNING
[2022-03-15 14:53:04,130] {glue.py:163} INFO - Polling for AWS Glue Job glue_***_poc current run state with status RUNNING
[2022-03-15 14:53:10,217] {glue.py:163} INFO - Polling for AWS Glue Job glue_***_poc current run state with status RUNNING
[2022-03-15 14:53:16,293] {glue.py:163} INFO - Polling for AWS Glue Job glue_***_poc current run state with status RUNNING
[2022-03-15 14:53:22,384] {glue.py:163} INFO - Polling for AWS Glue Job glue_***_poc current run state with status RUNNING
[2022-03-15 14:53:28,527] {glue.py:163} INFO - Polling for AWS Glue Job glue_***_poc current run state with status RUNNING
[2022-03-15 14:53:34,626] {glue.py:163} INFO - Polling for AWS Glue Job glue_***_poc current run state with status RUNNING
[2022-03-15 14:53:40,734] {glue.py:163} INFO - Polling for AWS Glue Job glue_***_poc current run state with status RUNNING
[2022-03-15 14:53:46,817] {glue.py:163} INFO - Polling for AWS Glue Job glue_***_poc current run state with status RUNNING
[2022-03-15 14:53:52,881] {glue.py:163} INFO - Polling for AWS Glue Job glue_***_poc current run state with status RUNNING
[2022-03-15 14:53:58,957] {glue.py:163} INFO - Polling for AWS Glue Job glue_***_poc current run state with status RUNNING
[2022-03-15 14:54:05,052] {glue.py:163} INFO - Polling for AWS Glue Job glue_***_poc current run state with status RUNNING
[2022-03-15 14:54:11,153] {glue.py:163} INFO - Polling for AWS Glue Job glue_***_poc current run state with status RUNNING
[2022-03-15 14:54:17,235] {glue.py:163} INFO - Polling for AWS Glue Job glue_***_poc current run state with status RUNNING
[2022-03-15 14:54:23,303] {glue.py:163} INFO - Polling for AWS Glue Job glue_***_poc current run state with status RUNNING
[2022-03-15 14:54:29,403] {glue.py:163} INFO - Polling for AWS Glue Job glue_***_poc current run state with status RUNNING
[2022-03-15 14:54:35,489] {glue.py:163} INFO - Polling for AWS Glue Job glue_***_poc current run state with status RUNNING
[2022-03-15 14:54:41,563] {glue.py:163} INFO - Polling for AWS Glue Job glue_***_poc current run state with status RUNNING
[2022-03-15 14:54:47,666] {glue.py:163} INFO - Polling for AWS Glue Job glue_***_poc current run state with status RUNNING
[2022-03-15 14:54:53,717] {glue.py:163} INFO - Polling for AWS Glue Job glue_***_poc current run state with status RUNNING
[2022-03-15 14:54:59,801] {glue.py:163} INFO - Polling for AWS Glue Job glue_***_poc current run state with status RUNNING
[2022-03-15 14:55:05,902] {glue.py:163} INFO - Polling for AWS Glue Job glue_***_poc current run state with status RUNNING
[2022-03-15 14:55:12,007] {glue.py:163} INFO - Polling for AWS Glue Job glue_***_poc current run state with status RUNNING
[2022-03-15 14:55:18,086] {glue.py:163} INFO - Polling for AWS Glue Job glue_***_poc current run state with status RUNNING
[2022-03-15 14:55:24,158] {glue.py:163} INFO - Polling for AWS Glue Job glue_***_poc current run state with status RUNNING
[2022-03-15 14:55:30,262] {glue.py:163} INFO - Polling for AWS Glue Job glue_***_poc current run state with status RUNNING
[2022-03-15 14:55:36,356] {glue.py:163} INFO - Polling for AWS Glue Job glue_***_poc current run state with status RUNNING
[2022-03-15 14:55:42,426] {glue.py:163} INFO - Polling for AWS Glue Job glue_***_poc current run state with status RUNNING
[2022-03-15 14:55:48,512] {glue.py:163} INFO - Polling for AWS Glue Job glue_***_poc current run state with status RUNNING
[2022-03-15 14:55:54,567] {glue.py:163} INFO - Polling for AWS Glue Job glue_***_poc current run state with status RUNNING
[2022-03-15 14:56:00,673] {glue.py:163} INFO - Polling for AWS Glue Job glue_***_poc current run state with status RUNNING
[2022-03-15 14:56:06,757] {glue.py:163} INFO - Polling for AWS Glue Job glue_***_poc current run state with status RUNNING
[2022-03-15 14:56:12,836] {glue.py:163} INFO - Polling for AWS Glue Job glue_***_poc current run state with status RUNNING
[2022-03-15 14:56:18,916] {glue.py:163} INFO - Polling for AWS Glue Job glue_***_poc current run state with status RUNNING
[2022-03-15 14:56:25,058] {glue.py:163} INFO - Polling for AWS Glue Job glue_***_poc current run state with status RUNNING
[2022-03-15 14:56:31,155] {glue.py:163} INFO - Polling for AWS Glue Job glue_***_poc current run state with status RUNNING
[2022-03-15 14:56:37,247] {glue.py:163} INFO - Polling for AWS Glue Job glue_***_poc current run state with status RUNNING
[2022-03-15 14:56:43,357] {glue.py:163} INFO - Polling for AWS Glue Job glue_***_poc current run state with status RUNNING
[2022-03-15 14:56:49,439] {glue.py:163} INFO - Polling for AWS Glue Job glue_***_poc current run state with status RUNNING
[2022-03-15 14:56:55,511] {glue.py:163} INFO - Polling for AWS Glue Job glue_***_poc current run state with status RUNNING
[2022-03-15 14:57:01,600] {glue.py:159} INFO - Exiting Job jr_91cc504c7f494119f52e585b90a48597474053e35f5f1a8d119c051808852603 Run State: FAILED
[2022-03-15 14:57:01,643] {taskinstance.py:1718} ERROR - Task failed with exception
Traceback (most recent call last):
  File "/home/airflow/.local/lib/python3.7/site-packages/airflow/models/taskinstance.py", line 1334, in _run_raw_task
    self._execute_task_with_callbacks(context)
  File "/home/airflow/.local/lib/python3.7/site-packages/airflow/models/taskinstance.py", line 1460, in _execute_task_with_callbacks
    result = self._execute_task(context, self.task)
  File "/home/airflow/.local/lib/python3.7/site-packages/airflow/models/taskinstance.py", line 1516, in _execute_task
    result = execute_callable(context=context)
  File "/home/airflow/.local/lib/python3.7/site-packages/airflow/providers/amazon/aws/operators/glue.py", line 132, in execute
    glue_job_run = glue_job.job_completion(self.job_name, glue_job_run['JobRunId'])
  File "/home/airflow/.local/lib/python3.7/site-packages/airflow/providers/amazon/aws/hooks/glue.py", line 160, in job_completion
    raise AirflowException(job_error_message)
airflow.exceptions.AirflowException: Exiting Job jr_91cc504c7f494119f52e585b90a48597474053e35f5f1a8d119c051808852603 Run State: FAILED
[2022-03-15 14:57:01,661] {taskinstance.py:1282} INFO - Marking task as FAILED. dag_id=glue_poc, task_id=glue_job, execution_date=20220313T000000, start_date=20220315T144518, end_date=20220315T145701
[2022-03-15 14:57:01,686] {standard_task_runner.py:92} ERROR - Failed to execute job 284 for task glue_job
Traceback (most recent call last):
  File "/home/airflow/.local/lib/python3.7/site-packages/airflow/task/task_runner/standard_task_runner.py", line 85, in _start_by_fork
    args.func(args, dag=self.dag)
  File "/home/airflow/.local/lib/python3.7/site-packages/airflow/cli/cli_parser.py", line 48, in command
    return func(*args, **kwargs)
  File "/home/airflow/.local/lib/python3.7/site-packages/airflow/utils/cli.py", line 92, in wrapper
    return f(*args, **kwargs)
  File "/home/airflow/.local/lib/python3.7/site-packages/airflow/cli/commands/task_command.py", line 298, in task_run
    _run_task_by_selected_method(args, dag, ti)
  File "/home/airflow/.local/lib/python3.7/site-packages/airflow/cli/commands/task_command.py", line 107, in _run_task_by_selected_method
    _run_raw_task(args, ti)
  File "/home/airflow/.local/lib/python3.7/site-packages/airflow/cli/commands/task_command.py", line 184, in _run_raw_task
    error_file=args.error_file,
  File "/home/airflow/.local/lib/python3.7/site-packages/airflow/utils/session.py", line 70, in wrapper
    return func(*args, session=session, **kwargs)
  File "/home/airflow/.local/lib/python3.7/site-packages/airflow/models/taskinstance.py", line 1334, in _run_raw_task
    self._execute_task_with_callbacks(context)
  File "/home/airflow/.local/lib/python3.7/site-packages/airflow/models/taskinstance.py", line 1460, in _execute_task_with_callbacks
    result = self._execute_task(context, self.task)
  File "/home/airflow/.local/lib/python3.7/site-packages/airflow/models/taskinstance.py", line 1516, in _execute_task
    result = execute_callable(context=context)
  File "/home/airflow/.local/lib/python3.7/site-packages/airflow/providers/amazon/aws/operators/glue.py", line 132, in execute
    glue_job_run = glue_job.job_completion(self.job_name, glue_job_run['JobRunId'])
  File "/home/airflow/.local/lib/python3.7/site-packages/airflow/providers/amazon/aws/hooks/glue.py", line 160, in job_completion
    raise AirflowException(job_error_message)
airflow.exceptions.AirflowException: Exiting Job jr_91cc504c7f494119f52e585b90a48597474053e35f5f1a8d119c051808852603 Run State: FAILED
[2022-03-15 14:57:01,737] {local_task_job.py:154} INFO - Task exited with return code 1
[2022-03-15 14:57:01,790] {local_task_job.py:264} INFO - 0 downstream tasks scheduled from follow-on schedule check
