[2022-02-25 06:52:02,019] {processor.py:163} INFO - Started process (PID=190) to work on /home/airflow/.local/lib/python3.7/site-packages/airflow/example_dags/example_xcom.py
[2022-02-25 06:52:02,024] {processor.py:642} INFO - Processing file /home/airflow/.local/lib/python3.7/site-packages/airflow/example_dags/example_xcom.py for tasks to queue
[2022-02-25 06:52:02,027] {logging_mixin.py:109} INFO - [2022-02-25 06:52:02,027] {dagbag.py:500} INFO - Filling up the DagBag from /home/airflow/.local/lib/python3.7/site-packages/airflow/example_dags/example_xcom.py
[2022-02-25 06:52:02,082] {processor.py:654} INFO - DAG(s) dict_keys(['example_xcom']) retrieved from /home/airflow/.local/lib/python3.7/site-packages/airflow/example_dags/example_xcom.py
[2022-02-25 06:52:02,845] {logging_mixin.py:109} INFO - [2022-02-25 06:52:02,845] {dag.py:2398} INFO - Sync 1 DAGs
[2022-02-25 06:52:02,867] {logging_mixin.py:109} INFO - [2022-02-25 06:52:02,866] {dag.py:2937} INFO - Setting next_dagrun for example_xcom to 2021-01-01T00:00:00+00:00
[2022-02-25 06:52:02,888] {processor.py:171} INFO - Processing /home/airflow/.local/lib/python3.7/site-packages/airflow/example_dags/example_xcom.py took 0.873 seconds
[2022-02-25 06:52:33,746] {processor.py:163} INFO - Started process (PID=378) to work on /home/airflow/.local/lib/python3.7/site-packages/airflow/example_dags/example_xcom.py
[2022-02-25 06:52:33,749] {processor.py:642} INFO - Processing file /home/airflow/.local/lib/python3.7/site-packages/airflow/example_dags/example_xcom.py for tasks to queue
[2022-02-25 06:52:33,751] {logging_mixin.py:109} INFO - [2022-02-25 06:52:33,750] {dagbag.py:500} INFO - Filling up the DagBag from /home/airflow/.local/lib/python3.7/site-packages/airflow/example_dags/example_xcom.py
[2022-02-25 06:52:33,834] {processor.py:654} INFO - DAG(s) dict_keys(['example_xcom']) retrieved from /home/airflow/.local/lib/python3.7/site-packages/airflow/example_dags/example_xcom.py
[2022-02-25 06:52:37,494] {logging_mixin.py:109} INFO - [2022-02-25 06:52:37,494] {dag.py:2398} INFO - Sync 1 DAGs
[2022-02-25 06:52:37,524] {logging_mixin.py:109} INFO - [2022-02-25 06:52:37,524] {dag.py:2937} INFO - Setting next_dagrun for example_xcom to 2021-01-01T00:00:00+00:00
[2022-02-25 06:52:37,543] {processor.py:171} INFO - Processing /home/airflow/.local/lib/python3.7/site-packages/airflow/example_dags/example_xcom.py took 3.811 seconds
[2022-02-25 06:53:07,656] {processor.py:163} INFO - Started process (PID=564) to work on /home/airflow/.local/lib/python3.7/site-packages/airflow/example_dags/example_xcom.py
[2022-02-25 06:53:07,663] {processor.py:642} INFO - Processing file /home/airflow/.local/lib/python3.7/site-packages/airflow/example_dags/example_xcom.py for tasks to queue
[2022-02-25 06:53:07,673] {logging_mixin.py:109} INFO - [2022-02-25 06:53:07,672] {dagbag.py:500} INFO - Filling up the DagBag from /home/airflow/.local/lib/python3.7/site-packages/airflow/example_dags/example_xcom.py
[2022-02-25 06:53:07,789] {processor.py:654} INFO - DAG(s) dict_keys(['example_xcom']) retrieved from /home/airflow/.local/lib/python3.7/site-packages/airflow/example_dags/example_xcom.py
[2022-02-25 06:53:09,194] {logging_mixin.py:109} INFO - [2022-02-25 06:53:09,193] {dag.py:2398} INFO - Sync 1 DAGs
[2022-02-25 06:53:09,261] {logging_mixin.py:109} INFO - [2022-02-25 06:53:09,261] {dag.py:2937} INFO - Setting next_dagrun for example_xcom to 2021-01-01T00:00:00+00:00
[2022-02-25 06:53:09,445] {processor.py:171} INFO - Processing /home/airflow/.local/lib/python3.7/site-packages/airflow/example_dags/example_xcom.py took 1.804 seconds
[2022-02-25 06:53:39,976] {processor.py:163} INFO - Started process (PID=748) to work on /home/airflow/.local/lib/python3.7/site-packages/airflow/example_dags/example_xcom.py
[2022-02-25 06:53:39,978] {processor.py:642} INFO - Processing file /home/airflow/.local/lib/python3.7/site-packages/airflow/example_dags/example_xcom.py for tasks to queue
[2022-02-25 06:53:39,980] {logging_mixin.py:109} INFO - [2022-02-25 06:53:39,980] {dagbag.py:500} INFO - Filling up the DagBag from /home/airflow/.local/lib/python3.7/site-packages/airflow/example_dags/example_xcom.py
[2022-02-25 06:53:40,048] {processor.py:654} INFO - DAG(s) dict_keys(['example_xcom']) retrieved from /home/airflow/.local/lib/python3.7/site-packages/airflow/example_dags/example_xcom.py
[2022-02-25 06:53:41,722] {logging_mixin.py:109} INFO - [2022-02-25 06:53:41,722] {dag.py:2398} INFO - Sync 1 DAGs
[2022-02-25 06:53:41,747] {logging_mixin.py:109} INFO - [2022-02-25 06:53:41,747] {dag.py:2937} INFO - Setting next_dagrun for example_xcom to 2021-01-01T00:00:00+00:00
[2022-02-25 06:53:41,775] {processor.py:171} INFO - Processing /home/airflow/.local/lib/python3.7/site-packages/airflow/example_dags/example_xcom.py took 1.804 seconds
[2022-02-25 06:54:12,291] {processor.py:163} INFO - Started process (PID=931) to work on /home/airflow/.local/lib/python3.7/site-packages/airflow/example_dags/example_xcom.py
[2022-02-25 06:54:12,293] {processor.py:642} INFO - Processing file /home/airflow/.local/lib/python3.7/site-packages/airflow/example_dags/example_xcom.py for tasks to queue
[2022-02-25 06:54:12,295] {logging_mixin.py:109} INFO - [2022-02-25 06:54:12,295] {dagbag.py:500} INFO - Filling up the DagBag from /home/airflow/.local/lib/python3.7/site-packages/airflow/example_dags/example_xcom.py
[2022-02-25 06:54:12,372] {processor.py:654} INFO - DAG(s) dict_keys(['example_xcom']) retrieved from /home/airflow/.local/lib/python3.7/site-packages/airflow/example_dags/example_xcom.py
[2022-02-25 06:54:12,939] {logging_mixin.py:109} INFO - [2022-02-25 06:54:12,939] {dag.py:2398} INFO - Sync 1 DAGs
[2022-02-25 06:54:12,956] {logging_mixin.py:109} INFO - [2022-02-25 06:54:12,955] {dag.py:2937} INFO - Setting next_dagrun for example_xcom to 2021-01-01T00:00:00+00:00
[2022-02-25 06:54:12,972] {processor.py:171} INFO - Processing /home/airflow/.local/lib/python3.7/site-packages/airflow/example_dags/example_xcom.py took 0.685 seconds
[2022-02-25 06:54:43,836] {processor.py:163} INFO - Started process (PID=1116) to work on /home/airflow/.local/lib/python3.7/site-packages/airflow/example_dags/example_xcom.py
[2022-02-25 06:54:43,840] {processor.py:642} INFO - Processing file /home/airflow/.local/lib/python3.7/site-packages/airflow/example_dags/example_xcom.py for tasks to queue
[2022-02-25 06:54:43,843] {logging_mixin.py:109} INFO - [2022-02-25 06:54:43,843] {dagbag.py:500} INFO - Filling up the DagBag from /home/airflow/.local/lib/python3.7/site-packages/airflow/example_dags/example_xcom.py
[2022-02-25 06:54:44,088] {processor.py:654} INFO - DAG(s) dict_keys(['example_xcom']) retrieved from /home/airflow/.local/lib/python3.7/site-packages/airflow/example_dags/example_xcom.py
[2022-02-25 06:54:45,335] {logging_mixin.py:109} INFO - [2022-02-25 06:54:45,334] {dag.py:2398} INFO - Sync 1 DAGs
[2022-02-25 06:54:45,372] {logging_mixin.py:109} INFO - [2022-02-25 06:54:45,371] {dag.py:2937} INFO - Setting next_dagrun for example_xcom to 2021-01-01T00:00:00+00:00
[2022-02-25 06:54:45,405] {processor.py:171} INFO - Processing /home/airflow/.local/lib/python3.7/site-packages/airflow/example_dags/example_xcom.py took 1.579 seconds
