[2022-02-25 06:52:04,870] {processor.py:163} INFO - Started process (PID=270) to work on /home/airflow/.local/lib/python3.7/site-packages/airflow/example_dags/example_task_group_decorator.py
[2022-02-25 06:52:04,874] {processor.py:642} INFO - Processing file /home/airflow/.local/lib/python3.7/site-packages/airflow/example_dags/example_task_group_decorator.py for tasks to queue
[2022-02-25 06:52:04,876] {logging_mixin.py:109} INFO - [2022-02-25 06:52:04,876] {dagbag.py:500} INFO - Filling up the DagBag from /home/airflow/.local/lib/python3.7/site-packages/airflow/example_dags/example_task_group_decorator.py
[2022-02-25 06:52:05,013] {processor.py:654} INFO - DAG(s) dict_keys(['example_task_group_decorator']) retrieved from /home/airflow/.local/lib/python3.7/site-packages/airflow/example_dags/example_task_group_decorator.py
[2022-02-25 06:52:05,644] {logging_mixin.py:109} INFO - [2022-02-25 06:52:05,643] {dag.py:2398} INFO - Sync 1 DAGs
[2022-02-25 06:52:05,673] {logging_mixin.py:109} INFO - [2022-02-25 06:52:05,673] {dag.py:2937} INFO - Setting next_dagrun for example_task_group_decorator to 2022-02-24T06:52:05.673389+00:00
[2022-02-25 06:52:05,700] {processor.py:171} INFO - Processing /home/airflow/.local/lib/python3.7/site-packages/airflow/example_dags/example_task_group_decorator.py took 0.835 seconds
[2022-02-25 06:52:39,155] {processor.py:163} INFO - Started process (PID=456) to work on /home/airflow/.local/lib/python3.7/site-packages/airflow/example_dags/example_task_group_decorator.py
[2022-02-25 06:52:39,160] {processor.py:642} INFO - Processing file /home/airflow/.local/lib/python3.7/site-packages/airflow/example_dags/example_task_group_decorator.py for tasks to queue
[2022-02-25 06:52:39,167] {logging_mixin.py:109} INFO - [2022-02-25 06:52:39,167] {dagbag.py:500} INFO - Filling up the DagBag from /home/airflow/.local/lib/python3.7/site-packages/airflow/example_dags/example_task_group_decorator.py
[2022-02-25 06:52:39,242] {processor.py:654} INFO - DAG(s) dict_keys(['example_task_group_decorator']) retrieved from /home/airflow/.local/lib/python3.7/site-packages/airflow/example_dags/example_task_group_decorator.py
[2022-02-25 06:52:39,623] {logging_mixin.py:109} INFO - [2022-02-25 06:52:39,623] {dag.py:2398} INFO - Sync 1 DAGs
[2022-02-25 06:52:39,647] {logging_mixin.py:109} INFO - [2022-02-25 06:52:39,647] {dag.py:2937} INFO - Setting next_dagrun for example_task_group_decorator to 2022-02-24T06:52:39.647082+00:00
[2022-02-25 06:52:39,660] {processor.py:171} INFO - Processing /home/airflow/.local/lib/python3.7/site-packages/airflow/example_dags/example_task_group_decorator.py took 0.510 seconds
[2022-02-25 06:53:13,917] {processor.py:163} INFO - Started process (PID=642) to work on /home/airflow/.local/lib/python3.7/site-packages/airflow/example_dags/example_task_group_decorator.py
[2022-02-25 06:53:13,923] {processor.py:642} INFO - Processing file /home/airflow/.local/lib/python3.7/site-packages/airflow/example_dags/example_task_group_decorator.py for tasks to queue
[2022-02-25 06:53:13,934] {logging_mixin.py:109} INFO - [2022-02-25 06:53:13,931] {dagbag.py:500} INFO - Filling up the DagBag from /home/airflow/.local/lib/python3.7/site-packages/airflow/example_dags/example_task_group_decorator.py
[2022-02-25 06:53:14,224] {processor.py:654} INFO - DAG(s) dict_keys(['example_task_group_decorator']) retrieved from /home/airflow/.local/lib/python3.7/site-packages/airflow/example_dags/example_task_group_decorator.py
[2022-02-25 06:53:15,446] {logging_mixin.py:109} INFO - [2022-02-25 06:53:15,446] {dag.py:2398} INFO - Sync 1 DAGs
[2022-02-25 06:53:15,512] {logging_mixin.py:109} INFO - [2022-02-25 06:53:15,512] {dag.py:2937} INFO - Setting next_dagrun for example_task_group_decorator to 2022-02-24T06:53:15.511905+00:00
[2022-02-25 06:53:15,563] {processor.py:171} INFO - Processing /home/airflow/.local/lib/python3.7/site-packages/airflow/example_dags/example_task_group_decorator.py took 1.657 seconds
[2022-02-25 06:53:46,516] {processor.py:163} INFO - Started process (PID=833) to work on /home/airflow/.local/lib/python3.7/site-packages/airflow/example_dags/example_task_group_decorator.py
[2022-02-25 06:53:46,521] {processor.py:642} INFO - Processing file /home/airflow/.local/lib/python3.7/site-packages/airflow/example_dags/example_task_group_decorator.py for tasks to queue
[2022-02-25 06:53:46,523] {logging_mixin.py:109} INFO - [2022-02-25 06:53:46,523] {dagbag.py:500} INFO - Filling up the DagBag from /home/airflow/.local/lib/python3.7/site-packages/airflow/example_dags/example_task_group_decorator.py
[2022-02-25 06:53:46,577] {processor.py:654} INFO - DAG(s) dict_keys(['example_task_group_decorator']) retrieved from /home/airflow/.local/lib/python3.7/site-packages/airflow/example_dags/example_task_group_decorator.py
[2022-02-25 06:53:46,908] {logging_mixin.py:109} INFO - [2022-02-25 06:53:46,908] {dag.py:2398} INFO - Sync 1 DAGs
[2022-02-25 06:53:46,927] {logging_mixin.py:109} INFO - [2022-02-25 06:53:46,927] {dag.py:2937} INFO - Setting next_dagrun for example_task_group_decorator to 2022-02-24T06:53:46.927173+00:00
[2022-02-25 06:53:46,948] {processor.py:171} INFO - Processing /home/airflow/.local/lib/python3.7/site-packages/airflow/example_dags/example_task_group_decorator.py took 0.439 seconds
[2022-02-25 06:54:17,819] {processor.py:163} INFO - Started process (PID=1016) to work on /home/airflow/.local/lib/python3.7/site-packages/airflow/example_dags/example_task_group_decorator.py
[2022-02-25 06:54:17,822] {processor.py:642} INFO - Processing file /home/airflow/.local/lib/python3.7/site-packages/airflow/example_dags/example_task_group_decorator.py for tasks to queue
[2022-02-25 06:54:17,823] {logging_mixin.py:109} INFO - [2022-02-25 06:54:17,823] {dagbag.py:500} INFO - Filling up the DagBag from /home/airflow/.local/lib/python3.7/site-packages/airflow/example_dags/example_task_group_decorator.py
[2022-02-25 06:54:17,915] {processor.py:654} INFO - DAG(s) dict_keys(['example_task_group_decorator']) retrieved from /home/airflow/.local/lib/python3.7/site-packages/airflow/example_dags/example_task_group_decorator.py
[2022-02-25 06:54:18,348] {logging_mixin.py:109} INFO - [2022-02-25 06:54:18,348] {dag.py:2398} INFO - Sync 1 DAGs
[2022-02-25 06:54:18,364] {logging_mixin.py:109} INFO - [2022-02-25 06:54:18,364] {dag.py:2937} INFO - Setting next_dagrun for example_task_group_decorator to 2022-02-24T06:54:18.363835+00:00
[2022-02-25 06:54:18,375] {processor.py:171} INFO - Processing /home/airflow/.local/lib/python3.7/site-packages/airflow/example_dags/example_task_group_decorator.py took 0.561 seconds
[2022-02-25 06:54:49,128] {processor.py:163} INFO - Started process (PID=1206) to work on /home/airflow/.local/lib/python3.7/site-packages/airflow/example_dags/example_task_group_decorator.py
[2022-02-25 06:54:49,134] {processor.py:642} INFO - Processing file /home/airflow/.local/lib/python3.7/site-packages/airflow/example_dags/example_task_group_decorator.py for tasks to queue
[2022-02-25 06:54:49,147] {logging_mixin.py:109} INFO - [2022-02-25 06:54:49,145] {dagbag.py:500} INFO - Filling up the DagBag from /home/airflow/.local/lib/python3.7/site-packages/airflow/example_dags/example_task_group_decorator.py
[2022-02-25 06:54:49,268] {processor.py:654} INFO - DAG(s) dict_keys(['example_task_group_decorator']) retrieved from /home/airflow/.local/lib/python3.7/site-packages/airflow/example_dags/example_task_group_decorator.py
[2022-02-25 06:54:49,814] {logging_mixin.py:109} INFO - [2022-02-25 06:54:49,814] {dag.py:2398} INFO - Sync 1 DAGs
[2022-02-25 06:54:49,906] {logging_mixin.py:109} INFO - [2022-02-25 06:54:49,906] {dag.py:2937} INFO - Setting next_dagrun for example_task_group_decorator to 2022-02-24T06:54:49.906419+00:00
[2022-02-25 06:54:49,949] {processor.py:171} INFO - Processing /home/airflow/.local/lib/python3.7/site-packages/airflow/example_dags/example_task_group_decorator.py took 0.830 seconds
