[2022-02-25 06:52:05,528] {processor.py:163} INFO - Started process (PID=275) to work on /home/airflow/.local/lib/python3.7/site-packages/airflow/example_dags/example_trigger_controller_dag.py
[2022-02-25 06:52:05,531] {processor.py:642} INFO - Processing file /home/airflow/.local/lib/python3.7/site-packages/airflow/example_dags/example_trigger_controller_dag.py for tasks to queue
[2022-02-25 06:52:05,533] {logging_mixin.py:109} INFO - [2022-02-25 06:52:05,533] {dagbag.py:500} INFO - Filling up the DagBag from /home/airflow/.local/lib/python3.7/site-packages/airflow/example_dags/example_trigger_controller_dag.py
[2022-02-25 06:52:05,581] {processor.py:654} INFO - DAG(s) dict_keys(['example_trigger_controller_dag']) retrieved from /home/airflow/.local/lib/python3.7/site-packages/airflow/example_dags/example_trigger_controller_dag.py
[2022-02-25 06:52:05,597] {logging_mixin.py:109} INFO - [2022-02-25 06:52:05,597] {dag.py:2398} INFO - Sync 1 DAGs
[2022-02-25 06:52:05,625] {logging_mixin.py:109} INFO - [2022-02-25 06:52:05,625] {dag.py:2937} INFO - Setting next_dagrun for example_trigger_controller_dag to 2021-01-01T00:00:00+00:00
[2022-02-25 06:52:05,646] {processor.py:171} INFO - Processing /home/airflow/.local/lib/python3.7/site-packages/airflow/example_dags/example_trigger_controller_dag.py took 0.130 seconds
[2022-02-25 06:52:39,530] {processor.py:163} INFO - Started process (PID=461) to work on /home/airflow/.local/lib/python3.7/site-packages/airflow/example_dags/example_trigger_controller_dag.py
[2022-02-25 06:52:39,532] {processor.py:642} INFO - Processing file /home/airflow/.local/lib/python3.7/site-packages/airflow/example_dags/example_trigger_controller_dag.py for tasks to queue
[2022-02-25 06:52:39,534] {logging_mixin.py:109} INFO - [2022-02-25 06:52:39,534] {dagbag.py:500} INFO - Filling up the DagBag from /home/airflow/.local/lib/python3.7/site-packages/airflow/example_dags/example_trigger_controller_dag.py
[2022-02-25 06:52:39,578] {processor.py:654} INFO - DAG(s) dict_keys(['example_trigger_controller_dag']) retrieved from /home/airflow/.local/lib/python3.7/site-packages/airflow/example_dags/example_trigger_controller_dag.py
[2022-02-25 06:52:39,598] {logging_mixin.py:109} INFO - [2022-02-25 06:52:39,597] {dag.py:2398} INFO - Sync 1 DAGs
[2022-02-25 06:52:39,620] {logging_mixin.py:109} INFO - [2022-02-25 06:52:39,620] {dag.py:2937} INFO - Setting next_dagrun for example_trigger_controller_dag to 2021-01-01T00:00:00+00:00
[2022-02-25 06:52:39,634] {processor.py:171} INFO - Processing /home/airflow/.local/lib/python3.7/site-packages/airflow/example_dags/example_trigger_controller_dag.py took 0.111 seconds
[2022-02-25 06:53:14,281] {processor.py:163} INFO - Started process (PID=647) to work on /home/airflow/.local/lib/python3.7/site-packages/airflow/example_dags/example_trigger_controller_dag.py
[2022-02-25 06:53:14,286] {processor.py:642} INFO - Processing file /home/airflow/.local/lib/python3.7/site-packages/airflow/example_dags/example_trigger_controller_dag.py for tasks to queue
[2022-02-25 06:53:14,290] {logging_mixin.py:109} INFO - [2022-02-25 06:53:14,290] {dagbag.py:500} INFO - Filling up the DagBag from /home/airflow/.local/lib/python3.7/site-packages/airflow/example_dags/example_trigger_controller_dag.py
[2022-02-25 06:53:14,544] {processor.py:654} INFO - DAG(s) dict_keys(['example_trigger_controller_dag']) retrieved from /home/airflow/.local/lib/python3.7/site-packages/airflow/example_dags/example_trigger_controller_dag.py
[2022-02-25 06:53:14,621] {logging_mixin.py:109} INFO - [2022-02-25 06:53:14,621] {dag.py:2398} INFO - Sync 1 DAGs
[2022-02-25 06:53:14,787] {logging_mixin.py:109} INFO - [2022-02-25 06:53:14,787] {dag.py:2937} INFO - Setting next_dagrun for example_trigger_controller_dag to 2021-01-01T00:00:00+00:00
[2022-02-25 06:53:14,811] {processor.py:171} INFO - Processing /home/airflow/.local/lib/python3.7/site-packages/airflow/example_dags/example_trigger_controller_dag.py took 0.541 seconds
[2022-02-25 06:53:45,397] {processor.py:163} INFO - Started process (PID=828) to work on /home/airflow/.local/lib/python3.7/site-packages/airflow/example_dags/example_trigger_controller_dag.py
[2022-02-25 06:53:45,399] {processor.py:642} INFO - Processing file /home/airflow/.local/lib/python3.7/site-packages/airflow/example_dags/example_trigger_controller_dag.py for tasks to queue
[2022-02-25 06:53:45,400] {logging_mixin.py:109} INFO - [2022-02-25 06:53:45,400] {dagbag.py:500} INFO - Filling up the DagBag from /home/airflow/.local/lib/python3.7/site-packages/airflow/example_dags/example_trigger_controller_dag.py
[2022-02-25 06:53:45,445] {processor.py:654} INFO - DAG(s) dict_keys(['example_trigger_controller_dag']) retrieved from /home/airflow/.local/lib/python3.7/site-packages/airflow/example_dags/example_trigger_controller_dag.py
[2022-02-25 06:53:45,461] {logging_mixin.py:109} INFO - [2022-02-25 06:53:45,461] {dag.py:2398} INFO - Sync 1 DAGs
[2022-02-25 06:53:45,478] {logging_mixin.py:109} INFO - [2022-02-25 06:53:45,477] {dag.py:2937} INFO - Setting next_dagrun for example_trigger_controller_dag to 2021-01-01T00:00:00+00:00
[2022-02-25 06:53:45,490] {processor.py:171} INFO - Processing /home/airflow/.local/lib/python3.7/site-packages/airflow/example_dags/example_trigger_controller_dag.py took 0.099 seconds
[2022-02-25 06:54:15,806] {processor.py:163} INFO - Started process (PID=1011) to work on /home/airflow/.local/lib/python3.7/site-packages/airflow/example_dags/example_trigger_controller_dag.py
[2022-02-25 06:54:15,808] {processor.py:642} INFO - Processing file /home/airflow/.local/lib/python3.7/site-packages/airflow/example_dags/example_trigger_controller_dag.py for tasks to queue
[2022-02-25 06:54:15,809] {logging_mixin.py:109} INFO - [2022-02-25 06:54:15,809] {dagbag.py:500} INFO - Filling up the DagBag from /home/airflow/.local/lib/python3.7/site-packages/airflow/example_dags/example_trigger_controller_dag.py
[2022-02-25 06:54:15,846] {processor.py:654} INFO - DAG(s) dict_keys(['example_trigger_controller_dag']) retrieved from /home/airflow/.local/lib/python3.7/site-packages/airflow/example_dags/example_trigger_controller_dag.py
[2022-02-25 06:54:15,860] {logging_mixin.py:109} INFO - [2022-02-25 06:54:15,860] {dag.py:2398} INFO - Sync 1 DAGs
[2022-02-25 06:54:15,876] {logging_mixin.py:109} INFO - [2022-02-25 06:54:15,876] {dag.py:2937} INFO - Setting next_dagrun for example_trigger_controller_dag to 2021-01-01T00:00:00+00:00
[2022-02-25 06:54:15,888] {processor.py:171} INFO - Processing /home/airflow/.local/lib/python3.7/site-packages/airflow/example_dags/example_trigger_controller_dag.py took 0.086 seconds
[2022-02-25 06:54:46,923] {processor.py:163} INFO - Started process (PID=1194) to work on /home/airflow/.local/lib/python3.7/site-packages/airflow/example_dags/example_trigger_controller_dag.py
[2022-02-25 06:54:46,925] {processor.py:642} INFO - Processing file /home/airflow/.local/lib/python3.7/site-packages/airflow/example_dags/example_trigger_controller_dag.py for tasks to queue
[2022-02-25 06:54:46,927] {logging_mixin.py:109} INFO - [2022-02-25 06:54:46,927] {dagbag.py:500} INFO - Filling up the DagBag from /home/airflow/.local/lib/python3.7/site-packages/airflow/example_dags/example_trigger_controller_dag.py
[2022-02-25 06:54:47,006] {processor.py:654} INFO - DAG(s) dict_keys(['example_trigger_controller_dag']) retrieved from /home/airflow/.local/lib/python3.7/site-packages/airflow/example_dags/example_trigger_controller_dag.py
[2022-02-25 06:54:47,024] {logging_mixin.py:109} INFO - [2022-02-25 06:54:47,024] {dag.py:2398} INFO - Sync 1 DAGs
[2022-02-25 06:54:47,045] {logging_mixin.py:109} INFO - [2022-02-25 06:54:47,045] {dag.py:2937} INFO - Setting next_dagrun for example_trigger_controller_dag to 2021-01-01T00:00:00+00:00
[2022-02-25 06:54:47,060] {processor.py:171} INFO - Processing /home/airflow/.local/lib/python3.7/site-packages/airflow/example_dags/example_trigger_controller_dag.py took 0.144 seconds
