[2022-02-25 06:52:01,864] {processor.py:163} INFO - Started process (PID=180) to work on /home/airflow/.local/lib/python3.7/site-packages/airflow/example_dags/example_latest_only_with_trigger.py
[2022-02-25 06:52:01,866] {processor.py:642} INFO - Processing file /home/airflow/.local/lib/python3.7/site-packages/airflow/example_dags/example_latest_only_with_trigger.py for tasks to queue
[2022-02-25 06:52:01,867] {logging_mixin.py:109} INFO - [2022-02-25 06:52:01,867] {dagbag.py:500} INFO - Filling up the DagBag from /home/airflow/.local/lib/python3.7/site-packages/airflow/example_dags/example_latest_only_with_trigger.py
[2022-02-25 06:52:01,919] {processor.py:654} INFO - DAG(s) dict_keys(['latest_only_with_trigger']) retrieved from /home/airflow/.local/lib/python3.7/site-packages/airflow/example_dags/example_latest_only_with_trigger.py
[2022-02-25 06:52:01,933] {logging_mixin.py:109} INFO - [2022-02-25 06:52:01,933] {dag.py:2398} INFO - Sync 1 DAGs
[2022-02-25 06:52:01,960] {logging_mixin.py:109} INFO - [2022-02-25 06:52:01,960] {dag.py:2937} INFO - Setting next_dagrun for latest_only_with_trigger to 2022-02-25T02:52:01.959882+00:00
[2022-02-25 06:52:01,975] {processor.py:171} INFO - Processing /home/airflow/.local/lib/python3.7/site-packages/airflow/example_dags/example_latest_only_with_trigger.py took 0.116 seconds
[2022-02-25 06:52:32,725] {processor.py:163} INFO - Started process (PID=366) to work on /home/airflow/.local/lib/python3.7/site-packages/airflow/example_dags/example_latest_only_with_trigger.py
[2022-02-25 06:52:32,731] {processor.py:642} INFO - Processing file /home/airflow/.local/lib/python3.7/site-packages/airflow/example_dags/example_latest_only_with_trigger.py for tasks to queue
[2022-02-25 06:52:32,736] {logging_mixin.py:109} INFO - [2022-02-25 06:52:32,736] {dagbag.py:500} INFO - Filling up the DagBag from /home/airflow/.local/lib/python3.7/site-packages/airflow/example_dags/example_latest_only_with_trigger.py
[2022-02-25 06:52:32,872] {processor.py:654} INFO - DAG(s) dict_keys(['latest_only_with_trigger']) retrieved from /home/airflow/.local/lib/python3.7/site-packages/airflow/example_dags/example_latest_only_with_trigger.py
[2022-02-25 06:52:33,168] {logging_mixin.py:109} INFO - [2022-02-25 06:52:33,167] {dag.py:2398} INFO - Sync 1 DAGs
[2022-02-25 06:52:33,281] {logging_mixin.py:109} INFO - [2022-02-25 06:52:33,281] {dag.py:2937} INFO - Setting next_dagrun for latest_only_with_trigger to 2022-02-25T02:52:33.270000+00:00
[2022-02-25 06:52:33,326] {processor.py:171} INFO - Processing /home/airflow/.local/lib/python3.7/site-packages/airflow/example_dags/example_latest_only_with_trigger.py took 0.608 seconds
[2022-02-25 06:53:03,956] {processor.py:163} INFO - Started process (PID=549) to work on /home/airflow/.local/lib/python3.7/site-packages/airflow/example_dags/example_latest_only_with_trigger.py
[2022-02-25 06:53:03,961] {processor.py:642} INFO - Processing file /home/airflow/.local/lib/python3.7/site-packages/airflow/example_dags/example_latest_only_with_trigger.py for tasks to queue
[2022-02-25 06:53:03,974] {logging_mixin.py:109} INFO - [2022-02-25 06:53:03,974] {dagbag.py:500} INFO - Filling up the DagBag from /home/airflow/.local/lib/python3.7/site-packages/airflow/example_dags/example_latest_only_with_trigger.py
[2022-02-25 06:53:04,103] {processor.py:654} INFO - DAG(s) dict_keys(['latest_only_with_trigger']) retrieved from /home/airflow/.local/lib/python3.7/site-packages/airflow/example_dags/example_latest_only_with_trigger.py
[2022-02-25 06:53:04,130] {logging_mixin.py:109} INFO - [2022-02-25 06:53:04,130] {dag.py:2398} INFO - Sync 1 DAGs
[2022-02-25 06:53:04,168] {logging_mixin.py:109} INFO - [2022-02-25 06:53:04,168] {dag.py:2937} INFO - Setting next_dagrun for latest_only_with_trigger to 2022-02-25T02:53:04.167966+00:00
[2022-02-25 06:53:04,345] {processor.py:171} INFO - Processing /home/airflow/.local/lib/python3.7/site-packages/airflow/example_dags/example_latest_only_with_trigger.py took 0.394 seconds
[2022-02-25 06:53:34,586] {processor.py:163} INFO - Started process (PID=725) to work on /home/airflow/.local/lib/python3.7/site-packages/airflow/example_dags/example_latest_only_with_trigger.py
[2022-02-25 06:53:34,590] {processor.py:642} INFO - Processing file /home/airflow/.local/lib/python3.7/site-packages/airflow/example_dags/example_latest_only_with_trigger.py for tasks to queue
[2022-02-25 06:53:34,593] {logging_mixin.py:109} INFO - [2022-02-25 06:53:34,592] {dagbag.py:500} INFO - Filling up the DagBag from /home/airflow/.local/lib/python3.7/site-packages/airflow/example_dags/example_latest_only_with_trigger.py
[2022-02-25 06:53:34,733] {processor.py:654} INFO - DAG(s) dict_keys(['latest_only_with_trigger']) retrieved from /home/airflow/.local/lib/python3.7/site-packages/airflow/example_dags/example_latest_only_with_trigger.py
[2022-02-25 06:53:34,812] {logging_mixin.py:109} INFO - [2022-02-25 06:53:34,811] {dag.py:2398} INFO - Sync 1 DAGs
[2022-02-25 06:53:34,874] {logging_mixin.py:109} INFO - [2022-02-25 06:53:34,874] {dag.py:2937} INFO - Setting next_dagrun for latest_only_with_trigger to 2022-02-25T02:53:34.869402+00:00
[2022-02-25 06:53:34,906] {processor.py:171} INFO - Processing /home/airflow/.local/lib/python3.7/site-packages/airflow/example_dags/example_latest_only_with_trigger.py took 0.330 seconds
[2022-02-25 06:54:05,116] {processor.py:163} INFO - Started process (PID=909) to work on /home/airflow/.local/lib/python3.7/site-packages/airflow/example_dags/example_latest_only_with_trigger.py
[2022-02-25 06:54:05,122] {processor.py:642} INFO - Processing file /home/airflow/.local/lib/python3.7/site-packages/airflow/example_dags/example_latest_only_with_trigger.py for tasks to queue
[2022-02-25 06:54:05,128] {logging_mixin.py:109} INFO - [2022-02-25 06:54:05,128] {dagbag.py:500} INFO - Filling up the DagBag from /home/airflow/.local/lib/python3.7/site-packages/airflow/example_dags/example_latest_only_with_trigger.py
[2022-02-25 06:54:05,182] {processor.py:654} INFO - DAG(s) dict_keys(['latest_only_with_trigger']) retrieved from /home/airflow/.local/lib/python3.7/site-packages/airflow/example_dags/example_latest_only_with_trigger.py
[2022-02-25 06:54:05,199] {logging_mixin.py:109} INFO - [2022-02-25 06:54:05,199] {dag.py:2398} INFO - Sync 1 DAGs
[2022-02-25 06:54:05,224] {logging_mixin.py:109} INFO - [2022-02-25 06:54:05,224] {dag.py:2937} INFO - Setting next_dagrun for latest_only_with_trigger to 2022-02-25T02:54:05.223453+00:00
[2022-02-25 06:54:05,241] {processor.py:171} INFO - Processing /home/airflow/.local/lib/python3.7/site-packages/airflow/example_dags/example_latest_only_with_trigger.py took 0.136 seconds
[2022-02-25 06:54:35,488] {processor.py:163} INFO - Started process (PID=1102) to work on /home/airflow/.local/lib/python3.7/site-packages/airflow/example_dags/example_latest_only_with_trigger.py
[2022-02-25 06:54:35,490] {processor.py:642} INFO - Processing file /home/airflow/.local/lib/python3.7/site-packages/airflow/example_dags/example_latest_only_with_trigger.py for tasks to queue
[2022-02-25 06:54:35,491] {logging_mixin.py:109} INFO - [2022-02-25 06:54:35,491] {dagbag.py:500} INFO - Filling up the DagBag from /home/airflow/.local/lib/python3.7/site-packages/airflow/example_dags/example_latest_only_with_trigger.py
[2022-02-25 06:54:35,582] {processor.py:654} INFO - DAG(s) dict_keys(['latest_only_with_trigger']) retrieved from /home/airflow/.local/lib/python3.7/site-packages/airflow/example_dags/example_latest_only_with_trigger.py
[2022-02-25 06:54:35,606] {logging_mixin.py:109} INFO - [2022-02-25 06:54:35,605] {dag.py:2398} INFO - Sync 1 DAGs
[2022-02-25 06:54:35,720] {logging_mixin.py:109} INFO - [2022-02-25 06:54:35,720] {dag.py:2937} INFO - Setting next_dagrun for latest_only_with_trigger to 2022-02-25T02:54:35.718508+00:00
[2022-02-25 06:54:35,745] {processor.py:171} INFO - Processing /home/airflow/.local/lib/python3.7/site-packages/airflow/example_dags/example_latest_only_with_trigger.py took 0.261 seconds
[2022-02-25 06:55:06,195] {processor.py:163} INFO - Started process (PID=1287) to work on /home/airflow/.local/lib/python3.7/site-packages/airflow/example_dags/example_latest_only_with_trigger.py
[2022-02-25 06:55:06,199] {processor.py:642} INFO - Processing file /home/airflow/.local/lib/python3.7/site-packages/airflow/example_dags/example_latest_only_with_trigger.py for tasks to queue
[2022-02-25 06:55:06,201] {logging_mixin.py:109} INFO - [2022-02-25 06:55:06,200] {dagbag.py:500} INFO - Filling up the DagBag from /home/airflow/.local/lib/python3.7/site-packages/airflow/example_dags/example_latest_only_with_trigger.py
[2022-02-25 06:55:06,307] {processor.py:654} INFO - DAG(s) dict_keys(['latest_only_with_trigger']) retrieved from /home/airflow/.local/lib/python3.7/site-packages/airflow/example_dags/example_latest_only_with_trigger.py
[2022-02-25 06:55:06,368] {logging_mixin.py:109} INFO - [2022-02-25 06:55:06,368] {dag.py:2398} INFO - Sync 1 DAGs
[2022-02-25 06:55:06,408] {logging_mixin.py:109} INFO - [2022-02-25 06:55:06,408] {dag.py:2937} INFO - Setting next_dagrun for latest_only_with_trigger to 2022-02-25T02:55:06.408361+00:00
[2022-02-25 06:55:06,679] {processor.py:171} INFO - Processing /home/airflow/.local/lib/python3.7/site-packages/airflow/example_dags/example_latest_only_with_trigger.py took 0.490 seconds
