[2022-02-25 06:52:04,097] {processor.py:163} INFO - Started process (PID=240) to work on /home/airflow/.local/lib/python3.7/site-packages/airflow/example_dags/example_latest_only.py
[2022-02-25 06:52:04,100] {processor.py:642} INFO - Processing file /home/airflow/.local/lib/python3.7/site-packages/airflow/example_dags/example_latest_only.py for tasks to queue
[2022-02-25 06:52:04,102] {logging_mixin.py:109} INFO - [2022-02-25 06:52:04,102] {dagbag.py:500} INFO - Filling up the DagBag from /home/airflow/.local/lib/python3.7/site-packages/airflow/example_dags/example_latest_only.py
[2022-02-25 06:52:04,164] {processor.py:654} INFO - DAG(s) dict_keys(['latest_only']) retrieved from /home/airflow/.local/lib/python3.7/site-packages/airflow/example_dags/example_latest_only.py
[2022-02-25 06:52:04,189] {logging_mixin.py:109} INFO - [2022-02-25 06:52:04,189] {dag.py:2398} INFO - Sync 1 DAGs
[2022-02-25 06:52:04,220] {logging_mixin.py:109} INFO - [2022-02-25 06:52:04,220] {dag.py:2937} INFO - Setting next_dagrun for latest_only to 2022-02-25T02:52:04.220026+00:00
[2022-02-25 06:52:04,240] {processor.py:171} INFO - Processing /home/airflow/.local/lib/python3.7/site-packages/airflow/example_dags/example_latest_only.py took 0.147 seconds
[2022-02-25 06:52:38,437] {processor.py:163} INFO - Started process (PID=426) to work on /home/airflow/.local/lib/python3.7/site-packages/airflow/example_dags/example_latest_only.py
[2022-02-25 06:52:38,440] {processor.py:642} INFO - Processing file /home/airflow/.local/lib/python3.7/site-packages/airflow/example_dags/example_latest_only.py for tasks to queue
[2022-02-25 06:52:38,443] {logging_mixin.py:109} INFO - [2022-02-25 06:52:38,442] {dagbag.py:500} INFO - Filling up the DagBag from /home/airflow/.local/lib/python3.7/site-packages/airflow/example_dags/example_latest_only.py
[2022-02-25 06:52:38,516] {processor.py:654} INFO - DAG(s) dict_keys(['latest_only']) retrieved from /home/airflow/.local/lib/python3.7/site-packages/airflow/example_dags/example_latest_only.py
[2022-02-25 06:52:38,540] {logging_mixin.py:109} INFO - [2022-02-25 06:52:38,540] {dag.py:2398} INFO - Sync 1 DAGs
[2022-02-25 06:52:38,568] {logging_mixin.py:109} INFO - [2022-02-25 06:52:38,567] {dag.py:2937} INFO - Setting next_dagrun for latest_only to 2022-02-25T02:52:38.567369+00:00
[2022-02-25 06:52:38,585] {processor.py:171} INFO - Processing /home/airflow/.local/lib/python3.7/site-packages/airflow/example_dags/example_latest_only.py took 0.156 seconds
[2022-02-25 06:53:12,268] {processor.py:163} INFO - Started process (PID=612) to work on /home/airflow/.local/lib/python3.7/site-packages/airflow/example_dags/example_latest_only.py
[2022-02-25 06:53:12,272] {processor.py:642} INFO - Processing file /home/airflow/.local/lib/python3.7/site-packages/airflow/example_dags/example_latest_only.py for tasks to queue
[2022-02-25 06:53:12,274] {logging_mixin.py:109} INFO - [2022-02-25 06:53:12,274] {dagbag.py:500} INFO - Filling up the DagBag from /home/airflow/.local/lib/python3.7/site-packages/airflow/example_dags/example_latest_only.py
[2022-02-25 06:53:12,339] {processor.py:654} INFO - DAG(s) dict_keys(['latest_only']) retrieved from /home/airflow/.local/lib/python3.7/site-packages/airflow/example_dags/example_latest_only.py
[2022-02-25 06:53:12,389] {logging_mixin.py:109} INFO - [2022-02-25 06:53:12,389] {dag.py:2398} INFO - Sync 1 DAGs
[2022-02-25 06:53:12,432] {logging_mixin.py:109} INFO - [2022-02-25 06:53:12,432] {dag.py:2937} INFO - Setting next_dagrun for latest_only to 2022-02-25T02:53:12.431111+00:00
[2022-02-25 06:53:12,463] {processor.py:171} INFO - Processing /home/airflow/.local/lib/python3.7/site-packages/airflow/example_dags/example_latest_only.py took 0.203 seconds
[2022-02-25 06:53:42,592] {processor.py:163} INFO - Started process (PID=796) to work on /home/airflow/.local/lib/python3.7/site-packages/airflow/example_dags/example_latest_only.py
[2022-02-25 06:53:42,594] {processor.py:642} INFO - Processing file /home/airflow/.local/lib/python3.7/site-packages/airflow/example_dags/example_latest_only.py for tasks to queue
[2022-02-25 06:53:42,602] {logging_mixin.py:109} INFO - [2022-02-25 06:53:42,602] {dagbag.py:500} INFO - Filling up the DagBag from /home/airflow/.local/lib/python3.7/site-packages/airflow/example_dags/example_latest_only.py
[2022-02-25 06:53:42,694] {processor.py:654} INFO - DAG(s) dict_keys(['latest_only']) retrieved from /home/airflow/.local/lib/python3.7/site-packages/airflow/example_dags/example_latest_only.py
[2022-02-25 06:53:42,707] {logging_mixin.py:109} INFO - [2022-02-25 06:53:42,707] {dag.py:2398} INFO - Sync 1 DAGs
[2022-02-25 06:53:42,734] {logging_mixin.py:109} INFO - [2022-02-25 06:53:42,734] {dag.py:2937} INFO - Setting next_dagrun for latest_only to 2022-02-25T02:53:42.733715+00:00
[2022-02-25 06:53:42,756] {processor.py:171} INFO - Processing /home/airflow/.local/lib/python3.7/site-packages/airflow/example_dags/example_latest_only.py took 0.182 seconds
[2022-02-25 06:54:13,659] {processor.py:163} INFO - Started process (PID=979) to work on /home/airflow/.local/lib/python3.7/site-packages/airflow/example_dags/example_latest_only.py
[2022-02-25 06:54:13,661] {processor.py:642} INFO - Processing file /home/airflow/.local/lib/python3.7/site-packages/airflow/example_dags/example_latest_only.py for tasks to queue
[2022-02-25 06:54:13,663] {logging_mixin.py:109} INFO - [2022-02-25 06:54:13,663] {dagbag.py:500} INFO - Filling up the DagBag from /home/airflow/.local/lib/python3.7/site-packages/airflow/example_dags/example_latest_only.py
[2022-02-25 06:54:13,710] {processor.py:654} INFO - DAG(s) dict_keys(['latest_only']) retrieved from /home/airflow/.local/lib/python3.7/site-packages/airflow/example_dags/example_latest_only.py
[2022-02-25 06:54:13,732] {logging_mixin.py:109} INFO - [2022-02-25 06:54:13,732] {dag.py:2398} INFO - Sync 1 DAGs
[2022-02-25 06:54:13,756] {logging_mixin.py:109} INFO - [2022-02-25 06:54:13,756] {dag.py:2937} INFO - Setting next_dagrun for latest_only to 2022-02-25T02:54:13.756170+00:00
[2022-02-25 06:54:13,773] {processor.py:171} INFO - Processing /home/airflow/.local/lib/python3.7/site-packages/airflow/example_dags/example_latest_only.py took 0.119 seconds
[2022-02-25 06:54:46,321] {processor.py:163} INFO - Started process (PID=1164) to work on /home/airflow/.local/lib/python3.7/site-packages/airflow/example_dags/example_latest_only.py
[2022-02-25 06:54:46,331] {processor.py:642} INFO - Processing file /home/airflow/.local/lib/python3.7/site-packages/airflow/example_dags/example_latest_only.py for tasks to queue
[2022-02-25 06:54:46,335] {logging_mixin.py:109} INFO - [2022-02-25 06:54:46,335] {dagbag.py:500} INFO - Filling up the DagBag from /home/airflow/.local/lib/python3.7/site-packages/airflow/example_dags/example_latest_only.py
[2022-02-25 06:54:46,401] {processor.py:654} INFO - DAG(s) dict_keys(['latest_only']) retrieved from /home/airflow/.local/lib/python3.7/site-packages/airflow/example_dags/example_latest_only.py
[2022-02-25 06:54:46,419] {logging_mixin.py:109} INFO - [2022-02-25 06:54:46,419] {dag.py:2398} INFO - Sync 1 DAGs
[2022-02-25 06:54:46,448] {logging_mixin.py:109} INFO - [2022-02-25 06:54:46,448] {dag.py:2937} INFO - Setting next_dagrun for latest_only to 2022-02-25T02:54:46.448031+00:00
[2022-02-25 06:54:46,460] {processor.py:171} INFO - Processing /home/airflow/.local/lib/python3.7/site-packages/airflow/example_dags/example_latest_only.py took 0.145 seconds
