[2022-02-25 06:52:03,795] {processor.py:163} INFO - Started process (PID=225) to work on /home/airflow/.local/lib/python3.7/site-packages/airflow/example_dags/example_bash_operator.py
[2022-02-25 06:52:03,798] {processor.py:642} INFO - Processing file /home/airflow/.local/lib/python3.7/site-packages/airflow/example_dags/example_bash_operator.py for tasks to queue
[2022-02-25 06:52:03,800] {logging_mixin.py:109} INFO - [2022-02-25 06:52:03,800] {dagbag.py:500} INFO - Filling up the DagBag from /home/airflow/.local/lib/python3.7/site-packages/airflow/example_dags/example_bash_operator.py
[2022-02-25 06:52:03,867] {processor.py:654} INFO - DAG(s) dict_keys(['example_bash_operator']) retrieved from /home/airflow/.local/lib/python3.7/site-packages/airflow/example_dags/example_bash_operator.py
[2022-02-25 06:52:03,893] {logging_mixin.py:109} INFO - [2022-02-25 06:52:03,892] {dag.py:2398} INFO - Sync 1 DAGs
[2022-02-25 06:52:03,923] {logging_mixin.py:109} INFO - [2022-02-25 06:52:03,923] {dag.py:2937} INFO - Setting next_dagrun for example_bash_operator to 2022-02-24 00:00:00+00:00
[2022-02-25 06:52:03,944] {processor.py:171} INFO - Processing /home/airflow/.local/lib/python3.7/site-packages/airflow/example_dags/example_bash_operator.py took 0.154 seconds
[2022-02-25 06:52:38,121] {processor.py:163} INFO - Started process (PID=411) to work on /home/airflow/.local/lib/python3.7/site-packages/airflow/example_dags/example_bash_operator.py
[2022-02-25 06:52:38,124] {processor.py:642} INFO - Processing file /home/airflow/.local/lib/python3.7/site-packages/airflow/example_dags/example_bash_operator.py for tasks to queue
[2022-02-25 06:52:38,126] {logging_mixin.py:109} INFO - [2022-02-25 06:52:38,125] {dagbag.py:500} INFO - Filling up the DagBag from /home/airflow/.local/lib/python3.7/site-packages/airflow/example_dags/example_bash_operator.py
[2022-02-25 06:52:38,176] {processor.py:654} INFO - DAG(s) dict_keys(['example_bash_operator']) retrieved from /home/airflow/.local/lib/python3.7/site-packages/airflow/example_dags/example_bash_operator.py
[2022-02-25 06:52:38,193] {logging_mixin.py:109} INFO - [2022-02-25 06:52:38,193] {dag.py:2398} INFO - Sync 1 DAGs
[2022-02-25 06:52:38,219] {logging_mixin.py:109} INFO - [2022-02-25 06:52:38,218] {dag.py:2937} INFO - Setting next_dagrun for example_bash_operator to 2022-02-24 00:00:00+00:00
[2022-02-25 06:52:38,239] {processor.py:171} INFO - Processing /home/airflow/.local/lib/python3.7/site-packages/airflow/example_dags/example_bash_operator.py took 0.122 seconds
[2022-02-25 06:53:11,753] {processor.py:163} INFO - Started process (PID=597) to work on /home/airflow/.local/lib/python3.7/site-packages/airflow/example_dags/example_bash_operator.py
[2022-02-25 06:53:11,763] {processor.py:642} INFO - Processing file /home/airflow/.local/lib/python3.7/site-packages/airflow/example_dags/example_bash_operator.py for tasks to queue
[2022-02-25 06:53:11,771] {logging_mixin.py:109} INFO - [2022-02-25 06:53:11,768] {dagbag.py:500} INFO - Filling up the DagBag from /home/airflow/.local/lib/python3.7/site-packages/airflow/example_dags/example_bash_operator.py
[2022-02-25 06:53:11,904] {processor.py:654} INFO - DAG(s) dict_keys(['example_bash_operator']) retrieved from /home/airflow/.local/lib/python3.7/site-packages/airflow/example_dags/example_bash_operator.py
[2022-02-25 06:53:11,937] {logging_mixin.py:109} INFO - [2022-02-25 06:53:11,937] {dag.py:2398} INFO - Sync 1 DAGs
[2022-02-25 06:53:12,027] {logging_mixin.py:109} INFO - [2022-02-25 06:53:12,027] {dag.py:2937} INFO - Setting next_dagrun for example_bash_operator to 2022-02-24 00:00:00+00:00
[2022-02-25 06:53:12,047] {processor.py:171} INFO - Processing /home/airflow/.local/lib/python3.7/site-packages/airflow/example_dags/example_bash_operator.py took 0.326 seconds
[2022-02-25 06:53:42,307] {processor.py:163} INFO - Started process (PID=781) to work on /home/airflow/.local/lib/python3.7/site-packages/airflow/example_dags/example_bash_operator.py
[2022-02-25 06:53:42,310] {processor.py:642} INFO - Processing file /home/airflow/.local/lib/python3.7/site-packages/airflow/example_dags/example_bash_operator.py for tasks to queue
[2022-02-25 06:53:42,316] {logging_mixin.py:109} INFO - [2022-02-25 06:53:42,313] {dagbag.py:500} INFO - Filling up the DagBag from /home/airflow/.local/lib/python3.7/site-packages/airflow/example_dags/example_bash_operator.py
[2022-02-25 06:53:42,379] {processor.py:654} INFO - DAG(s) dict_keys(['example_bash_operator']) retrieved from /home/airflow/.local/lib/python3.7/site-packages/airflow/example_dags/example_bash_operator.py
[2022-02-25 06:53:42,393] {logging_mixin.py:109} INFO - [2022-02-25 06:53:42,393] {dag.py:2398} INFO - Sync 1 DAGs
[2022-02-25 06:53:42,425] {logging_mixin.py:109} INFO - [2022-02-25 06:53:42,425] {dag.py:2937} INFO - Setting next_dagrun for example_bash_operator to 2022-02-24 00:00:00+00:00
[2022-02-25 06:53:42,453] {processor.py:171} INFO - Processing /home/airflow/.local/lib/python3.7/site-packages/airflow/example_dags/example_bash_operator.py took 0.153 seconds
[2022-02-25 06:54:13,486] {processor.py:163} INFO - Started process (PID=965) to work on /home/airflow/.local/lib/python3.7/site-packages/airflow/example_dags/example_bash_operator.py
[2022-02-25 06:54:13,490] {processor.py:642} INFO - Processing file /home/airflow/.local/lib/python3.7/site-packages/airflow/example_dags/example_bash_operator.py for tasks to queue
[2022-02-25 06:54:13,492] {logging_mixin.py:109} INFO - [2022-02-25 06:54:13,492] {dagbag.py:500} INFO - Filling up the DagBag from /home/airflow/.local/lib/python3.7/site-packages/airflow/example_dags/example_bash_operator.py
[2022-02-25 06:54:13,548] {processor.py:654} INFO - DAG(s) dict_keys(['example_bash_operator']) retrieved from /home/airflow/.local/lib/python3.7/site-packages/airflow/example_dags/example_bash_operator.py
[2022-02-25 06:54:13,563] {logging_mixin.py:109} INFO - [2022-02-25 06:54:13,563] {dag.py:2398} INFO - Sync 1 DAGs
[2022-02-25 06:54:13,588] {logging_mixin.py:109} INFO - [2022-02-25 06:54:13,588] {dag.py:2937} INFO - Setting next_dagrun for example_bash_operator to 2022-02-24 00:00:00+00:00
[2022-02-25 06:54:13,604] {processor.py:171} INFO - Processing /home/airflow/.local/lib/python3.7/site-packages/airflow/example_dags/example_bash_operator.py took 0.131 seconds
[2022-02-25 06:54:46,046] {processor.py:163} INFO - Started process (PID=1149) to work on /home/airflow/.local/lib/python3.7/site-packages/airflow/example_dags/example_bash_operator.py
[2022-02-25 06:54:46,048] {processor.py:642} INFO - Processing file /home/airflow/.local/lib/python3.7/site-packages/airflow/example_dags/example_bash_operator.py for tasks to queue
[2022-02-25 06:54:46,050] {logging_mixin.py:109} INFO - [2022-02-25 06:54:46,049] {dagbag.py:500} INFO - Filling up the DagBag from /home/airflow/.local/lib/python3.7/site-packages/airflow/example_dags/example_bash_operator.py
[2022-02-25 06:54:46,111] {processor.py:654} INFO - DAG(s) dict_keys(['example_bash_operator']) retrieved from /home/airflow/.local/lib/python3.7/site-packages/airflow/example_dags/example_bash_operator.py
[2022-02-25 06:54:46,130] {logging_mixin.py:109} INFO - [2022-02-25 06:54:46,129] {dag.py:2398} INFO - Sync 1 DAGs
[2022-02-25 06:54:46,179] {logging_mixin.py:109} INFO - [2022-02-25 06:54:46,179] {dag.py:2937} INFO - Setting next_dagrun for example_bash_operator to 2022-02-24 00:00:00+00:00
[2022-02-25 06:54:46,201] {processor.py:171} INFO - Processing /home/airflow/.local/lib/python3.7/site-packages/airflow/example_dags/example_bash_operator.py took 0.163 seconds
