[2022-02-25 06:52:06,523] {processor.py:163} INFO - Started process (PID=307) to work on /home/airflow/.local/lib/python3.7/site-packages/airflow/example_dags/example_short_circuit_operator.py
[2022-02-25 06:52:06,525] {processor.py:642} INFO - Processing file /home/airflow/.local/lib/python3.7/site-packages/airflow/example_dags/example_short_circuit_operator.py for tasks to queue
[2022-02-25 06:52:06,527] {logging_mixin.py:109} INFO - [2022-02-25 06:52:06,527] {dagbag.py:500} INFO - Filling up the DagBag from /home/airflow/.local/lib/python3.7/site-packages/airflow/example_dags/example_short_circuit_operator.py
[2022-02-25 06:52:06,580] {processor.py:654} INFO - DAG(s) dict_keys(['example_short_circuit_operator']) retrieved from /home/airflow/.local/lib/python3.7/site-packages/airflow/example_dags/example_short_circuit_operator.py
[2022-02-25 06:52:06,599] {logging_mixin.py:109} INFO - [2022-02-25 06:52:06,599] {dag.py:2398} INFO - Sync 1 DAGs
[2022-02-25 06:52:06,629] {logging_mixin.py:109} INFO - [2022-02-25 06:52:06,629] {dag.py:2937} INFO - Setting next_dagrun for example_short_circuit_operator to 2022-02-24T06:52:06.628647+00:00
[2022-02-25 06:52:06,650] {processor.py:171} INFO - Processing /home/airflow/.local/lib/python3.7/site-packages/airflow/example_dags/example_short_circuit_operator.py took 0.131 seconds
[2022-02-25 06:52:40,214] {processor.py:163} INFO - Started process (PID=491) to work on /home/airflow/.local/lib/python3.7/site-packages/airflow/example_dags/example_short_circuit_operator.py
[2022-02-25 06:52:40,217] {processor.py:642} INFO - Processing file /home/airflow/.local/lib/python3.7/site-packages/airflow/example_dags/example_short_circuit_operator.py for tasks to queue
[2022-02-25 06:52:40,220] {logging_mixin.py:109} INFO - [2022-02-25 06:52:40,219] {dagbag.py:500} INFO - Filling up the DagBag from /home/airflow/.local/lib/python3.7/site-packages/airflow/example_dags/example_short_circuit_operator.py
[2022-02-25 06:52:40,284] {processor.py:654} INFO - DAG(s) dict_keys(['example_short_circuit_operator']) retrieved from /home/airflow/.local/lib/python3.7/site-packages/airflow/example_dags/example_short_circuit_operator.py
[2022-02-25 06:52:40,301] {logging_mixin.py:109} INFO - [2022-02-25 06:52:40,301] {dag.py:2398} INFO - Sync 1 DAGs
[2022-02-25 06:52:40,324] {logging_mixin.py:109} INFO - [2022-02-25 06:52:40,324] {dag.py:2937} INFO - Setting next_dagrun for example_short_circuit_operator to 2022-02-24T06:52:40.324171+00:00
[2022-02-25 06:52:40,342] {processor.py:171} INFO - Processing /home/airflow/.local/lib/python3.7/site-packages/airflow/example_dags/example_short_circuit_operator.py took 0.133 seconds
[2022-02-25 06:53:18,304] {processor.py:163} INFO - Started process (PID=677) to work on /home/airflow/.local/lib/python3.7/site-packages/airflow/example_dags/example_short_circuit_operator.py
[2022-02-25 06:53:18,309] {processor.py:642} INFO - Processing file /home/airflow/.local/lib/python3.7/site-packages/airflow/example_dags/example_short_circuit_operator.py for tasks to queue
[2022-02-25 06:53:18,315] {logging_mixin.py:109} INFO - [2022-02-25 06:53:18,315] {dagbag.py:500} INFO - Filling up the DagBag from /home/airflow/.local/lib/python3.7/site-packages/airflow/example_dags/example_short_circuit_operator.py
[2022-02-25 06:53:18,440] {processor.py:654} INFO - DAG(s) dict_keys(['example_short_circuit_operator']) retrieved from /home/airflow/.local/lib/python3.7/site-packages/airflow/example_dags/example_short_circuit_operator.py
[2022-02-25 06:53:18,484] {logging_mixin.py:109} INFO - [2022-02-25 06:53:18,483] {dag.py:2398} INFO - Sync 1 DAGs
[2022-02-25 06:53:18,557] {logging_mixin.py:109} INFO - [2022-02-25 06:53:18,557] {dag.py:2937} INFO - Setting next_dagrun for example_short_circuit_operator to 2022-02-24T06:53:18.556739+00:00
[2022-02-25 06:53:18,583] {processor.py:171} INFO - Processing /home/airflow/.local/lib/python3.7/site-packages/airflow/example_dags/example_short_circuit_operator.py took 0.294 seconds
[2022-02-25 06:53:49,599] {processor.py:163} INFO - Started process (PID=863) to work on /home/airflow/.local/lib/python3.7/site-packages/airflow/example_dags/example_short_circuit_operator.py
[2022-02-25 06:53:49,602] {processor.py:642} INFO - Processing file /home/airflow/.local/lib/python3.7/site-packages/airflow/example_dags/example_short_circuit_operator.py for tasks to queue
[2022-02-25 06:53:49,604] {logging_mixin.py:109} INFO - [2022-02-25 06:53:49,603] {dagbag.py:500} INFO - Filling up the DagBag from /home/airflow/.local/lib/python3.7/site-packages/airflow/example_dags/example_short_circuit_operator.py
[2022-02-25 06:53:49,650] {processor.py:654} INFO - DAG(s) dict_keys(['example_short_circuit_operator']) retrieved from /home/airflow/.local/lib/python3.7/site-packages/airflow/example_dags/example_short_circuit_operator.py
[2022-02-25 06:53:49,663] {logging_mixin.py:109} INFO - [2022-02-25 06:53:49,663] {dag.py:2398} INFO - Sync 1 DAGs
[2022-02-25 06:53:49,682] {logging_mixin.py:109} INFO - [2022-02-25 06:53:49,682] {dag.py:2937} INFO - Setting next_dagrun for example_short_circuit_operator to 2022-02-24T06:53:49.681887+00:00
[2022-02-25 06:53:49,695] {processor.py:171} INFO - Processing /home/airflow/.local/lib/python3.7/site-packages/airflow/example_dags/example_short_circuit_operator.py took 0.101 seconds
[2022-02-25 06:54:19,972] {processor.py:163} INFO - Started process (PID=1046) to work on /home/airflow/.local/lib/python3.7/site-packages/airflow/example_dags/example_short_circuit_operator.py
[2022-02-25 06:54:19,974] {processor.py:642} INFO - Processing file /home/airflow/.local/lib/python3.7/site-packages/airflow/example_dags/example_short_circuit_operator.py for tasks to queue
[2022-02-25 06:54:19,976] {logging_mixin.py:109} INFO - [2022-02-25 06:54:19,976] {dagbag.py:500} INFO - Filling up the DagBag from /home/airflow/.local/lib/python3.7/site-packages/airflow/example_dags/example_short_circuit_operator.py
[2022-02-25 06:54:20,030] {processor.py:654} INFO - DAG(s) dict_keys(['example_short_circuit_operator']) retrieved from /home/airflow/.local/lib/python3.7/site-packages/airflow/example_dags/example_short_circuit_operator.py
[2022-02-25 06:54:20,044] {logging_mixin.py:109} INFO - [2022-02-25 06:54:20,044] {dag.py:2398} INFO - Sync 1 DAGs
[2022-02-25 06:54:20,063] {logging_mixin.py:109} INFO - [2022-02-25 06:54:20,063] {dag.py:2937} INFO - Setting next_dagrun for example_short_circuit_operator to 2022-02-24T06:54:20.063029+00:00
[2022-02-25 06:54:20,078] {processor.py:171} INFO - Processing /home/airflow/.local/lib/python3.7/site-packages/airflow/example_dags/example_short_circuit_operator.py took 0.111 seconds
[2022-02-25 06:54:50,549] {processor.py:163} INFO - Started process (PID=1241) to work on /home/airflow/.local/lib/python3.7/site-packages/airflow/example_dags/example_short_circuit_operator.py
[2022-02-25 06:54:50,554] {processor.py:642} INFO - Processing file /home/airflow/.local/lib/python3.7/site-packages/airflow/example_dags/example_short_circuit_operator.py for tasks to queue
[2022-02-25 06:54:50,556] {logging_mixin.py:109} INFO - [2022-02-25 06:54:50,556] {dagbag.py:500} INFO - Filling up the DagBag from /home/airflow/.local/lib/python3.7/site-packages/airflow/example_dags/example_short_circuit_operator.py
[2022-02-25 06:54:50,661] {processor.py:654} INFO - DAG(s) dict_keys(['example_short_circuit_operator']) retrieved from /home/airflow/.local/lib/python3.7/site-packages/airflow/example_dags/example_short_circuit_operator.py
[2022-02-25 06:54:50,691] {logging_mixin.py:109} INFO - [2022-02-25 06:54:50,690] {dag.py:2398} INFO - Sync 1 DAGs
[2022-02-25 06:54:50,757] {logging_mixin.py:109} INFO - [2022-02-25 06:54:50,756] {dag.py:2937} INFO - Setting next_dagrun for example_short_circuit_operator to 2022-02-24T06:54:50.756639+00:00
[2022-02-25 06:54:50,777] {processor.py:171} INFO - Processing /home/airflow/.local/lib/python3.7/site-packages/airflow/example_dags/example_short_circuit_operator.py took 0.239 seconds
