[2022-02-25 06:52:06,707] {processor.py:163} INFO - Started process (PID=320) to work on /home/airflow/.local/lib/python3.7/site-packages/airflow/example_dags/example_branch_python_dop_operator_3.py
[2022-02-25 06:52:06,711] {processor.py:642} INFO - Processing file /home/airflow/.local/lib/python3.7/site-packages/airflow/example_dags/example_branch_python_dop_operator_3.py for tasks to queue
[2022-02-25 06:52:06,713] {logging_mixin.py:109} INFO - [2022-02-25 06:52:06,713] {dagbag.py:500} INFO - Filling up the DagBag from /home/airflow/.local/lib/python3.7/site-packages/airflow/example_dags/example_branch_python_dop_operator_3.py
[2022-02-25 06:52:06,774] {processor.py:654} INFO - DAG(s) dict_keys(['example_branch_dop_operator_v3']) retrieved from /home/airflow/.local/lib/python3.7/site-packages/airflow/example_dags/example_branch_python_dop_operator_3.py
[2022-02-25 06:52:06,793] {logging_mixin.py:109} INFO - [2022-02-25 06:52:06,792] {dag.py:2398} INFO - Sync 1 DAGs
[2022-02-25 06:52:06,833] {logging_mixin.py:109} INFO - [2022-02-25 06:52:06,833] {dag.py:2937} INFO - Setting next_dagrun for example_branch_dop_operator_v3 to 2022-02-25T06:51:00+00:00
[2022-02-25 06:52:06,855] {processor.py:171} INFO - Processing /home/airflow/.local/lib/python3.7/site-packages/airflow/example_dags/example_branch_python_dop_operator_3.py took 0.156 seconds
[2022-02-25 06:52:40,448] {processor.py:163} INFO - Started process (PID=506) to work on /home/airflow/.local/lib/python3.7/site-packages/airflow/example_dags/example_branch_python_dop_operator_3.py
[2022-02-25 06:52:40,451] {processor.py:642} INFO - Processing file /home/airflow/.local/lib/python3.7/site-packages/airflow/example_dags/example_branch_python_dop_operator_3.py for tasks to queue
[2022-02-25 06:52:40,453] {logging_mixin.py:109} INFO - [2022-02-25 06:52:40,452] {dagbag.py:500} INFO - Filling up the DagBag from /home/airflow/.local/lib/python3.7/site-packages/airflow/example_dags/example_branch_python_dop_operator_3.py
[2022-02-25 06:52:40,493] {processor.py:654} INFO - DAG(s) dict_keys(['example_branch_dop_operator_v3']) retrieved from /home/airflow/.local/lib/python3.7/site-packages/airflow/example_dags/example_branch_python_dop_operator_3.py
[2022-02-25 06:52:40,508] {logging_mixin.py:109} INFO - [2022-02-25 06:52:40,507] {dag.py:2398} INFO - Sync 1 DAGs
[2022-02-25 06:52:40,540] {logging_mixin.py:109} INFO - [2022-02-25 06:52:40,540] {dag.py:2937} INFO - Setting next_dagrun for example_branch_dop_operator_v3 to 2022-02-25T06:51:00+00:00
[2022-02-25 06:52:40,555] {processor.py:171} INFO - Processing /home/airflow/.local/lib/python3.7/site-packages/airflow/example_dags/example_branch_python_dop_operator_3.py took 0.111 seconds
[2022-02-25 06:53:18,856] {processor.py:163} INFO - Started process (PID=692) to work on /home/airflow/.local/lib/python3.7/site-packages/airflow/example_dags/example_branch_python_dop_operator_3.py
[2022-02-25 06:53:18,859] {processor.py:642} INFO - Processing file /home/airflow/.local/lib/python3.7/site-packages/airflow/example_dags/example_branch_python_dop_operator_3.py for tasks to queue
[2022-02-25 06:53:18,867] {logging_mixin.py:109} INFO - [2022-02-25 06:53:18,866] {dagbag.py:500} INFO - Filling up the DagBag from /home/airflow/.local/lib/python3.7/site-packages/airflow/example_dags/example_branch_python_dop_operator_3.py
[2022-02-25 06:53:18,980] {processor.py:654} INFO - DAG(s) dict_keys(['example_branch_dop_operator_v3']) retrieved from /home/airflow/.local/lib/python3.7/site-packages/airflow/example_dags/example_branch_python_dop_operator_3.py
[2022-02-25 06:53:19,009] {logging_mixin.py:109} INFO - [2022-02-25 06:53:19,009] {dag.py:2398} INFO - Sync 1 DAGs
[2022-02-25 06:53:19,069] {logging_mixin.py:109} INFO - [2022-02-25 06:53:19,069] {dag.py:2937} INFO - Setting next_dagrun for example_branch_dop_operator_v3 to 2022-02-25T06:52:00+00:00
[2022-02-25 06:53:19,105] {processor.py:171} INFO - Processing /home/airflow/.local/lib/python3.7/site-packages/airflow/example_dags/example_branch_python_dop_operator_3.py took 0.256 seconds
[2022-02-25 06:53:49,727] {processor.py:163} INFO - Started process (PID=873) to work on /home/airflow/.local/lib/python3.7/site-packages/airflow/example_dags/example_branch_python_dop_operator_3.py
[2022-02-25 06:53:49,729] {processor.py:642} INFO - Processing file /home/airflow/.local/lib/python3.7/site-packages/airflow/example_dags/example_branch_python_dop_operator_3.py for tasks to queue
[2022-02-25 06:53:49,731] {logging_mixin.py:109} INFO - [2022-02-25 06:53:49,730] {dagbag.py:500} INFO - Filling up the DagBag from /home/airflow/.local/lib/python3.7/site-packages/airflow/example_dags/example_branch_python_dop_operator_3.py
[2022-02-25 06:53:49,773] {processor.py:654} INFO - DAG(s) dict_keys(['example_branch_dop_operator_v3']) retrieved from /home/airflow/.local/lib/python3.7/site-packages/airflow/example_dags/example_branch_python_dop_operator_3.py
[2022-02-25 06:53:49,788] {logging_mixin.py:109} INFO - [2022-02-25 06:53:49,788] {dag.py:2398} INFO - Sync 1 DAGs
[2022-02-25 06:53:49,811] {logging_mixin.py:109} INFO - [2022-02-25 06:53:49,811] {dag.py:2937} INFO - Setting next_dagrun for example_branch_dop_operator_v3 to 2022-02-25T06:52:00+00:00
[2022-02-25 06:53:49,822] {processor.py:171} INFO - Processing /home/airflow/.local/lib/python3.7/site-packages/airflow/example_dags/example_branch_python_dop_operator_3.py took 0.100 seconds
[2022-02-25 06:54:20,113] {processor.py:163} INFO - Started process (PID=1056) to work on /home/airflow/.local/lib/python3.7/site-packages/airflow/example_dags/example_branch_python_dop_operator_3.py
[2022-02-25 06:54:20,116] {processor.py:642} INFO - Processing file /home/airflow/.local/lib/python3.7/site-packages/airflow/example_dags/example_branch_python_dop_operator_3.py for tasks to queue
[2022-02-25 06:54:20,117] {logging_mixin.py:109} INFO - [2022-02-25 06:54:20,117] {dagbag.py:500} INFO - Filling up the DagBag from /home/airflow/.local/lib/python3.7/site-packages/airflow/example_dags/example_branch_python_dop_operator_3.py
[2022-02-25 06:54:20,160] {processor.py:654} INFO - DAG(s) dict_keys(['example_branch_dop_operator_v3']) retrieved from /home/airflow/.local/lib/python3.7/site-packages/airflow/example_dags/example_branch_python_dop_operator_3.py
[2022-02-25 06:54:20,173] {logging_mixin.py:109} INFO - [2022-02-25 06:54:20,173] {dag.py:2398} INFO - Sync 1 DAGs
[2022-02-25 06:54:20,206] {logging_mixin.py:109} INFO - [2022-02-25 06:54:20,206] {dag.py:2937} INFO - Setting next_dagrun for example_branch_dop_operator_v3 to 2022-02-25T06:53:00+00:00
[2022-02-25 06:54:20,220] {processor.py:171} INFO - Processing /home/airflow/.local/lib/python3.7/site-packages/airflow/example_dags/example_branch_python_dop_operator_3.py took 0.111 seconds
[2022-02-25 06:54:50,790] {processor.py:163} INFO - Started process (PID=1249) to work on /home/airflow/.local/lib/python3.7/site-packages/airflow/example_dags/example_branch_python_dop_operator_3.py
[2022-02-25 06:54:50,794] {processor.py:642} INFO - Processing file /home/airflow/.local/lib/python3.7/site-packages/airflow/example_dags/example_branch_python_dop_operator_3.py for tasks to queue
[2022-02-25 06:54:50,796] {logging_mixin.py:109} INFO - [2022-02-25 06:54:50,796] {dagbag.py:500} INFO - Filling up the DagBag from /home/airflow/.local/lib/python3.7/site-packages/airflow/example_dags/example_branch_python_dop_operator_3.py
[2022-02-25 06:54:50,913] {processor.py:654} INFO - DAG(s) dict_keys(['example_branch_dop_operator_v3']) retrieved from /home/airflow/.local/lib/python3.7/site-packages/airflow/example_dags/example_branch_python_dop_operator_3.py
[2022-02-25 06:54:50,933] {logging_mixin.py:109} INFO - [2022-02-25 06:54:50,933] {dag.py:2398} INFO - Sync 1 DAGs
[2022-02-25 06:54:50,977] {logging_mixin.py:109} INFO - [2022-02-25 06:54:50,977] {dag.py:2937} INFO - Setting next_dagrun for example_branch_dop_operator_v3 to 2022-02-25T06:53:00+00:00
[2022-02-25 06:54:51,038] {processor.py:171} INFO - Processing /home/airflow/.local/lib/python3.7/site-packages/airflow/example_dags/example_branch_python_dop_operator_3.py took 0.256 seconds
