[2022-02-25 06:52:06,191] {processor.py:163} INFO - Started process (PID=295) to work on /home/airflow/.local/lib/python3.7/site-packages/airflow/example_dags/example_skip_dag.py
[2022-02-25 06:52:06,196] {processor.py:642} INFO - Processing file /home/airflow/.local/lib/python3.7/site-packages/airflow/example_dags/example_skip_dag.py for tasks to queue
[2022-02-25 06:52:06,199] {logging_mixin.py:109} INFO - [2022-02-25 06:52:06,199] {dagbag.py:500} INFO - Filling up the DagBag from /home/airflow/.local/lib/python3.7/site-packages/airflow/example_dags/example_skip_dag.py
[2022-02-25 06:52:06,247] {processor.py:654} INFO - DAG(s) dict_keys(['example_skip_dag']) retrieved from /home/airflow/.local/lib/python3.7/site-packages/airflow/example_dags/example_skip_dag.py
[2022-02-25 06:52:06,265] {logging_mixin.py:109} INFO - [2022-02-25 06:52:06,265] {dag.py:2398} INFO - Sync 1 DAGs
[2022-02-25 06:52:06,301] {logging_mixin.py:109} INFO - [2022-02-25 06:52:06,301] {dag.py:2937} INFO - Setting next_dagrun for example_skip_dag to 2022-02-24T06:52:06.300301+00:00
[2022-02-25 06:52:06,322] {processor.py:171} INFO - Processing /home/airflow/.local/lib/python3.7/site-packages/airflow/example_dags/example_skip_dag.py took 0.141 seconds
[2022-02-25 06:52:39,997] {processor.py:163} INFO - Started process (PID=481) to work on /home/airflow/.local/lib/python3.7/site-packages/airflow/example_dags/example_skip_dag.py
[2022-02-25 06:52:40,001] {processor.py:642} INFO - Processing file /home/airflow/.local/lib/python3.7/site-packages/airflow/example_dags/example_skip_dag.py for tasks to queue
[2022-02-25 06:52:40,003] {logging_mixin.py:109} INFO - [2022-02-25 06:52:40,003] {dagbag.py:500} INFO - Filling up the DagBag from /home/airflow/.local/lib/python3.7/site-packages/airflow/example_dags/example_skip_dag.py
[2022-02-25 06:52:40,049] {processor.py:654} INFO - DAG(s) dict_keys(['example_skip_dag']) retrieved from /home/airflow/.local/lib/python3.7/site-packages/airflow/example_dags/example_skip_dag.py
[2022-02-25 06:52:40,064] {logging_mixin.py:109} INFO - [2022-02-25 06:52:40,064] {dag.py:2398} INFO - Sync 1 DAGs
[2022-02-25 06:52:40,084] {logging_mixin.py:109} INFO - [2022-02-25 06:52:40,084] {dag.py:2937} INFO - Setting next_dagrun for example_skip_dag to 2022-02-24T06:52:40.084365+00:00
[2022-02-25 06:52:40,098] {processor.py:171} INFO - Processing /home/airflow/.local/lib/python3.7/site-packages/airflow/example_dags/example_skip_dag.py took 0.105 seconds
[2022-02-25 06:53:17,817] {processor.py:163} INFO - Started process (PID=667) to work on /home/airflow/.local/lib/python3.7/site-packages/airflow/example_dags/example_skip_dag.py
[2022-02-25 06:53:17,831] {processor.py:642} INFO - Processing file /home/airflow/.local/lib/python3.7/site-packages/airflow/example_dags/example_skip_dag.py for tasks to queue
[2022-02-25 06:53:17,838] {logging_mixin.py:109} INFO - [2022-02-25 06:53:17,838] {dagbag.py:500} INFO - Filling up the DagBag from /home/airflow/.local/lib/python3.7/site-packages/airflow/example_dags/example_skip_dag.py
[2022-02-25 06:53:17,979] {processor.py:654} INFO - DAG(s) dict_keys(['example_skip_dag']) retrieved from /home/airflow/.local/lib/python3.7/site-packages/airflow/example_dags/example_skip_dag.py
[2022-02-25 06:53:18,029] {logging_mixin.py:109} INFO - [2022-02-25 06:53:18,029] {dag.py:2398} INFO - Sync 1 DAGs
[2022-02-25 06:53:18,082] {logging_mixin.py:109} INFO - [2022-02-25 06:53:18,081] {dag.py:2937} INFO - Setting next_dagrun for example_skip_dag to 2022-02-24T06:53:18.081003+00:00
[2022-02-25 06:53:18,114] {processor.py:171} INFO - Processing /home/airflow/.local/lib/python3.7/site-packages/airflow/example_dags/example_skip_dag.py took 0.314 seconds
[2022-02-25 06:53:48,476] {processor.py:163} INFO - Started process (PID=853) to work on /home/airflow/.local/lib/python3.7/site-packages/airflow/example_dags/example_skip_dag.py
[2022-02-25 06:53:48,478] {processor.py:642} INFO - Processing file /home/airflow/.local/lib/python3.7/site-packages/airflow/example_dags/example_skip_dag.py for tasks to queue
[2022-02-25 06:53:48,480] {logging_mixin.py:109} INFO - [2022-02-25 06:53:48,479] {dagbag.py:500} INFO - Filling up the DagBag from /home/airflow/.local/lib/python3.7/site-packages/airflow/example_dags/example_skip_dag.py
[2022-02-25 06:53:48,517] {processor.py:654} INFO - DAG(s) dict_keys(['example_skip_dag']) retrieved from /home/airflow/.local/lib/python3.7/site-packages/airflow/example_dags/example_skip_dag.py
[2022-02-25 06:53:48,530] {logging_mixin.py:109} INFO - [2022-02-25 06:53:48,530] {dag.py:2398} INFO - Sync 1 DAGs
[2022-02-25 06:53:48,549] {logging_mixin.py:109} INFO - [2022-02-25 06:53:48,549] {dag.py:2937} INFO - Setting next_dagrun for example_skip_dag to 2022-02-24T06:53:48.548730+00:00
[2022-02-25 06:53:48,560] {processor.py:171} INFO - Processing /home/airflow/.local/lib/python3.7/site-packages/airflow/example_dags/example_skip_dag.py took 0.089 seconds
[2022-02-25 06:54:18,615] {processor.py:163} INFO - Started process (PID=1033) to work on /home/airflow/.local/lib/python3.7/site-packages/airflow/example_dags/example_skip_dag.py
[2022-02-25 06:54:18,617] {processor.py:642} INFO - Processing file /home/airflow/.local/lib/python3.7/site-packages/airflow/example_dags/example_skip_dag.py for tasks to queue
[2022-02-25 06:54:18,619] {logging_mixin.py:109} INFO - [2022-02-25 06:54:18,618] {dagbag.py:500} INFO - Filling up the DagBag from /home/airflow/.local/lib/python3.7/site-packages/airflow/example_dags/example_skip_dag.py
[2022-02-25 06:54:18,681] {processor.py:654} INFO - DAG(s) dict_keys(['example_skip_dag']) retrieved from /home/airflow/.local/lib/python3.7/site-packages/airflow/example_dags/example_skip_dag.py
[2022-02-25 06:54:18,700] {logging_mixin.py:109} INFO - [2022-02-25 06:54:18,699] {dag.py:2398} INFO - Sync 1 DAGs
[2022-02-25 06:54:18,725] {logging_mixin.py:109} INFO - [2022-02-25 06:54:18,725] {dag.py:2937} INFO - Setting next_dagrun for example_skip_dag to 2022-02-24T06:54:18.724887+00:00
[2022-02-25 06:54:18,746] {processor.py:171} INFO - Processing /home/airflow/.local/lib/python3.7/site-packages/airflow/example_dags/example_skip_dag.py took 0.139 seconds
[2022-02-25 06:54:49,376] {processor.py:163} INFO - Started process (PID=1214) to work on /home/airflow/.local/lib/python3.7/site-packages/airflow/example_dags/example_skip_dag.py
[2022-02-25 06:54:49,379] {processor.py:642} INFO - Processing file /home/airflow/.local/lib/python3.7/site-packages/airflow/example_dags/example_skip_dag.py for tasks to queue
[2022-02-25 06:54:49,382] {logging_mixin.py:109} INFO - [2022-02-25 06:54:49,381] {dagbag.py:500} INFO - Filling up the DagBag from /home/airflow/.local/lib/python3.7/site-packages/airflow/example_dags/example_skip_dag.py
[2022-02-25 06:54:49,429] {processor.py:654} INFO - DAG(s) dict_keys(['example_skip_dag']) retrieved from /home/airflow/.local/lib/python3.7/site-packages/airflow/example_dags/example_skip_dag.py
[2022-02-25 06:54:49,458] {logging_mixin.py:109} INFO - [2022-02-25 06:54:49,458] {dag.py:2398} INFO - Sync 1 DAGs
[2022-02-25 06:54:49,509] {logging_mixin.py:109} INFO - [2022-02-25 06:54:49,509] {dag.py:2937} INFO - Setting next_dagrun for example_skip_dag to 2022-02-24T06:54:49.508440+00:00
[2022-02-25 06:54:49,528] {processor.py:171} INFO - Processing /home/airflow/.local/lib/python3.7/site-packages/airflow/example_dags/example_skip_dag.py took 0.158 seconds
