[2022-02-25 06:52:06,541] {processor.py:163} INFO - Started process (PID=309) to work on /home/airflow/.local/lib/python3.7/site-packages/airflow/example_dags/tutorial.py
[2022-02-25 06:52:06,543] {processor.py:642} INFO - Processing file /home/airflow/.local/lib/python3.7/site-packages/airflow/example_dags/tutorial.py for tasks to queue
[2022-02-25 06:52:06,545] {logging_mixin.py:109} INFO - [2022-02-25 06:52:06,545] {dagbag.py:500} INFO - Filling up the DagBag from /home/airflow/.local/lib/python3.7/site-packages/airflow/example_dags/tutorial.py
[2022-02-25 06:52:06,587] {processor.py:654} INFO - DAG(s) dict_keys(['tutorial']) retrieved from /home/airflow/.local/lib/python3.7/site-packages/airflow/example_dags/tutorial.py
[2022-02-25 06:52:06,602] {logging_mixin.py:109} INFO - [2022-02-25 06:52:06,602] {dag.py:2398} INFO - Sync 1 DAGs
[2022-02-25 06:52:06,626] {logging_mixin.py:109} INFO - [2022-02-25 06:52:06,626] {dag.py:2937} INFO - Setting next_dagrun for tutorial to 2022-02-24T06:52:06.625713+00:00
[2022-02-25 06:52:06,646] {processor.py:171} INFO - Processing /home/airflow/.local/lib/python3.7/site-packages/airflow/example_dags/tutorial.py took 0.110 seconds
[2022-02-25 06:52:40,291] {processor.py:163} INFO - Started process (PID=496) to work on /home/airflow/.local/lib/python3.7/site-packages/airflow/example_dags/tutorial.py
[2022-02-25 06:52:40,294] {processor.py:642} INFO - Processing file /home/airflow/.local/lib/python3.7/site-packages/airflow/example_dags/tutorial.py for tasks to queue
[2022-02-25 06:52:40,297] {logging_mixin.py:109} INFO - [2022-02-25 06:52:40,297] {dagbag.py:500} INFO - Filling up the DagBag from /home/airflow/.local/lib/python3.7/site-packages/airflow/example_dags/tutorial.py
[2022-02-25 06:52:40,366] {processor.py:654} INFO - DAG(s) dict_keys(['tutorial']) retrieved from /home/airflow/.local/lib/python3.7/site-packages/airflow/example_dags/tutorial.py
[2022-02-25 06:52:40,380] {logging_mixin.py:109} INFO - [2022-02-25 06:52:40,380] {dag.py:2398} INFO - Sync 1 DAGs
[2022-02-25 06:52:40,399] {logging_mixin.py:109} INFO - [2022-02-25 06:52:40,399] {dag.py:2937} INFO - Setting next_dagrun for tutorial to 2022-02-24T06:52:40.399167+00:00
[2022-02-25 06:52:40,414] {processor.py:171} INFO - Processing /home/airflow/.local/lib/python3.7/site-packages/airflow/example_dags/tutorial.py took 0.131 seconds
[2022-02-25 06:53:18,523] {processor.py:163} INFO - Started process (PID=682) to work on /home/airflow/.local/lib/python3.7/site-packages/airflow/example_dags/tutorial.py
[2022-02-25 06:53:18,536] {processor.py:642} INFO - Processing file /home/airflow/.local/lib/python3.7/site-packages/airflow/example_dags/tutorial.py for tasks to queue
[2022-02-25 06:53:18,539] {logging_mixin.py:109} INFO - [2022-02-25 06:53:18,538] {dagbag.py:500} INFO - Filling up the DagBag from /home/airflow/.local/lib/python3.7/site-packages/airflow/example_dags/tutorial.py
[2022-02-25 06:53:18,644] {processor.py:654} INFO - DAG(s) dict_keys(['tutorial']) retrieved from /home/airflow/.local/lib/python3.7/site-packages/airflow/example_dags/tutorial.py
[2022-02-25 06:53:18,711] {logging_mixin.py:109} INFO - [2022-02-25 06:53:18,711] {dag.py:2398} INFO - Sync 1 DAGs
[2022-02-25 06:53:18,772] {logging_mixin.py:109} INFO - [2022-02-25 06:53:18,771] {dag.py:2937} INFO - Setting next_dagrun for tutorial to 2022-02-24T06:53:18.770762+00:00
[2022-02-25 06:53:18,795] {processor.py:171} INFO - Processing /home/airflow/.local/lib/python3.7/site-packages/airflow/example_dags/tutorial.py took 0.310 seconds
[2022-02-25 06:53:49,604] {processor.py:163} INFO - Started process (PID=865) to work on /home/airflow/.local/lib/python3.7/site-packages/airflow/example_dags/tutorial.py
[2022-02-25 06:53:49,606] {processor.py:642} INFO - Processing file /home/airflow/.local/lib/python3.7/site-packages/airflow/example_dags/tutorial.py for tasks to queue
[2022-02-25 06:53:49,608] {logging_mixin.py:109} INFO - [2022-02-25 06:53:49,608] {dagbag.py:500} INFO - Filling up the DagBag from /home/airflow/.local/lib/python3.7/site-packages/airflow/example_dags/tutorial.py
[2022-02-25 06:53:49,653] {processor.py:654} INFO - DAG(s) dict_keys(['tutorial']) retrieved from /home/airflow/.local/lib/python3.7/site-packages/airflow/example_dags/tutorial.py
[2022-02-25 06:53:49,665] {logging_mixin.py:109} INFO - [2022-02-25 06:53:49,665] {dag.py:2398} INFO - Sync 1 DAGs
[2022-02-25 06:53:49,684] {logging_mixin.py:109} INFO - [2022-02-25 06:53:49,684] {dag.py:2937} INFO - Setting next_dagrun for tutorial to 2022-02-24T06:53:49.684273+00:00
[2022-02-25 06:53:49,697] {processor.py:171} INFO - Processing /home/airflow/.local/lib/python3.7/site-packages/airflow/example_dags/tutorial.py took 0.098 seconds
[2022-02-25 06:54:19,980] {processor.py:163} INFO - Started process (PID=1048) to work on /home/airflow/.local/lib/python3.7/site-packages/airflow/example_dags/tutorial.py
[2022-02-25 06:54:19,984] {processor.py:642} INFO - Processing file /home/airflow/.local/lib/python3.7/site-packages/airflow/example_dags/tutorial.py for tasks to queue
[2022-02-25 06:54:19,986] {logging_mixin.py:109} INFO - [2022-02-25 06:54:19,986] {dagbag.py:500} INFO - Filling up the DagBag from /home/airflow/.local/lib/python3.7/site-packages/airflow/example_dags/tutorial.py
[2022-02-25 06:54:20,030] {processor.py:654} INFO - DAG(s) dict_keys(['tutorial']) retrieved from /home/airflow/.local/lib/python3.7/site-packages/airflow/example_dags/tutorial.py
[2022-02-25 06:54:20,043] {logging_mixin.py:109} INFO - [2022-02-25 06:54:20,043] {dag.py:2398} INFO - Sync 1 DAGs
[2022-02-25 06:54:20,063] {logging_mixin.py:109} INFO - [2022-02-25 06:54:20,063] {dag.py:2937} INFO - Setting next_dagrun for tutorial to 2022-02-24T06:54:20.063043+00:00
[2022-02-25 06:54:20,077] {processor.py:171} INFO - Processing /home/airflow/.local/lib/python3.7/site-packages/airflow/example_dags/tutorial.py took 0.100 seconds
[2022-02-25 06:54:50,542] {processor.py:163} INFO - Started process (PID=1242) to work on /home/airflow/.local/lib/python3.7/site-packages/airflow/example_dags/tutorial.py
[2022-02-25 06:54:50,547] {processor.py:642} INFO - Processing file /home/airflow/.local/lib/python3.7/site-packages/airflow/example_dags/tutorial.py for tasks to queue
[2022-02-25 06:54:50,550] {logging_mixin.py:109} INFO - [2022-02-25 06:54:50,550] {dagbag.py:500} INFO - Filling up the DagBag from /home/airflow/.local/lib/python3.7/site-packages/airflow/example_dags/tutorial.py
[2022-02-25 06:54:50,634] {processor.py:654} INFO - DAG(s) dict_keys(['tutorial']) retrieved from /home/airflow/.local/lib/python3.7/site-packages/airflow/example_dags/tutorial.py
[2022-02-25 06:54:50,658] {logging_mixin.py:109} INFO - [2022-02-25 06:54:50,658] {dag.py:2398} INFO - Sync 1 DAGs
[2022-02-25 06:54:50,710] {logging_mixin.py:109} INFO - [2022-02-25 06:54:50,710] {dag.py:2937} INFO - Setting next_dagrun for tutorial to 2022-02-24T06:54:50.709993+00:00
[2022-02-25 06:54:50,725] {processor.py:171} INFO - Processing /home/airflow/.local/lib/python3.7/site-packages/airflow/example_dags/tutorial.py took 0.196 seconds
