[2022-02-25 06:52:04,419] {processor.py:163} INFO - Started process (PID=255) to work on /home/airflow/.local/lib/python3.7/site-packages/airflow/example_dags/tutorial_etl_dag.py
[2022-02-25 06:52:04,424] {processor.py:642} INFO - Processing file /home/airflow/.local/lib/python3.7/site-packages/airflow/example_dags/tutorial_etl_dag.py for tasks to queue
[2022-02-25 06:52:04,427] {logging_mixin.py:109} INFO - [2022-02-25 06:52:04,427] {dagbag.py:500} INFO - Filling up the DagBag from /home/airflow/.local/lib/python3.7/site-packages/airflow/example_dags/tutorial_etl_dag.py
[2022-02-25 06:52:04,493] {processor.py:654} INFO - DAG(s) dict_keys(['tutorial_etl_dag']) retrieved from /home/airflow/.local/lib/python3.7/site-packages/airflow/example_dags/tutorial_etl_dag.py
[2022-02-25 06:52:04,524] {logging_mixin.py:109} INFO - [2022-02-25 06:52:04,523] {dag.py:2398} INFO - Sync 1 DAGs
[2022-02-25 06:52:04,555] {logging_mixin.py:109} INFO - [2022-02-25 06:52:04,555] {dag.py:2937} INFO - Setting next_dagrun for tutorial_etl_dag to None
[2022-02-25 06:52:04,574] {processor.py:171} INFO - Processing /home/airflow/.local/lib/python3.7/site-packages/airflow/example_dags/tutorial_etl_dag.py took 0.161 seconds
[2022-02-25 06:52:38,715] {processor.py:163} INFO - Started process (PID=441) to work on /home/airflow/.local/lib/python3.7/site-packages/airflow/example_dags/tutorial_etl_dag.py
[2022-02-25 06:52:38,721] {processor.py:642} INFO - Processing file /home/airflow/.local/lib/python3.7/site-packages/airflow/example_dags/tutorial_etl_dag.py for tasks to queue
[2022-02-25 06:52:38,725] {logging_mixin.py:109} INFO - [2022-02-25 06:52:38,725] {dagbag.py:500} INFO - Filling up the DagBag from /home/airflow/.local/lib/python3.7/site-packages/airflow/example_dags/tutorial_etl_dag.py
[2022-02-25 06:52:38,793] {processor.py:654} INFO - DAG(s) dict_keys(['tutorial_etl_dag']) retrieved from /home/airflow/.local/lib/python3.7/site-packages/airflow/example_dags/tutorial_etl_dag.py
[2022-02-25 06:52:38,811] {logging_mixin.py:109} INFO - [2022-02-25 06:52:38,811] {dag.py:2398} INFO - Sync 1 DAGs
[2022-02-25 06:52:38,865] {logging_mixin.py:109} INFO - [2022-02-25 06:52:38,865] {dag.py:2937} INFO - Setting next_dagrun for tutorial_etl_dag to None
[2022-02-25 06:52:38,887] {processor.py:171} INFO - Processing /home/airflow/.local/lib/python3.7/site-packages/airflow/example_dags/tutorial_etl_dag.py took 0.177 seconds
[2022-02-25 06:53:12,699] {processor.py:163} INFO - Started process (PID=627) to work on /home/airflow/.local/lib/python3.7/site-packages/airflow/example_dags/tutorial_etl_dag.py
[2022-02-25 06:53:12,704] {processor.py:642} INFO - Processing file /home/airflow/.local/lib/python3.7/site-packages/airflow/example_dags/tutorial_etl_dag.py for tasks to queue
[2022-02-25 06:53:12,710] {logging_mixin.py:109} INFO - [2022-02-25 06:53:12,709] {dagbag.py:500} INFO - Filling up the DagBag from /home/airflow/.local/lib/python3.7/site-packages/airflow/example_dags/tutorial_etl_dag.py
[2022-02-25 06:53:12,809] {processor.py:654} INFO - DAG(s) dict_keys(['tutorial_etl_dag']) retrieved from /home/airflow/.local/lib/python3.7/site-packages/airflow/example_dags/tutorial_etl_dag.py
[2022-02-25 06:53:12,832] {logging_mixin.py:109} INFO - [2022-02-25 06:53:12,832] {dag.py:2398} INFO - Sync 1 DAGs
[2022-02-25 06:53:12,888] {logging_mixin.py:109} INFO - [2022-02-25 06:53:12,888] {dag.py:2937} INFO - Setting next_dagrun for tutorial_etl_dag to None
[2022-02-25 06:53:12,980] {processor.py:171} INFO - Processing /home/airflow/.local/lib/python3.7/site-packages/airflow/example_dags/tutorial_etl_dag.py took 0.286 seconds
[2022-02-25 06:53:43,821] {processor.py:163} INFO - Started process (PID=810) to work on /home/airflow/.local/lib/python3.7/site-packages/airflow/example_dags/tutorial_etl_dag.py
[2022-02-25 06:53:43,824] {processor.py:642} INFO - Processing file /home/airflow/.local/lib/python3.7/site-packages/airflow/example_dags/tutorial_etl_dag.py for tasks to queue
[2022-02-25 06:53:43,825] {logging_mixin.py:109} INFO - [2022-02-25 06:53:43,825] {dagbag.py:500} INFO - Filling up the DagBag from /home/airflow/.local/lib/python3.7/site-packages/airflow/example_dags/tutorial_etl_dag.py
[2022-02-25 06:53:43,872] {processor.py:654} INFO - DAG(s) dict_keys(['tutorial_etl_dag']) retrieved from /home/airflow/.local/lib/python3.7/site-packages/airflow/example_dags/tutorial_etl_dag.py
[2022-02-25 06:53:43,887] {logging_mixin.py:109} INFO - [2022-02-25 06:53:43,886] {dag.py:2398} INFO - Sync 1 DAGs
[2022-02-25 06:53:43,914] {logging_mixin.py:109} INFO - [2022-02-25 06:53:43,914] {dag.py:2937} INFO - Setting next_dagrun for tutorial_etl_dag to None
[2022-02-25 06:53:43,930] {processor.py:171} INFO - Processing /home/airflow/.local/lib/python3.7/site-packages/airflow/example_dags/tutorial_etl_dag.py took 0.113 seconds
[2022-02-25 06:54:14,094] {processor.py:163} INFO - Started process (PID=996) to work on /home/airflow/.local/lib/python3.7/site-packages/airflow/example_dags/tutorial_etl_dag.py
[2022-02-25 06:54:14,097] {processor.py:642} INFO - Processing file /home/airflow/.local/lib/python3.7/site-packages/airflow/example_dags/tutorial_etl_dag.py for tasks to queue
[2022-02-25 06:54:14,099] {logging_mixin.py:109} INFO - [2022-02-25 06:54:14,099] {dagbag.py:500} INFO - Filling up the DagBag from /home/airflow/.local/lib/python3.7/site-packages/airflow/example_dags/tutorial_etl_dag.py
[2022-02-25 06:54:14,143] {processor.py:654} INFO - DAG(s) dict_keys(['tutorial_etl_dag']) retrieved from /home/airflow/.local/lib/python3.7/site-packages/airflow/example_dags/tutorial_etl_dag.py
[2022-02-25 06:54:14,155] {logging_mixin.py:109} INFO - [2022-02-25 06:54:14,155] {dag.py:2398} INFO - Sync 1 DAGs
[2022-02-25 06:54:14,174] {logging_mixin.py:109} INFO - [2022-02-25 06:54:14,173] {dag.py:2937} INFO - Setting next_dagrun for tutorial_etl_dag to None
[2022-02-25 06:54:14,189] {processor.py:171} INFO - Processing /home/airflow/.local/lib/python3.7/site-packages/airflow/example_dags/tutorial_etl_dag.py took 0.101 seconds
[2022-02-25 06:54:46,576] {processor.py:163} INFO - Started process (PID=1179) to work on /home/airflow/.local/lib/python3.7/site-packages/airflow/example_dags/tutorial_etl_dag.py
[2022-02-25 06:54:46,578] {processor.py:642} INFO - Processing file /home/airflow/.local/lib/python3.7/site-packages/airflow/example_dags/tutorial_etl_dag.py for tasks to queue
[2022-02-25 06:54:46,580] {logging_mixin.py:109} INFO - [2022-02-25 06:54:46,580] {dagbag.py:500} INFO - Filling up the DagBag from /home/airflow/.local/lib/python3.7/site-packages/airflow/example_dags/tutorial_etl_dag.py
[2022-02-25 06:54:46,639] {processor.py:654} INFO - DAG(s) dict_keys(['tutorial_etl_dag']) retrieved from /home/airflow/.local/lib/python3.7/site-packages/airflow/example_dags/tutorial_etl_dag.py
[2022-02-25 06:54:46,672] {logging_mixin.py:109} INFO - [2022-02-25 06:54:46,672] {dag.py:2398} INFO - Sync 1 DAGs
[2022-02-25 06:54:46,700] {logging_mixin.py:109} INFO - [2022-02-25 06:54:46,700] {dag.py:2937} INFO - Setting next_dagrun for tutorial_etl_dag to None
[2022-02-25 06:54:46,713] {processor.py:171} INFO - Processing /home/airflow/.local/lib/python3.7/site-packages/airflow/example_dags/tutorial_etl_dag.py took 0.141 seconds
