[2022-03-15 07:55:44,005] {taskinstance.py:1037} INFO - Dependencies all met for <TaskInstance: glue_poc.create_bucket scheduled__2022-03-13T00:00:00+00:00 [queued]>
[2022-03-15 07:55:44,109] {taskinstance.py:1037} INFO - Dependencies all met for <TaskInstance: glue_poc.create_bucket scheduled__2022-03-13T00:00:00+00:00 [queued]>
[2022-03-15 07:55:44,113] {taskinstance.py:1243} INFO - 
--------------------------------------------------------------------------------
[2022-03-15 07:55:44,117] {taskinstance.py:1244} INFO - Starting attempt 15 of 15
[2022-03-15 07:55:44,120] {taskinstance.py:1245} INFO - 
--------------------------------------------------------------------------------
[2022-03-15 07:55:44,186] {taskinstance.py:1264} INFO - Executing <Task(PythonOperator): create_bucket> on 2022-03-13 00:00:00+00:00
[2022-03-15 07:55:44,245] {standard_task_runner.py:52} INFO - Started process 12254 to run task
[2022-03-15 07:55:44,262] {standard_task_runner.py:76} INFO - Running: ['***', 'tasks', 'run', 'glue_poc', 'create_bucket', 'scheduled__2022-03-13T00:00:00+00:00', '--job-id', '155', '--raw', '--subdir', 'DAGS_FOLDER/glue_poc.py', '--cfg-path', '/tmp/tmpq1ycooc2', '--error-file', '/tmp/tmpbtn3zfa9']
[2022-03-15 07:55:44,266] {standard_task_runner.py:77} INFO - Job 155: Subtask create_bucket
[2022-03-15 07:55:44,647] {logging_mixin.py:109} INFO - Running <TaskInstance: glue_poc.create_bucket scheduled__2022-03-13T00:00:00+00:00 [running]> on host cdd2ec182991
[2022-03-15 07:55:45,141] {taskinstance.py:1431} INFO - Exporting the following env vars:
AIRFLOW_CTX_DAG_OWNER=***
AIRFLOW_CTX_DAG_ID=glue_poc
AIRFLOW_CTX_TASK_ID=create_bucket
AIRFLOW_CTX_EXECUTION_DATE=2022-03-13T00:00:00+00:00
AIRFLOW_CTX_DAG_RUN_ID=scheduled__2022-03-13T00:00:00+00:00
[2022-03-15 07:55:45,229] {base_aws.py:194} INFO - Credentials retrieved from extra_config
[2022-03-15 07:55:49,175] {python.py:175} INFO - Done. Returned value was: None
[2022-03-15 07:55:49,262] {taskinstance.py:1282} INFO - Marking task as SUCCESS. dag_id=glue_poc, task_id=create_bucket, execution_date=20220313T000000, start_date=20220315T075544, end_date=20220315T075549
[2022-03-15 07:55:49,531] {local_task_job.py:154} INFO - Task exited with return code 0
[2022-03-15 07:55:49,988] {local_task_job.py:264} INFO - 0 downstream tasks scheduled from follow-on schedule check
