[2022-03-14 08:01:23,608] {taskinstance.py:1037} INFO - Dependencies all met for <TaskInstance: glue_poc.create_bucket scheduled__2022-03-13T00:00:00+00:00 [queued]>
[2022-03-14 08:01:23,623] {taskinstance.py:1037} INFO - Dependencies all met for <TaskInstance: glue_poc.create_bucket scheduled__2022-03-13T00:00:00+00:00 [queued]>
[2022-03-14 08:01:23,624] {taskinstance.py:1243} INFO - 
--------------------------------------------------------------------------------
[2022-03-14 08:01:23,625] {taskinstance.py:1244} INFO - Starting attempt 2 of 2
[2022-03-14 08:01:23,626] {taskinstance.py:1245} INFO - 
--------------------------------------------------------------------------------
[2022-03-14 08:01:23,640] {taskinstance.py:1264} INFO - Executing <Task(S3CreateBucketOperator): create_bucket> on 2022-03-13 00:00:00+00:00
[2022-03-14 08:01:23,645] {standard_task_runner.py:52} INFO - Started process 336 to run task
[2022-03-14 08:01:23,650] {standard_task_runner.py:76} INFO - Running: ['***', 'tasks', 'run', 'glue_poc', 'create_bucket', 'scheduled__2022-03-13T00:00:00+00:00', '--job-id', '115', '--raw', '--subdir', 'DAGS_FOLDER/glue_poc.py', '--cfg-path', '/tmp/tmp8qlrkmht', '--error-file', '/tmp/tmptz6344vt']
[2022-03-14 08:01:23,652] {standard_task_runner.py:77} INFO - Job 115: Subtask create_bucket
[2022-03-14 08:01:23,725] {logging_mixin.py:109} INFO - Running <TaskInstance: glue_poc.create_bucket scheduled__2022-03-13T00:00:00+00:00 [running]> on host cdd2ec182991
[2022-03-14 08:01:23,796] {taskinstance.py:1431} INFO - Exporting the following env vars:
AIRFLOW_CTX_DAG_OWNER=***
AIRFLOW_CTX_DAG_ID=glue_poc
AIRFLOW_CTX_TASK_ID=create_bucket
AIRFLOW_CTX_EXECUTION_DATE=2022-03-13T00:00:00+00:00
AIRFLOW_CTX_DAG_RUN_ID=scheduled__2022-03-13T00:00:00+00:00
[2022-03-14 08:01:23,811] {base_aws.py:194} INFO - Credentials retrieved from extra_config
[2022-03-14 08:01:25,058] {s3.py:76} INFO - Bucket with name: s3bucket-through-***-task already exists
[2022-03-14 08:01:25,081] {taskinstance.py:1282} INFO - Marking task as SUCCESS. dag_id=glue_poc, task_id=create_bucket, execution_date=20220313T000000, start_date=20220314T080123, end_date=20220314T080125
[2022-03-14 08:01:25,154] {local_task_job.py:154} INFO - Task exited with return code 0
[2022-03-14 08:01:25,190] {local_task_job.py:264} INFO - 0 downstream tasks scheduled from follow-on schedule check
