[2022-03-15 10:32:26,248] {taskinstance.py:1037} INFO - Dependencies all met for <TaskInstance: glue_poc.create_bucket scheduled__2022-03-13T00:00:00+00:00 [queued]>
[2022-03-15 10:32:26,263] {taskinstance.py:1037} INFO - Dependencies all met for <TaskInstance: glue_poc.create_bucket scheduled__2022-03-13T00:00:00+00:00 [queued]>
[2022-03-15 10:32:26,264] {taskinstance.py:1243} INFO - 
--------------------------------------------------------------------------------
[2022-03-15 10:32:26,264] {taskinstance.py:1244} INFO - Starting attempt 21 of 21
[2022-03-15 10:32:26,265] {taskinstance.py:1245} INFO - 
--------------------------------------------------------------------------------
[2022-03-15 10:32:26,281] {taskinstance.py:1264} INFO - Executing <Task(PythonOperator): create_bucket> on 2022-03-13 00:00:00+00:00
[2022-03-15 10:32:26,287] {standard_task_runner.py:52} INFO - Started process 9469 to run task
[2022-03-15 10:32:26,293] {standard_task_runner.py:76} INFO - Running: ['***', 'tasks', 'run', 'glue_poc', 'create_bucket', 'scheduled__2022-03-13T00:00:00+00:00', '--job-id', '268', '--raw', '--subdir', 'DAGS_FOLDER/glue_poc.py', '--cfg-path', '/tmp/tmpyd8itte9', '--error-file', '/tmp/tmpomuqvy_l']
[2022-03-15 10:32:26,294] {standard_task_runner.py:77} INFO - Job 268: Subtask create_bucket
[2022-03-15 10:32:26,359] {logging_mixin.py:109} INFO - Running <TaskInstance: glue_poc.create_bucket scheduled__2022-03-13T00:00:00+00:00 [running]> on host 26f80f9099ae
[2022-03-15 10:32:26,425] {taskinstance.py:1431} INFO - Exporting the following env vars:
AIRFLOW_CTX_DAG_OWNER=***
AIRFLOW_CTX_DAG_ID=glue_poc
AIRFLOW_CTX_TASK_ID=create_bucket
AIRFLOW_CTX_EXECUTION_DATE=2022-03-13T00:00:00+00:00
AIRFLOW_CTX_DAG_RUN_ID=scheduled__2022-03-13T00:00:00+00:00
[2022-03-15 10:32:26,437] {base_aws.py:194} INFO - Credentials retrieved from extra_config
[2022-03-15 10:32:27,802] {python.py:175} INFO - Done. Returned value was: None
[2022-03-15 10:32:27,819] {taskinstance.py:1282} INFO - Marking task as SUCCESS. dag_id=glue_poc, task_id=create_bucket, execution_date=20220313T000000, start_date=20220315T103226, end_date=20220315T103227
[2022-03-15 10:32:27,876] {local_task_job.py:154} INFO - Task exited with return code 0
[2022-03-15 10:32:27,923] {local_task_job.py:264} INFO - 2 downstream tasks scheduled from follow-on schedule check
