[2022-02-28 00:15:50,100] {processor.py:163} INFO - Started process (PID=176) to work on /opt/airflow/dags/dataset/P1_Airline_Comparison.xlsx
[2022-02-28 00:15:50,103] {processor.py:642} INFO - Processing file /opt/airflow/dags/dataset/P1_Airline_Comparison.xlsx for tasks to queue
[2022-02-28 00:15:50,104] {logging_mixin.py:109} INFO - [2022-02-28 00:15:50,104] {dagbag.py:500} INFO - Filling up the DagBag from /opt/airflow/dags/dataset/P1_Airline_Comparison.xlsx
[2022-02-28 00:15:50,132] {processor.py:656} WARNING - No viable dags retrieved from /opt/airflow/dags/dataset/P1_Airline_Comparison.xlsx
[2022-02-28 00:15:50,141] {processor.py:171} INFO - Processing /opt/airflow/dags/dataset/P1_Airline_Comparison.xlsx took 0.045 seconds
[2022-02-28 00:16:20,925] {processor.py:163} INFO - Started process (PID=198) to work on /opt/airflow/dags/dataset/P1_Airline_Comparison.xlsx
[2022-02-28 00:16:20,929] {processor.py:642} INFO - Processing file /opt/airflow/dags/dataset/P1_Airline_Comparison.xlsx for tasks to queue
[2022-02-28 00:16:20,931] {logging_mixin.py:109} INFO - [2022-02-28 00:16:20,931] {dagbag.py:500} INFO - Filling up the DagBag from /opt/airflow/dags/dataset/P1_Airline_Comparison.xlsx
[2022-02-28 00:16:20,979] {processor.py:656} WARNING - No viable dags retrieved from /opt/airflow/dags/dataset/P1_Airline_Comparison.xlsx
[2022-02-28 00:16:20,985] {processor.py:171} INFO - Processing /opt/airflow/dags/dataset/P1_Airline_Comparison.xlsx took 0.066 seconds
[2022-02-28 00:16:51,035] {processor.py:163} INFO - Started process (PID=233) to work on /opt/airflow/dags/dataset/P1_Airline_Comparison.xlsx
[2022-02-28 00:16:51,037] {processor.py:642} INFO - Processing file /opt/airflow/dags/dataset/P1_Airline_Comparison.xlsx for tasks to queue
[2022-02-28 00:16:51,040] {logging_mixin.py:109} INFO - [2022-02-28 00:16:51,039] {dagbag.py:500} INFO - Filling up the DagBag from /opt/airflow/dags/dataset/P1_Airline_Comparison.xlsx
[2022-02-28 00:16:51,075] {processor.py:656} WARNING - No viable dags retrieved from /opt/airflow/dags/dataset/P1_Airline_Comparison.xlsx
[2022-02-28 00:16:51,080] {processor.py:171} INFO - Processing /opt/airflow/dags/dataset/P1_Airline_Comparison.xlsx took 0.048 seconds
[2022-02-28 00:17:21,256] {processor.py:163} INFO - Started process (PID=278) to work on /opt/airflow/dags/dataset/P1_Airline_Comparison.xlsx
[2022-02-28 00:17:21,258] {processor.py:642} INFO - Processing file /opt/airflow/dags/dataset/P1_Airline_Comparison.xlsx for tasks to queue
[2022-02-28 00:17:21,261] {logging_mixin.py:109} INFO - [2022-02-28 00:17:21,260] {dagbag.py:500} INFO - Filling up the DagBag from /opt/airflow/dags/dataset/P1_Airline_Comparison.xlsx
[2022-02-28 00:17:21,289] {processor.py:656} WARNING - No viable dags retrieved from /opt/airflow/dags/dataset/P1_Airline_Comparison.xlsx
[2022-02-28 00:17:21,295] {processor.py:171} INFO - Processing /opt/airflow/dags/dataset/P1_Airline_Comparison.xlsx took 0.043 seconds
[2022-02-28 00:17:51,510] {processor.py:163} INFO - Started process (PID=313) to work on /opt/airflow/dags/dataset/P1_Airline_Comparison.xlsx
[2022-02-28 00:17:51,512] {processor.py:642} INFO - Processing file /opt/airflow/dags/dataset/P1_Airline_Comparison.xlsx for tasks to queue
[2022-02-28 00:17:51,513] {logging_mixin.py:109} INFO - [2022-02-28 00:17:51,513] {dagbag.py:500} INFO - Filling up the DagBag from /opt/airflow/dags/dataset/P1_Airline_Comparison.xlsx
[2022-02-28 00:17:51,540] {processor.py:656} WARNING - No viable dags retrieved from /opt/airflow/dags/dataset/P1_Airline_Comparison.xlsx
[2022-02-28 00:17:51,546] {processor.py:171} INFO - Processing /opt/airflow/dags/dataset/P1_Airline_Comparison.xlsx took 0.040 seconds
[2022-02-28 00:18:21,689] {processor.py:163} INFO - Started process (PID=347) to work on /opt/airflow/dags/dataset/P1_Airline_Comparison.xlsx
[2022-02-28 00:18:21,691] {processor.py:642} INFO - Processing file /opt/airflow/dags/dataset/P1_Airline_Comparison.xlsx for tasks to queue
[2022-02-28 00:18:21,693] {logging_mixin.py:109} INFO - [2022-02-28 00:18:21,693] {dagbag.py:500} INFO - Filling up the DagBag from /opt/airflow/dags/dataset/P1_Airline_Comparison.xlsx
[2022-02-28 00:18:21,721] {processor.py:656} WARNING - No viable dags retrieved from /opt/airflow/dags/dataset/P1_Airline_Comparison.xlsx
[2022-02-28 00:18:21,726] {processor.py:171} INFO - Processing /opt/airflow/dags/dataset/P1_Airline_Comparison.xlsx took 0.041 seconds
[2022-02-28 00:18:51,927] {processor.py:163} INFO - Started process (PID=391) to work on /opt/airflow/dags/dataset/P1_Airline_Comparison.xlsx
[2022-02-28 00:18:51,931] {processor.py:642} INFO - Processing file /opt/airflow/dags/dataset/P1_Airline_Comparison.xlsx for tasks to queue
[2022-02-28 00:18:51,934] {logging_mixin.py:109} INFO - [2022-02-28 00:18:51,934] {dagbag.py:500} INFO - Filling up the DagBag from /opt/airflow/dags/dataset/P1_Airline_Comparison.xlsx
[2022-02-28 00:18:51,989] {processor.py:656} WARNING - No viable dags retrieved from /opt/airflow/dags/dataset/P1_Airline_Comparison.xlsx
[2022-02-28 00:18:52,004] {processor.py:171} INFO - Processing /opt/airflow/dags/dataset/P1_Airline_Comparison.xlsx took 0.086 seconds
[2022-02-28 00:19:22,153] {processor.py:163} INFO - Started process (PID=423) to work on /opt/airflow/dags/dataset/P1_Airline_Comparison.xlsx
[2022-02-28 00:19:22,155] {processor.py:642} INFO - Processing file /opt/airflow/dags/dataset/P1_Airline_Comparison.xlsx for tasks to queue
[2022-02-28 00:19:22,156] {logging_mixin.py:109} INFO - [2022-02-28 00:19:22,156] {dagbag.py:500} INFO - Filling up the DagBag from /opt/airflow/dags/dataset/P1_Airline_Comparison.xlsx
[2022-02-28 00:19:22,176] {processor.py:656} WARNING - No viable dags retrieved from /opt/airflow/dags/dataset/P1_Airline_Comparison.xlsx
[2022-02-28 00:19:22,180] {processor.py:171} INFO - Processing /opt/airflow/dags/dataset/P1_Airline_Comparison.xlsx took 0.031 seconds
[2022-02-28 00:19:52,290] {processor.py:163} INFO - Started process (PID=458) to work on /opt/airflow/dags/dataset/P1_Airline_Comparison.xlsx
[2022-02-28 00:19:52,292] {processor.py:642} INFO - Processing file /opt/airflow/dags/dataset/P1_Airline_Comparison.xlsx for tasks to queue
[2022-02-28 00:19:52,293] {logging_mixin.py:109} INFO - [2022-02-28 00:19:52,293] {dagbag.py:500} INFO - Filling up the DagBag from /opt/airflow/dags/dataset/P1_Airline_Comparison.xlsx
[2022-02-28 00:19:52,316] {processor.py:656} WARNING - No viable dags retrieved from /opt/airflow/dags/dataset/P1_Airline_Comparison.xlsx
[2022-02-28 00:19:52,320] {processor.py:171} INFO - Processing /opt/airflow/dags/dataset/P1_Airline_Comparison.xlsx took 0.034 seconds
[2022-02-28 00:20:22,360] {processor.py:163} INFO - Started process (PID=492) to work on /opt/airflow/dags/dataset/P1_Airline_Comparison.xlsx
[2022-02-28 00:20:22,368] {processor.py:642} INFO - Processing file /opt/airflow/dags/dataset/P1_Airline_Comparison.xlsx for tasks to queue
[2022-02-28 00:20:22,369] {logging_mixin.py:109} INFO - [2022-02-28 00:20:22,369] {dagbag.py:500} INFO - Filling up the DagBag from /opt/airflow/dags/dataset/P1_Airline_Comparison.xlsx
[2022-02-28 00:20:22,390] {processor.py:656} WARNING - No viable dags retrieved from /opt/airflow/dags/dataset/P1_Airline_Comparison.xlsx
[2022-02-28 00:20:22,394] {processor.py:171} INFO - Processing /opt/airflow/dags/dataset/P1_Airline_Comparison.xlsx took 0.039 seconds
[2022-02-28 00:20:52,500] {processor.py:163} INFO - Started process (PID=538) to work on /opt/airflow/dags/dataset/P1_Airline_Comparison.xlsx
[2022-02-28 00:20:52,508] {processor.py:642} INFO - Processing file /opt/airflow/dags/dataset/P1_Airline_Comparison.xlsx for tasks to queue
[2022-02-28 00:20:52,509] {logging_mixin.py:109} INFO - [2022-02-28 00:20:52,509] {dagbag.py:500} INFO - Filling up the DagBag from /opt/airflow/dags/dataset/P1_Airline_Comparison.xlsx
[2022-02-28 00:20:52,532] {processor.py:656} WARNING - No viable dags retrieved from /opt/airflow/dags/dataset/P1_Airline_Comparison.xlsx
[2022-02-28 00:20:52,537] {processor.py:171} INFO - Processing /opt/airflow/dags/dataset/P1_Airline_Comparison.xlsx took 0.041 seconds
[2022-02-28 00:21:22,631] {processor.py:163} INFO - Started process (PID=573) to work on /opt/airflow/dags/dataset/P1_Airline_Comparison.xlsx
[2022-02-28 00:21:22,639] {processor.py:642} INFO - Processing file /opt/airflow/dags/dataset/P1_Airline_Comparison.xlsx for tasks to queue
[2022-02-28 00:21:22,641] {logging_mixin.py:109} INFO - [2022-02-28 00:21:22,641] {dagbag.py:500} INFO - Filling up the DagBag from /opt/airflow/dags/dataset/P1_Airline_Comparison.xlsx
[2022-02-28 00:21:22,662] {processor.py:656} WARNING - No viable dags retrieved from /opt/airflow/dags/dataset/P1_Airline_Comparison.xlsx
[2022-02-28 00:21:22,665] {processor.py:171} INFO - Processing /opt/airflow/dags/dataset/P1_Airline_Comparison.xlsx took 0.040 seconds
[2022-02-28 00:21:52,815] {processor.py:163} INFO - Started process (PID=606) to work on /opt/airflow/dags/dataset/P1_Airline_Comparison.xlsx
[2022-02-28 00:21:52,819] {processor.py:642} INFO - Processing file /opt/airflow/dags/dataset/P1_Airline_Comparison.xlsx for tasks to queue
[2022-02-28 00:21:52,823] {logging_mixin.py:109} INFO - [2022-02-28 00:21:52,822] {dagbag.py:500} INFO - Filling up the DagBag from /opt/airflow/dags/dataset/P1_Airline_Comparison.xlsx
[2022-02-28 00:21:52,857] {processor.py:656} WARNING - No viable dags retrieved from /opt/airflow/dags/dataset/P1_Airline_Comparison.xlsx
[2022-02-28 00:21:52,862] {processor.py:171} INFO - Processing /opt/airflow/dags/dataset/P1_Airline_Comparison.xlsx took 0.052 seconds
[2022-02-28 00:22:22,975] {processor.py:163} INFO - Started process (PID=651) to work on /opt/airflow/dags/dataset/P1_Airline_Comparison.xlsx
[2022-02-28 00:22:22,981] {processor.py:642} INFO - Processing file /opt/airflow/dags/dataset/P1_Airline_Comparison.xlsx for tasks to queue
[2022-02-28 00:22:22,983] {logging_mixin.py:109} INFO - [2022-02-28 00:22:22,983] {dagbag.py:500} INFO - Filling up the DagBag from /opt/airflow/dags/dataset/P1_Airline_Comparison.xlsx
[2022-02-28 00:22:23,012] {processor.py:656} WARNING - No viable dags retrieved from /opt/airflow/dags/dataset/P1_Airline_Comparison.xlsx
[2022-02-28 00:22:23,018] {processor.py:171} INFO - Processing /opt/airflow/dags/dataset/P1_Airline_Comparison.xlsx took 0.048 seconds
[2022-02-28 00:22:53,123] {processor.py:163} INFO - Started process (PID=684) to work on /opt/airflow/dags/dataset/P1_Airline_Comparison.xlsx
[2022-02-28 00:22:53,125] {processor.py:642} INFO - Processing file /opt/airflow/dags/dataset/P1_Airline_Comparison.xlsx for tasks to queue
[2022-02-28 00:22:53,128] {logging_mixin.py:109} INFO - [2022-02-28 00:22:53,128] {dagbag.py:500} INFO - Filling up the DagBag from /opt/airflow/dags/dataset/P1_Airline_Comparison.xlsx
[2022-02-28 00:22:53,152] {processor.py:656} WARNING - No viable dags retrieved from /opt/airflow/dags/dataset/P1_Airline_Comparison.xlsx
[2022-02-28 00:22:53,157] {processor.py:171} INFO - Processing /opt/airflow/dags/dataset/P1_Airline_Comparison.xlsx took 0.038 seconds
[2022-02-28 00:23:23,251] {processor.py:163} INFO - Started process (PID=718) to work on /opt/airflow/dags/dataset/P1_Airline_Comparison.xlsx
[2022-02-28 00:23:23,254] {processor.py:642} INFO - Processing file /opt/airflow/dags/dataset/P1_Airline_Comparison.xlsx for tasks to queue
[2022-02-28 00:23:23,256] {logging_mixin.py:109} INFO - [2022-02-28 00:23:23,256] {dagbag.py:500} INFO - Filling up the DagBag from /opt/airflow/dags/dataset/P1_Airline_Comparison.xlsx
[2022-02-28 00:23:23,283] {processor.py:656} WARNING - No viable dags retrieved from /opt/airflow/dags/dataset/P1_Airline_Comparison.xlsx
[2022-02-28 00:23:23,290] {processor.py:171} INFO - Processing /opt/airflow/dags/dataset/P1_Airline_Comparison.xlsx took 0.044 seconds
[2022-02-28 00:23:53,383] {processor.py:163} INFO - Started process (PID=752) to work on /opt/airflow/dags/dataset/P1_Airline_Comparison.xlsx
[2022-02-28 00:23:53,385] {processor.py:642} INFO - Processing file /opt/airflow/dags/dataset/P1_Airline_Comparison.xlsx for tasks to queue
[2022-02-28 00:23:53,386] {logging_mixin.py:109} INFO - [2022-02-28 00:23:53,386] {dagbag.py:500} INFO - Filling up the DagBag from /opt/airflow/dags/dataset/P1_Airline_Comparison.xlsx
[2022-02-28 00:23:53,410] {processor.py:656} WARNING - No viable dags retrieved from /opt/airflow/dags/dataset/P1_Airline_Comparison.xlsx
[2022-02-28 00:23:53,415] {processor.py:171} INFO - Processing /opt/airflow/dags/dataset/P1_Airline_Comparison.xlsx took 0.037 seconds
[2022-02-28 00:24:23,512] {processor.py:163} INFO - Started process (PID=797) to work on /opt/airflow/dags/dataset/P1_Airline_Comparison.xlsx
[2022-02-28 00:24:23,514] {processor.py:642} INFO - Processing file /opt/airflow/dags/dataset/P1_Airline_Comparison.xlsx for tasks to queue
[2022-02-28 00:24:23,515] {logging_mixin.py:109} INFO - [2022-02-28 00:24:23,515] {dagbag.py:500} INFO - Filling up the DagBag from /opt/airflow/dags/dataset/P1_Airline_Comparison.xlsx
[2022-02-28 00:24:23,538] {processor.py:656} WARNING - No viable dags retrieved from /opt/airflow/dags/dataset/P1_Airline_Comparison.xlsx
[2022-02-28 00:24:23,543] {processor.py:171} INFO - Processing /opt/airflow/dags/dataset/P1_Airline_Comparison.xlsx took 0.035 seconds
[2022-02-28 00:24:53,649] {processor.py:163} INFO - Started process (PID=831) to work on /opt/airflow/dags/dataset/P1_Airline_Comparison.xlsx
[2022-02-28 00:24:53,657] {processor.py:642} INFO - Processing file /opt/airflow/dags/dataset/P1_Airline_Comparison.xlsx for tasks to queue
[2022-02-28 00:24:53,659] {logging_mixin.py:109} INFO - [2022-02-28 00:24:53,659] {dagbag.py:500} INFO - Filling up the DagBag from /opt/airflow/dags/dataset/P1_Airline_Comparison.xlsx
[2022-02-28 00:24:53,688] {processor.py:656} WARNING - No viable dags retrieved from /opt/airflow/dags/dataset/P1_Airline_Comparison.xlsx
[2022-02-28 00:24:53,694] {processor.py:171} INFO - Processing /opt/airflow/dags/dataset/P1_Airline_Comparison.xlsx took 0.050 seconds
[2022-02-28 00:25:23,800] {processor.py:163} INFO - Started process (PID=865) to work on /opt/airflow/dags/dataset/P1_Airline_Comparison.xlsx
[2022-02-28 00:25:23,802] {processor.py:642} INFO - Processing file /opt/airflow/dags/dataset/P1_Airline_Comparison.xlsx for tasks to queue
[2022-02-28 00:25:23,804] {logging_mixin.py:109} INFO - [2022-02-28 00:25:23,803] {dagbag.py:500} INFO - Filling up the DagBag from /opt/airflow/dags/dataset/P1_Airline_Comparison.xlsx
[2022-02-28 00:25:23,828] {processor.py:656} WARNING - No viable dags retrieved from /opt/airflow/dags/dataset/P1_Airline_Comparison.xlsx
[2022-02-28 00:25:23,834] {processor.py:171} INFO - Processing /opt/airflow/dags/dataset/P1_Airline_Comparison.xlsx took 0.038 seconds
[2022-02-28 00:28:32,946] {processor.py:163} INFO - Started process (PID=177) to work on /opt/airflow/dags/dataset/P1_Airline_Comparison.xlsx
[2022-02-28 00:28:32,949] {processor.py:642} INFO - Processing file /opt/airflow/dags/dataset/P1_Airline_Comparison.xlsx for tasks to queue
[2022-02-28 00:28:32,951] {logging_mixin.py:109} INFO - [2022-02-28 00:28:32,951] {dagbag.py:500} INFO - Filling up the DagBag from /opt/airflow/dags/dataset/P1_Airline_Comparison.xlsx
[2022-02-28 00:28:32,975] {processor.py:656} WARNING - No viable dags retrieved from /opt/airflow/dags/dataset/P1_Airline_Comparison.xlsx
[2022-02-28 00:28:32,982] {processor.py:171} INFO - Processing /opt/airflow/dags/dataset/P1_Airline_Comparison.xlsx took 0.043 seconds
[2022-02-28 00:29:03,111] {processor.py:163} INFO - Started process (PID=202) to work on /opt/airflow/dags/dataset/P1_Airline_Comparison.xlsx
[2022-02-28 00:29:03,116] {processor.py:642} INFO - Processing file /opt/airflow/dags/dataset/P1_Airline_Comparison.xlsx for tasks to queue
[2022-02-28 00:29:03,119] {logging_mixin.py:109} INFO - [2022-02-28 00:29:03,118] {dagbag.py:500} INFO - Filling up the DagBag from /opt/airflow/dags/dataset/P1_Airline_Comparison.xlsx
[2022-02-28 00:29:03,162] {processor.py:656} WARNING - No viable dags retrieved from /opt/airflow/dags/dataset/P1_Airline_Comparison.xlsx
[2022-02-28 00:29:03,171] {processor.py:171} INFO - Processing /opt/airflow/dags/dataset/P1_Airline_Comparison.xlsx took 0.070 seconds
[2022-02-28 00:29:33,439] {processor.py:163} INFO - Started process (PID=232) to work on /opt/airflow/dags/dataset/P1_Airline_Comparison.xlsx
[2022-02-28 00:29:33,443] {processor.py:642} INFO - Processing file /opt/airflow/dags/dataset/P1_Airline_Comparison.xlsx for tasks to queue
[2022-02-28 00:29:33,446] {logging_mixin.py:109} INFO - [2022-02-28 00:29:33,445] {dagbag.py:500} INFO - Filling up the DagBag from /opt/airflow/dags/dataset/P1_Airline_Comparison.xlsx
[2022-02-28 00:29:33,482] {processor.py:656} WARNING - No viable dags retrieved from /opt/airflow/dags/dataset/P1_Airline_Comparison.xlsx
[2022-02-28 00:29:33,487] {processor.py:171} INFO - Processing /opt/airflow/dags/dataset/P1_Airline_Comparison.xlsx took 0.058 seconds
[2022-02-28 00:30:03,787] {processor.py:163} INFO - Started process (PID=266) to work on /opt/airflow/dags/dataset/P1_Airline_Comparison.xlsx
[2022-02-28 00:30:03,792] {processor.py:642} INFO - Processing file /opt/airflow/dags/dataset/P1_Airline_Comparison.xlsx for tasks to queue
[2022-02-28 00:30:03,797] {logging_mixin.py:109} INFO - [2022-02-28 00:30:03,796] {dagbag.py:500} INFO - Filling up the DagBag from /opt/airflow/dags/dataset/P1_Airline_Comparison.xlsx
[2022-02-28 00:30:03,831] {processor.py:656} WARNING - No viable dags retrieved from /opt/airflow/dags/dataset/P1_Airline_Comparison.xlsx
[2022-02-28 00:30:03,839] {processor.py:171} INFO - Processing /opt/airflow/dags/dataset/P1_Airline_Comparison.xlsx took 0.081 seconds
[2022-02-28 00:30:33,954] {processor.py:163} INFO - Started process (PID=296) to work on /opt/airflow/dags/dataset/P1_Airline_Comparison.xlsx
[2022-02-28 00:30:33,956] {processor.py:642} INFO - Processing file /opt/airflow/dags/dataset/P1_Airline_Comparison.xlsx for tasks to queue
[2022-02-28 00:30:33,958] {logging_mixin.py:109} INFO - [2022-02-28 00:30:33,958] {dagbag.py:500} INFO - Filling up the DagBag from /opt/airflow/dags/dataset/P1_Airline_Comparison.xlsx
[2022-02-28 00:30:33,985] {processor.py:656} WARNING - No viable dags retrieved from /opt/airflow/dags/dataset/P1_Airline_Comparison.xlsx
[2022-02-28 00:30:33,989] {processor.py:171} INFO - Processing /opt/airflow/dags/dataset/P1_Airline_Comparison.xlsx took 0.039 seconds
[2022-02-28 00:31:04,118] {processor.py:163} INFO - Started process (PID=325) to work on /opt/airflow/dags/dataset/P1_Airline_Comparison.xlsx
[2022-02-28 00:31:04,120] {processor.py:642} INFO - Processing file /opt/airflow/dags/dataset/P1_Airline_Comparison.xlsx for tasks to queue
[2022-02-28 00:31:04,121] {logging_mixin.py:109} INFO - [2022-02-28 00:31:04,121] {dagbag.py:500} INFO - Filling up the DagBag from /opt/airflow/dags/dataset/P1_Airline_Comparison.xlsx
[2022-02-28 00:31:04,143] {processor.py:656} WARNING - No viable dags retrieved from /opt/airflow/dags/dataset/P1_Airline_Comparison.xlsx
[2022-02-28 00:31:04,146] {processor.py:171} INFO - Processing /opt/airflow/dags/dataset/P1_Airline_Comparison.xlsx took 0.032 seconds
[2022-02-28 00:31:34,264] {processor.py:163} INFO - Started process (PID=363) to work on /opt/airflow/dags/dataset/P1_Airline_Comparison.xlsx
[2022-02-28 00:31:34,265] {processor.py:642} INFO - Processing file /opt/airflow/dags/dataset/P1_Airline_Comparison.xlsx for tasks to queue
[2022-02-28 00:31:34,267] {logging_mixin.py:109} INFO - [2022-02-28 00:31:34,267] {dagbag.py:500} INFO - Filling up the DagBag from /opt/airflow/dags/dataset/P1_Airline_Comparison.xlsx
[2022-02-28 00:31:34,291] {processor.py:656} WARNING - No viable dags retrieved from /opt/airflow/dags/dataset/P1_Airline_Comparison.xlsx
[2022-02-28 00:31:34,295] {processor.py:171} INFO - Processing /opt/airflow/dags/dataset/P1_Airline_Comparison.xlsx took 0.036 seconds
[2022-02-28 00:32:04,405] {processor.py:163} INFO - Started process (PID=394) to work on /opt/airflow/dags/dataset/P1_Airline_Comparison.xlsx
[2022-02-28 00:32:04,408] {processor.py:642} INFO - Processing file /opt/airflow/dags/dataset/P1_Airline_Comparison.xlsx for tasks to queue
[2022-02-28 00:32:04,410] {logging_mixin.py:109} INFO - [2022-02-28 00:32:04,410] {dagbag.py:500} INFO - Filling up the DagBag from /opt/airflow/dags/dataset/P1_Airline_Comparison.xlsx
[2022-02-28 00:32:04,430] {processor.py:656} WARNING - No viable dags retrieved from /opt/airflow/dags/dataset/P1_Airline_Comparison.xlsx
[2022-02-28 00:32:04,436] {processor.py:171} INFO - Processing /opt/airflow/dags/dataset/P1_Airline_Comparison.xlsx took 0.038 seconds
[2022-02-28 00:32:34,535] {processor.py:163} INFO - Started process (PID=424) to work on /opt/airflow/dags/dataset/P1_Airline_Comparison.xlsx
[2022-02-28 00:32:34,537] {processor.py:642} INFO - Processing file /opt/airflow/dags/dataset/P1_Airline_Comparison.xlsx for tasks to queue
[2022-02-28 00:32:34,539] {logging_mixin.py:109} INFO - [2022-02-28 00:32:34,539] {dagbag.py:500} INFO - Filling up the DagBag from /opt/airflow/dags/dataset/P1_Airline_Comparison.xlsx
[2022-02-28 00:32:34,562] {processor.py:656} WARNING - No viable dags retrieved from /opt/airflow/dags/dataset/P1_Airline_Comparison.xlsx
[2022-02-28 00:32:34,566] {processor.py:171} INFO - Processing /opt/airflow/dags/dataset/P1_Airline_Comparison.xlsx took 0.035 seconds
[2022-02-28 00:33:04,678] {processor.py:163} INFO - Started process (PID=465) to work on /opt/airflow/dags/dataset/P1_Airline_Comparison.xlsx
[2022-02-28 00:33:04,680] {processor.py:642} INFO - Processing file /opt/airflow/dags/dataset/P1_Airline_Comparison.xlsx for tasks to queue
[2022-02-28 00:33:04,682] {logging_mixin.py:109} INFO - [2022-02-28 00:33:04,681] {dagbag.py:500} INFO - Filling up the DagBag from /opt/airflow/dags/dataset/P1_Airline_Comparison.xlsx
[2022-02-28 00:33:04,723] {processor.py:656} WARNING - No viable dags retrieved from /opt/airflow/dags/dataset/P1_Airline_Comparison.xlsx
[2022-02-28 00:33:04,729] {processor.py:171} INFO - Processing /opt/airflow/dags/dataset/P1_Airline_Comparison.xlsx took 0.057 seconds
[2022-02-28 00:33:34,826] {processor.py:163} INFO - Started process (PID=494) to work on /opt/airflow/dags/dataset/P1_Airline_Comparison.xlsx
[2022-02-28 00:33:34,828] {processor.py:642} INFO - Processing file /opt/airflow/dags/dataset/P1_Airline_Comparison.xlsx for tasks to queue
[2022-02-28 00:33:34,829] {logging_mixin.py:109} INFO - [2022-02-28 00:33:34,829] {dagbag.py:500} INFO - Filling up the DagBag from /opt/airflow/dags/dataset/P1_Airline_Comparison.xlsx
[2022-02-28 00:33:34,852] {processor.py:656} WARNING - No viable dags retrieved from /opt/airflow/dags/dataset/P1_Airline_Comparison.xlsx
[2022-02-28 00:33:34,872] {processor.py:171} INFO - Processing /opt/airflow/dags/dataset/P1_Airline_Comparison.xlsx took 0.051 seconds
[2022-02-28 00:34:04,973] {processor.py:163} INFO - Started process (PID=525) to work on /opt/airflow/dags/dataset/P1_Airline_Comparison.xlsx
[2022-02-28 00:34:04,975] {processor.py:642} INFO - Processing file /opt/airflow/dags/dataset/P1_Airline_Comparison.xlsx for tasks to queue
[2022-02-28 00:34:04,976] {logging_mixin.py:109} INFO - [2022-02-28 00:34:04,976] {dagbag.py:500} INFO - Filling up the DagBag from /opt/airflow/dags/dataset/P1_Airline_Comparison.xlsx
[2022-02-28 00:34:04,999] {processor.py:656} WARNING - No viable dags retrieved from /opt/airflow/dags/dataset/P1_Airline_Comparison.xlsx
[2022-02-28 00:34:05,004] {processor.py:171} INFO - Processing /opt/airflow/dags/dataset/P1_Airline_Comparison.xlsx took 0.035 seconds
[2022-02-28 00:34:35,096] {processor.py:163} INFO - Started process (PID=564) to work on /opt/airflow/dags/dataset/P1_Airline_Comparison.xlsx
[2022-02-28 00:34:35,099] {processor.py:642} INFO - Processing file /opt/airflow/dags/dataset/P1_Airline_Comparison.xlsx for tasks to queue
[2022-02-28 00:34:35,100] {logging_mixin.py:109} INFO - [2022-02-28 00:34:35,100] {dagbag.py:500} INFO - Filling up the DagBag from /opt/airflow/dags/dataset/P1_Airline_Comparison.xlsx
[2022-02-28 00:34:35,129] {processor.py:656} WARNING - No viable dags retrieved from /opt/airflow/dags/dataset/P1_Airline_Comparison.xlsx
[2022-02-28 00:34:35,135] {processor.py:171} INFO - Processing /opt/airflow/dags/dataset/P1_Airline_Comparison.xlsx took 0.045 seconds
[2022-02-28 00:35:05,201] {processor.py:163} INFO - Started process (PID=595) to work on /opt/airflow/dags/dataset/P1_Airline_Comparison.xlsx
[2022-02-28 00:35:05,204] {processor.py:642} INFO - Processing file /opt/airflow/dags/dataset/P1_Airline_Comparison.xlsx for tasks to queue
[2022-02-28 00:35:05,206] {logging_mixin.py:109} INFO - [2022-02-28 00:35:05,206] {dagbag.py:500} INFO - Filling up the DagBag from /opt/airflow/dags/dataset/P1_Airline_Comparison.xlsx
[2022-02-28 00:35:05,225] {processor.py:656} WARNING - No viable dags retrieved from /opt/airflow/dags/dataset/P1_Airline_Comparison.xlsx
[2022-02-28 00:35:05,229] {processor.py:171} INFO - Processing /opt/airflow/dags/dataset/P1_Airline_Comparison.xlsx took 0.032 seconds
[2022-02-28 00:35:35,325] {processor.py:163} INFO - Started process (PID=628) to work on /opt/airflow/dags/dataset/P1_Airline_Comparison.xlsx
[2022-02-28 00:35:35,328] {processor.py:642} INFO - Processing file /opt/airflow/dags/dataset/P1_Airline_Comparison.xlsx for tasks to queue
[2022-02-28 00:35:35,329] {logging_mixin.py:109} INFO - [2022-02-28 00:35:35,329] {dagbag.py:500} INFO - Filling up the DagBag from /opt/airflow/dags/dataset/P1_Airline_Comparison.xlsx
[2022-02-28 00:35:35,356] {processor.py:656} WARNING - No viable dags retrieved from /opt/airflow/dags/dataset/P1_Airline_Comparison.xlsx
[2022-02-28 00:35:35,360] {processor.py:171} INFO - Processing /opt/airflow/dags/dataset/P1_Airline_Comparison.xlsx took 0.040 seconds
[2022-02-28 00:36:05,482] {processor.py:163} INFO - Started process (PID=667) to work on /opt/airflow/dags/dataset/P1_Airline_Comparison.xlsx
[2022-02-28 00:36:05,484] {processor.py:642} INFO - Processing file /opt/airflow/dags/dataset/P1_Airline_Comparison.xlsx for tasks to queue
[2022-02-28 00:36:05,486] {logging_mixin.py:109} INFO - [2022-02-28 00:36:05,486] {dagbag.py:500} INFO - Filling up the DagBag from /opt/airflow/dags/dataset/P1_Airline_Comparison.xlsx
[2022-02-28 00:36:05,513] {processor.py:656} WARNING - No viable dags retrieved from /opt/airflow/dags/dataset/P1_Airline_Comparison.xlsx
[2022-02-28 00:36:05,519] {processor.py:171} INFO - Processing /opt/airflow/dags/dataset/P1_Airline_Comparison.xlsx took 0.040 seconds
[2022-02-28 00:36:35,645] {processor.py:163} INFO - Started process (PID=697) to work on /opt/airflow/dags/dataset/P1_Airline_Comparison.xlsx
[2022-02-28 00:36:35,647] {processor.py:642} INFO - Processing file /opt/airflow/dags/dataset/P1_Airline_Comparison.xlsx for tasks to queue
[2022-02-28 00:36:35,648] {logging_mixin.py:109} INFO - [2022-02-28 00:36:35,648] {dagbag.py:500} INFO - Filling up the DagBag from /opt/airflow/dags/dataset/P1_Airline_Comparison.xlsx
[2022-02-28 00:36:35,670] {processor.py:656} WARNING - No viable dags retrieved from /opt/airflow/dags/dataset/P1_Airline_Comparison.xlsx
[2022-02-28 00:36:35,673] {processor.py:171} INFO - Processing /opt/airflow/dags/dataset/P1_Airline_Comparison.xlsx took 0.033 seconds
[2022-02-28 00:37:05,770] {processor.py:163} INFO - Started process (PID=726) to work on /opt/airflow/dags/dataset/P1_Airline_Comparison.xlsx
[2022-02-28 00:37:05,772] {processor.py:642} INFO - Processing file /opt/airflow/dags/dataset/P1_Airline_Comparison.xlsx for tasks to queue
[2022-02-28 00:37:05,773] {logging_mixin.py:109} INFO - [2022-02-28 00:37:05,773] {dagbag.py:500} INFO - Filling up the DagBag from /opt/airflow/dags/dataset/P1_Airline_Comparison.xlsx
[2022-02-28 00:37:05,794] {processor.py:656} WARNING - No viable dags retrieved from /opt/airflow/dags/dataset/P1_Airline_Comparison.xlsx
[2022-02-28 00:37:05,798] {processor.py:171} INFO - Processing /opt/airflow/dags/dataset/P1_Airline_Comparison.xlsx took 0.032 seconds
[2022-02-28 00:37:35,936] {processor.py:163} INFO - Started process (PID=764) to work on /opt/airflow/dags/dataset/P1_Airline_Comparison.xlsx
[2022-02-28 00:37:35,941] {processor.py:642} INFO - Processing file /opt/airflow/dags/dataset/P1_Airline_Comparison.xlsx for tasks to queue
[2022-02-28 00:37:35,943] {logging_mixin.py:109} INFO - [2022-02-28 00:37:35,942] {dagbag.py:500} INFO - Filling up the DagBag from /opt/airflow/dags/dataset/P1_Airline_Comparison.xlsx
[2022-02-28 00:37:35,983] {processor.py:656} WARNING - No viable dags retrieved from /opt/airflow/dags/dataset/P1_Airline_Comparison.xlsx
[2022-02-28 00:37:35,990] {processor.py:171} INFO - Processing /opt/airflow/dags/dataset/P1_Airline_Comparison.xlsx took 0.059 seconds
[2022-02-28 00:38:06,190] {processor.py:163} INFO - Started process (PID=791) to work on /opt/airflow/dags/dataset/P1_Airline_Comparison.xlsx
[2022-02-28 00:38:06,191] {processor.py:642} INFO - Processing file /opt/airflow/dags/dataset/P1_Airline_Comparison.xlsx for tasks to queue
[2022-02-28 00:38:06,193] {logging_mixin.py:109} INFO - [2022-02-28 00:38:06,192] {dagbag.py:500} INFO - Filling up the DagBag from /opt/airflow/dags/dataset/P1_Airline_Comparison.xlsx
[2022-02-28 00:38:06,218] {processor.py:656} WARNING - No viable dags retrieved from /opt/airflow/dags/dataset/P1_Airline_Comparison.xlsx
[2022-02-28 00:38:06,224] {processor.py:171} INFO - Processing /opt/airflow/dags/dataset/P1_Airline_Comparison.xlsx took 0.038 seconds
[2022-02-28 00:38:36,434] {processor.py:163} INFO - Started process (PID=823) to work on /opt/airflow/dags/dataset/P1_Airline_Comparison.xlsx
[2022-02-28 00:38:36,436] {processor.py:642} INFO - Processing file /opt/airflow/dags/dataset/P1_Airline_Comparison.xlsx for tasks to queue
[2022-02-28 00:38:36,437] {logging_mixin.py:109} INFO - [2022-02-28 00:38:36,437] {dagbag.py:500} INFO - Filling up the DagBag from /opt/airflow/dags/dataset/P1_Airline_Comparison.xlsx
[2022-02-28 00:38:36,458] {processor.py:656} WARNING - No viable dags retrieved from /opt/airflow/dags/dataset/P1_Airline_Comparison.xlsx
[2022-02-28 00:38:36,461] {processor.py:171} INFO - Processing /opt/airflow/dags/dataset/P1_Airline_Comparison.xlsx took 0.031 seconds
[2022-02-28 00:39:06,597] {processor.py:163} INFO - Started process (PID=864) to work on /opt/airflow/dags/dataset/P1_Airline_Comparison.xlsx
[2022-02-28 00:39:06,599] {processor.py:642} INFO - Processing file /opt/airflow/dags/dataset/P1_Airline_Comparison.xlsx for tasks to queue
[2022-02-28 00:39:06,600] {logging_mixin.py:109} INFO - [2022-02-28 00:39:06,600] {dagbag.py:500} INFO - Filling up the DagBag from /opt/airflow/dags/dataset/P1_Airline_Comparison.xlsx
[2022-02-28 00:39:06,622] {processor.py:656} WARNING - No viable dags retrieved from /opt/airflow/dags/dataset/P1_Airline_Comparison.xlsx
[2022-02-28 00:39:06,626] {processor.py:171} INFO - Processing /opt/airflow/dags/dataset/P1_Airline_Comparison.xlsx took 0.033 seconds
[2022-02-28 00:39:37,015] {processor.py:163} INFO - Started process (PID=900) to work on /opt/airflow/dags/dataset/P1_Airline_Comparison.xlsx
[2022-02-28 00:39:37,023] {processor.py:642} INFO - Processing file /opt/airflow/dags/dataset/P1_Airline_Comparison.xlsx for tasks to queue
[2022-02-28 00:39:37,024] {logging_mixin.py:109} INFO - [2022-02-28 00:39:37,024] {dagbag.py:500} INFO - Filling up the DagBag from /opt/airflow/dags/dataset/P1_Airline_Comparison.xlsx
[2022-02-28 00:39:37,051] {processor.py:656} WARNING - No viable dags retrieved from /opt/airflow/dags/dataset/P1_Airline_Comparison.xlsx
[2022-02-28 00:39:37,055] {processor.py:171} INFO - Processing /opt/airflow/dags/dataset/P1_Airline_Comparison.xlsx took 0.046 seconds
[2022-02-28 00:40:07,191] {processor.py:163} INFO - Started process (PID=931) to work on /opt/airflow/dags/dataset/P1_Airline_Comparison.xlsx
[2022-02-28 00:40:07,201] {processor.py:642} INFO - Processing file /opt/airflow/dags/dataset/P1_Airline_Comparison.xlsx for tasks to queue
[2022-02-28 00:40:07,203] {logging_mixin.py:109} INFO - [2022-02-28 00:40:07,203] {dagbag.py:500} INFO - Filling up the DagBag from /opt/airflow/dags/dataset/P1_Airline_Comparison.xlsx
[2022-02-28 00:40:07,229] {processor.py:656} WARNING - No viable dags retrieved from /opt/airflow/dags/dataset/P1_Airline_Comparison.xlsx
[2022-02-28 00:40:07,236] {processor.py:171} INFO - Processing /opt/airflow/dags/dataset/P1_Airline_Comparison.xlsx took 0.049 seconds
[2022-02-28 00:40:37,368] {processor.py:163} INFO - Started process (PID=973) to work on /opt/airflow/dags/dataset/P1_Airline_Comparison.xlsx
[2022-02-28 00:40:37,370] {processor.py:642} INFO - Processing file /opt/airflow/dags/dataset/P1_Airline_Comparison.xlsx for tasks to queue
[2022-02-28 00:40:37,373] {logging_mixin.py:109} INFO - [2022-02-28 00:40:37,373] {dagbag.py:500} INFO - Filling up the DagBag from /opt/airflow/dags/dataset/P1_Airline_Comparison.xlsx
[2022-02-28 00:40:37,399] {processor.py:656} WARNING - No viable dags retrieved from /opt/airflow/dags/dataset/P1_Airline_Comparison.xlsx
[2022-02-28 00:40:37,403] {processor.py:171} INFO - Processing /opt/airflow/dags/dataset/P1_Airline_Comparison.xlsx took 0.039 seconds
[2022-02-28 00:41:07,546] {processor.py:163} INFO - Started process (PID=1004) to work on /opt/airflow/dags/dataset/P1_Airline_Comparison.xlsx
[2022-02-28 00:41:07,548] {processor.py:642} INFO - Processing file /opt/airflow/dags/dataset/P1_Airline_Comparison.xlsx for tasks to queue
[2022-02-28 00:41:07,549] {logging_mixin.py:109} INFO - [2022-02-28 00:41:07,549] {dagbag.py:500} INFO - Filling up the DagBag from /opt/airflow/dags/dataset/P1_Airline_Comparison.xlsx
[2022-02-28 00:41:07,571] {processor.py:656} WARNING - No viable dags retrieved from /opt/airflow/dags/dataset/P1_Airline_Comparison.xlsx
[2022-02-28 00:41:07,575] {processor.py:171} INFO - Processing /opt/airflow/dags/dataset/P1_Airline_Comparison.xlsx took 0.033 seconds
[2022-02-28 00:41:37,742] {processor.py:163} INFO - Started process (PID=1033) to work on /opt/airflow/dags/dataset/P1_Airline_Comparison.xlsx
[2022-02-28 00:41:37,744] {processor.py:642} INFO - Processing file /opt/airflow/dags/dataset/P1_Airline_Comparison.xlsx for tasks to queue
[2022-02-28 00:41:37,745] {logging_mixin.py:109} INFO - [2022-02-28 00:41:37,745] {dagbag.py:500} INFO - Filling up the DagBag from /opt/airflow/dags/dataset/P1_Airline_Comparison.xlsx
[2022-02-28 00:41:37,766] {processor.py:656} WARNING - No viable dags retrieved from /opt/airflow/dags/dataset/P1_Airline_Comparison.xlsx
[2022-02-28 00:41:37,772] {processor.py:171} INFO - Processing /opt/airflow/dags/dataset/P1_Airline_Comparison.xlsx took 0.034 seconds
[2022-02-28 00:42:07,914] {processor.py:163} INFO - Started process (PID=1063) to work on /opt/airflow/dags/dataset/P1_Airline_Comparison.xlsx
[2022-02-28 00:42:07,916] {processor.py:642} INFO - Processing file /opt/airflow/dags/dataset/P1_Airline_Comparison.xlsx for tasks to queue
[2022-02-28 00:42:07,917] {logging_mixin.py:109} INFO - [2022-02-28 00:42:07,917] {dagbag.py:500} INFO - Filling up the DagBag from /opt/airflow/dags/dataset/P1_Airline_Comparison.xlsx
[2022-02-28 00:42:08,040] {processor.py:656} WARNING - No viable dags retrieved from /opt/airflow/dags/dataset/P1_Airline_Comparison.xlsx
[2022-02-28 00:42:08,044] {processor.py:171} INFO - Processing /opt/airflow/dags/dataset/P1_Airline_Comparison.xlsx took 0.134 seconds
[2022-02-28 00:42:38,158] {processor.py:163} INFO - Started process (PID=1103) to work on /opt/airflow/dags/dataset/P1_Airline_Comparison.xlsx
[2022-02-28 00:42:38,161] {processor.py:642} INFO - Processing file /opt/airflow/dags/dataset/P1_Airline_Comparison.xlsx for tasks to queue
[2022-02-28 00:42:38,163] {logging_mixin.py:109} INFO - [2022-02-28 00:42:38,163] {dagbag.py:500} INFO - Filling up the DagBag from /opt/airflow/dags/dataset/P1_Airline_Comparison.xlsx
[2022-02-28 00:42:38,192] {processor.py:656} WARNING - No viable dags retrieved from /opt/airflow/dags/dataset/P1_Airline_Comparison.xlsx
[2022-02-28 00:42:38,198] {processor.py:171} INFO - Processing /opt/airflow/dags/dataset/P1_Airline_Comparison.xlsx took 0.044 seconds
[2022-02-28 00:43:08,312] {processor.py:163} INFO - Started process (PID=1133) to work on /opt/airflow/dags/dataset/P1_Airline_Comparison.xlsx
[2022-02-28 00:43:08,314] {processor.py:642} INFO - Processing file /opt/airflow/dags/dataset/P1_Airline_Comparison.xlsx for tasks to queue
[2022-02-28 00:43:08,315] {logging_mixin.py:109} INFO - [2022-02-28 00:43:08,315] {dagbag.py:500} INFO - Filling up the DagBag from /opt/airflow/dags/dataset/P1_Airline_Comparison.xlsx
[2022-02-28 00:43:08,336] {processor.py:656} WARNING - No viable dags retrieved from /opt/airflow/dags/dataset/P1_Airline_Comparison.xlsx
[2022-02-28 00:43:08,341] {processor.py:171} INFO - Processing /opt/airflow/dags/dataset/P1_Airline_Comparison.xlsx took 0.034 seconds
[2022-02-28 00:43:38,395] {processor.py:163} INFO - Started process (PID=1163) to work on /opt/airflow/dags/dataset/P1_Airline_Comparison.xlsx
[2022-02-28 00:43:38,397] {processor.py:642} INFO - Processing file /opt/airflow/dags/dataset/P1_Airline_Comparison.xlsx for tasks to queue
[2022-02-28 00:43:38,398] {logging_mixin.py:109} INFO - [2022-02-28 00:43:38,398] {dagbag.py:500} INFO - Filling up the DagBag from /opt/airflow/dags/dataset/P1_Airline_Comparison.xlsx
[2022-02-28 00:43:38,421] {processor.py:656} WARNING - No viable dags retrieved from /opt/airflow/dags/dataset/P1_Airline_Comparison.xlsx
[2022-02-28 00:43:38,425] {processor.py:171} INFO - Processing /opt/airflow/dags/dataset/P1_Airline_Comparison.xlsx took 0.035 seconds
[2022-02-28 00:44:08,560] {processor.py:163} INFO - Started process (PID=1203) to work on /opt/airflow/dags/dataset/P1_Airline_Comparison.xlsx
[2022-02-28 00:44:08,562] {processor.py:642} INFO - Processing file /opt/airflow/dags/dataset/P1_Airline_Comparison.xlsx for tasks to queue
[2022-02-28 00:44:08,565] {logging_mixin.py:109} INFO - [2022-02-28 00:44:08,564] {dagbag.py:500} INFO - Filling up the DagBag from /opt/airflow/dags/dataset/P1_Airline_Comparison.xlsx
[2022-02-28 00:44:08,595] {processor.py:656} WARNING - No viable dags retrieved from /opt/airflow/dags/dataset/P1_Airline_Comparison.xlsx
[2022-02-28 00:44:08,602] {processor.py:171} INFO - Processing /opt/airflow/dags/dataset/P1_Airline_Comparison.xlsx took 0.048 seconds
[2022-02-28 00:44:38,693] {processor.py:163} INFO - Started process (PID=1232) to work on /opt/airflow/dags/dataset/P1_Airline_Comparison.xlsx
[2022-02-28 00:44:38,695] {processor.py:642} INFO - Processing file /opt/airflow/dags/dataset/P1_Airline_Comparison.xlsx for tasks to queue
[2022-02-28 00:44:38,696] {logging_mixin.py:109} INFO - [2022-02-28 00:44:38,696] {dagbag.py:500} INFO - Filling up the DagBag from /opt/airflow/dags/dataset/P1_Airline_Comparison.xlsx
[2022-02-28 00:44:38,720] {processor.py:656} WARNING - No viable dags retrieved from /opt/airflow/dags/dataset/P1_Airline_Comparison.xlsx
[2022-02-28 00:44:38,724] {processor.py:171} INFO - Processing /opt/airflow/dags/dataset/P1_Airline_Comparison.xlsx took 0.037 seconds
[2022-02-28 00:45:08,892] {processor.py:163} INFO - Started process (PID=1260) to work on /opt/airflow/dags/dataset/P1_Airline_Comparison.xlsx
[2022-02-28 00:45:08,895] {processor.py:642} INFO - Processing file /opt/airflow/dags/dataset/P1_Airline_Comparison.xlsx for tasks to queue
[2022-02-28 00:45:08,897] {logging_mixin.py:109} INFO - [2022-02-28 00:45:08,897] {dagbag.py:500} INFO - Filling up the DagBag from /opt/airflow/dags/dataset/P1_Airline_Comparison.xlsx
[2022-02-28 00:45:08,918] {processor.py:656} WARNING - No viable dags retrieved from /opt/airflow/dags/dataset/P1_Airline_Comparison.xlsx
[2022-02-28 00:45:08,922] {processor.py:171} INFO - Processing /opt/airflow/dags/dataset/P1_Airline_Comparison.xlsx took 0.035 seconds
